WARNING - Different labels found for UBERON:0003889. Uberongraph: fallopian tube ; ASCT+b table: 
WARNING - Different labels found for UBERON:0003984. Uberongraph: uterine tube infundibulum ; ASCT+b table: 
WARNING - Different labels found for UBERON:0012331. Uberongraph: mesosalpinx ; ASCT+b table: 
WARNING - Different labels found for UBERON:0012648. Uberongraph: ampulla of uterine tube ; ASCT+b table: 
WARNING - Different labels found for UBERON:0016632. Uberongraph: isthmus of fallopian tube ; ASCT+b table: 
WARNING - Different labels found for UBERON:8410010. Uberongraph: fimbria of uterine tube ; ASCT+b table: 
WARNING - No valid ID provided for '', label: , user_label: B cell
WARNING - No valid ID provided for '', label: , user_label: CD4+ T-cell
WARNING - No valid ID provided for '', label: , user_label: CD8+ T-cells
WARNING - No valid ID provided for '', label: , user_label: Endothelial cell
WARNING - No valid ID provided for '', label: , user_label: Fibroblast
WARNING - No valid ID provided for '', label: , user_label: Langerhans cell
WARNING - No valid ID provided for '', label: , user_label: Natural killer cell
WARNING - No valid ID provided for '', label: , user_label: ciliated epithelial cell
WARNING - No valid ID provided for '', label: , user_label: dendritic cell
WARNING - No valid ID provided for '', label: , user_label: epithelial cell
WARNING - No valid ID provided for '', label: , user_label: fibroblast-mesenchymal cell
WARNING - No valid ID provided for '', label: , user_label: fluid of Fallopian tube ampulla
WARNING - No valid ID provided for '', label: , user_label: fluid of Fallopian tube fimbria
WARNING - No valid ID provided for '', label: , user_label: fluid of Fallopian tube infundibulum
WARNING - No valid ID provided for '', label: , user_label: fluid of Fallopian tube isthmus
WARNING - No valid ID provided for '', label: , user_label: intercalary cell
WARNING - No valid ID provided for '', label: , user_label: intramural segment of Fallopian tube
WARNING - No valid ID provided for '', label: , user_label: lamina propria Fallopian tube ampulla
WARNING - No valid ID provided for '', label: , user_label: lamina propria of Fallopian tube fimbria
WARNING - No valid ID provided for '', label: , user_label: lamina propria of Fallopian tube infundibulum
WARNING - No valid ID provided for '', label: , user_label: lamina propria of Fallopian tube isthmus
WARNING - No valid ID provided for '', label: , user_label: macrophage
WARNING - No valid ID provided for '', label: , user_label: mast cell
WARNING - No valid ID provided for '', label: , user_label: mesothelium of mesosalpinx
WARNING - No valid ID provided for '', label: , user_label: monocyte
WARNING - No valid ID provided for '', label: , user_label: mucosa of Fallopian tube ampulla
WARNING - No valid ID provided for '', label: , user_label: mucosa of Fallopian tube fimbria
WARNING - No valid ID provided for '', label: , user_label: mucosa of Fallopian tube infundibulum
WARNING - No valid ID provided for '', label: , user_label: mucosa of Fallopian tube intramural segment
WARNING - No valid ID provided for '', label: , user_label: mucosa of Fallopian tube isthmus
WARNING - No valid ID provided for '', label: , user_label: muscle layer of oviduct ampulla
WARNING - No valid ID provided for '', label: , user_label: muscle layer of oviduct infundibulum
WARNING - No valid ID provided for '', label: , user_label: muscle layer of oviduct intramural segment
WARNING - No valid ID provided for '', label: , user_label: muscle layer of oviduct isthmus
WARNING - No valid ID provided for '', label: , user_label: nerve of Fallopian tube ampulla
WARNING - No valid ID provided for '', label: , user_label: nerve of Fallopian tube fimbria
WARNING - No valid ID provided for '', label: , user_label: nerve of Fallopian tube infundibulum
WARNING - No valid ID provided for '', label: , user_label: nerve of Fallopian tube isthmus
WARNING - No valid ID provided for '', label: , user_label: neutrophil
WARNING - No valid ID provided for '', label: , user_label: plasma cell
WARNING - No valid ID provided for '', label: , user_label: plica of Fallopian tube ampulla
WARNING - No valid ID provided for '', label: , user_label: plica of Fallopian tube infundibulum
WARNING - No valid ID provided for '', label: , user_label: plica of Fallopian tube intramural segment
WARNING - No valid ID provided for '', label: , user_label: plica of Fallopian tube isthmus
WARNING - No valid ID provided for '', label: , user_label: secretory epithelial cell
WARNING - No valid ID provided for '', label: , user_label: serous membrane lining of mesosalpinx
WARNING - No valid ID provided for '', label: , user_label: vasculature of Fallopian tube ampulla
WARNING - No valid ID provided for '', label: , user_label: vasculature of Fallopian tube fimbria
WARNING - No valid ID provided for '', label: , user_label: vasculature of Fallopian tube infundibulum
WARNING - No valid ID provided for '', label: , user_label: vasculature of Fallopian tube isthmus
WARNING - No valid ID provided for '', label: , user_label: wall of Fallopian tube ampulla
WARNING - No valid ID provided for '', label: , user_label: wall of Fallopian tube infundibulum
WARNING - No valid ID provided for '', label: , user_label: wall of Fallopian tube intramural segment
WARNING - No valid ID provided for '', label: , user_label: wall of Fallopian tube isthmus
