WARNING - Different labels found for CL:0000094. Uberongraph: granulocyte ; ASCT+b table: neutrophil
WARNING - Different labels found for CL:0000158. Uberongraph: club cell ; ASCT+b table: club cell of bronchiole
WARNING - Different labels found for CL:0000186. Uberongraph: myofibroblast cell ; ASCT+b table: secondary crest myofibroblasts
WARNING - Different labels found for CL:0000192. Uberongraph: smooth muscle cell ; ASCT+b table: airway smooth muscle cells
WARNING - Different labels found for CL:0000313. Uberongraph: serous secreting cell ; ASCT+b table: serous cell of submucosal glands
WARNING - Different labels found for CL:0000484. Uberongraph: connective tissue type mast cell ; ASCT+b table: connective tissue mast cell
WARNING - Different labels found for CL:0000556. Uberongraph: megakaryocyte ; ASCT+b table: lung megakaryocyte
WARNING - Different labels found for CL:0000623. Uberongraph: natural killer cell ; ASCT+b table: natural killer
WARNING - Different labels found for CL:0000814. Uberongraph: mature NK T cell ; ASCT+b table: NK T cell
WARNING - Different labels found for CL:0000895. Uberongraph: naive thymus-derived CD4-positive, alpha-beta T cell ; ASCT+b table: CD4+ T cell naive
WARNING - Different labels found for CL:0000900. Uberongraph: naive thymus-derived CD8-positive, alpha-beta T cell ; ASCT+b table: CD8+ T cell naive
WARNING - Different labels found for CL:0000905. Uberongraph: effector memory CD4-positive, alpha-beta T cell ; ASCT+b table: CD4+ T cell effector memory
WARNING - Different labels found for CL:0000913. Uberongraph: effector memory CD8-positive, alpha-beta T cell ; ASCT+b table: CD8+ T cell effector memory
WARNING - Different labels found for CL:0000938. Uberongraph: CD16-negative, CD56-bright natural killer cell, human ; ASCT+b table: NK CD56bright
WARNING - Different labels found for CL:0002394. Uberongraph: CD141-positive myeloid dendritic cell ; ASCT+b table: myeloid dendritic cell cDC1
WARNING - Different labels found for CL:0002399. Uberongraph: CD1c-positive myeloid dendritic cell ; ASCT+b table: myeloid dendritic cell cDC2
WARNING - Different labels found for CL:0002591. Uberongraph: smooth muscle cell of the pulmonary artery ; ASCT+b table: smooth muscle cell of pulmonary artery
WARNING - Different labels found for CL:1000329. Uberongraph: tracheal goblet cell ; ASCT+b table: goblet cell of epithelium of trachea
WARNING - Different labels found for CL:1000350. Uberongraph: basal cell of epithelium of terminal bronchiole ; ASCT+b table: basal epithelial cell of terminal bronchiole
WARNING - Different labels found for CL:1000352. Uberongraph: basal cell of epithelium of lobular bronchiole ; ASCT+b table: basal epithelial cell of lobular bronchiole
WARNING - Different labels found for CL:1000413. Uberongraph: endothelial cell of artery ; ASCT+b table: arterial endothelial cell
WARNING - Different labels found for CL:1001566. Uberongraph: obsolete bronchioalveolar stem cells ; ASCT+b table: bronchioalveolar stem cell
WARNING - Different labels found for CL:4028002. Uberongraph: alveolar capillary type 1 endothelial cell ; ASCT+b table: capillary endothelial cell 1
WARNING - Different labels found for CL:4028003. Uberongraph: alveolar capillary type 2 endothelial cell ; ASCT+b table: capillary endothelial cell 2
WARNING - Different labels found for CL:4028004. Uberongraph: alveolar type 1 fibroblast cell ; ASCT+b table: alveolar type 1 fibroblast
WARNING - Different labels found for CL:4028006. Uberongraph: alveolar type 2 fibroblast cell ; ASCT+b table: alveolar type 2 fibroblast
WARNING - Different labels found for UBERON:0002299. Uberongraph: alveolus of lung ; ASCT+b table: pulmonary alveolus
WARNING - Different labels found for UBERON:0005203. Uberongraph: trachea gland ; ASCT+b table: tracheal submucosal gland
WARNING - Different labels found for UBERON:0007196. Uberongraph: tracheobronchial tree ; ASCT+b table: tracheobroncheal tree 
WARNING - Different labels found for UBERON:0008886. Uberongraph: pulmonary vascular system ; ASCT+b table: Pulmonary Vascular System 
WARNING - No valid ID provided for '', label: , user_label: 4th, 5th and 6th order segmental bronchi
WARNING - No valid ID provided for '', label: , user_label: CD4+ T cell resident memory
WARNING - No valid ID provided for '', label: , user_label: CD8+ T cell resident memory
WARNING - No valid ID provided for '', label: , user_label: airway deuterosomal cell
WARNING - No valid ID provided for '', label: , user_label: airway deuterosomal cell 
WARNING - No valid ID provided for '', label: , user_label: alveolar macrophage CCL3+
WARNING - No valid ID provided for '', label: , user_label: alveolar macrophage MT-positive
WARNING - No valid ID provided for '', label: , user_label: alveolar macrophage proliferating
WARNING - No valid ID provided for '', label: , user_label: ciliated ducts of bronchial submucosal gland
WARNING - No valid ID provided for '', label: , user_label: collecting ducts of tracheal submucosal gland
WARNING - No valid ID provided for '', label: , user_label: distal acini of tracheal submucosal gland
WARNING - No valid ID provided for '', label: , user_label: migratory dendritic cell
WARNING - No valid ID provided for '', label: , user_label: mucous tubules of tracheal submucosal gland
WARNING - No valid ID provided for '', label: , user_label: myoepithelium tracheal submucosal gland
WARNING - No valid ID provided for '', label: , user_label: perichondrial fibroblasts
WARNING - No valid ID provided for '', label: , user_label: respiratory airway secretory cell
WARNING - No valid ID provided for '', label: , user_label: suprabasal cell
WARNING - No valid ID provided for '', label: , user_label: terminal ciliated ducts of tracheal submucosal gland
WARNING - No valid ID provided for 'FMA:323213', label: lobular bronchiole, user_label: lobular bronchiole
WARNING - No valid ID provided for 'FMA:7312', label: Bronchopulmonary Segment, user_label: Bronchopulmonary Segment
WARNING - No valid ID provided for 'FMA:76965', label: Intersegmental Pulmonary Vein, user_label: Intersegmental Pulmonary Vein
WARNING - No valid ID provided for 'FMA:84472', label: Pulmonary Interlobular Septum, user_label: Interlobular Septa
WARNING - No valid ID provided for 'LMHA:00087', label: basal cell of terminal ciliated ducts of submucosal glands, user_label: submucosal gland basal cells
WARNING - No valid ID provided for 'LMHA:00142', label: ciliated cell of terminal ciliated ducts of submucosal glands, user_label: submucosal gland ciliated duct cells
WARNING - No valid ID provided for 'LMHA:00213', label: Interstitial macrophage, user_label: Interstitial macrophage
WARNING - No valid ID provided for 'LMHA:00238', label: mucus cell of submucosal glands, user_label: submucosal gland mucous cells
WARNING - No valid ID provided for 'LMHA:00693', label: epithelial cell of collecting ducts of submucosal glands, user_label: submucosal gland collecting duct epithelium
