WARNING - Different labels found for CL:0002095. Uberongraph: hilus cell of ovary ; ASCT+b table: hilar cell
WARNING - No valid ID provided for '', label: , user_label: Stroma Type I cell
WARNING - No valid ID provided for '', label: , user_label: Stroma Type II cell
WARNING - No valid ID provided for '', label: , user_label: Stroma Type III cell
WARNING - No valid ID provided for '', label: , user_label: Stroma Type IV cell
WARNING - No valid ID provided for '', label: , user_label: Stroma Type V cell
WARNING - No valid ID provided for '', label: , user_label: antral follicle
WARNING - No valid ID provided for '', label: , user_label: central inferior antimesenteric ovary
WARNING - No valid ID provided for '', label: , user_label: central inferior mesenteric ovary
WARNING - No valid ID provided for '', label: , user_label: central inferior ovary
WARNING - No valid ID provided for '', label: , user_label: central ovary
WARNING - No valid ID provided for '', label: , user_label: central superior antimesenteric ovary
WARNING - No valid ID provided for '', label: , user_label: central superior mesenteric ovary
WARNING - No valid ID provided for '', label: , user_label: central superior ovary
WARNING - No valid ID provided for '', label: , user_label: columnar ovarian surface epithelial cell
WARNING - No valid ID provided for '', label: , user_label: corona radiata
WARNING - No valid ID provided for '', label: , user_label: corpus luteum endothelial cell
WARNING - No valid ID provided for '', label: , user_label: corpus luteum granulosa lutein layer
WARNING - No valid ID provided for '', label: , user_label: corpus luteum granulosa theca layer
WARNING - No valid ID provided for '', label: , user_label: corpus luteum macrophage
WARNING - No valid ID provided for '', label: , user_label: cortical blood vessels
WARNING - No valid ID provided for '', label: , user_label: cumulus oophorus oocyte complex
WARNING - No valid ID provided for '', label: , user_label: dominance antral follicle
WARNING - No valid ID provided for '', label: , user_label: early antral follicle
WARNING - No valid ID provided for '', label: , user_label: flattened cuboidal ovarian surface epithelial cell
WARNING - No valid ID provided for '', label: , user_label: hemorrhagic anovulatory follicle
WARNING - No valid ID provided for '', label: , user_label: lateral inferior antimesenteric ovary
WARNING - No valid ID provided for '', label: , user_label: lateral inferior mesenteric ovary
WARNING - No valid ID provided for '', label: , user_label: lateral inferior ovary
WARNING - No valid ID provided for '', label: , user_label: lateral ovary
WARNING - No valid ID provided for '', label: , user_label: lateral superior antimesenteric ovary
WARNING - No valid ID provided for '', label: , user_label: lateral superior mesenteric ovary
WARNING - No valid ID provided for '', label: , user_label: lateral superior ovary
WARNING - No valid ID provided for '', label: , user_label: luteinized unruptured follicle
WARNING - No valid ID provided for '', label: , user_label: lymphatic vessel
WARNING - No valid ID provided for '', label: , user_label: matrisome
WARNING - No valid ID provided for '', label: , user_label: medial inferior antimesenteric ovary
WARNING - No valid ID provided for '', label: , user_label: medial inferior mesenteric ovary
WARNING - No valid ID provided for '', label: , user_label: medial inferior ovary
WARNING - No valid ID provided for '', label: , user_label: medial ovary
WARNING - No valid ID provided for '', label: , user_label: medial superior antimesenteric ovary
WARNING - No valid ID provided for '', label: , user_label: medial superior mesenteric ovary
WARNING - No valid ID provided for '', label: , user_label: medial superior ovary
WARNING - No valid ID provided for '', label: , user_label: nerve
WARNING - No valid ID provided for '', label: , user_label: ovarian medullary vasculature
WARNING - No valid ID provided for '', label: , user_label: pre-antral follicle granulosa cell
WARNING - No valid ID provided for '', label: , user_label: pre-selection antral follicle
WARNING - No valid ID provided for '', label: , user_label: preantral follicle
WARNING - No valid ID provided for '', label: , user_label: selection antral follicle
WARNING - No valid ID provided for 'EFO:0005289', label: mural granulosa cell, user_label: mural granulosa cell
WARNING - No valid ID provided for 'FMA:18652', label: hilum of ovary, user_label: hilum of ovary
WARNING - No valid ID provided for 'FMA:18713', label: corpus luteum of pregnancy, user_label: corpus luteum of pregnancy
WARNING - No valid ID provided for 'FMA:323217', label: Corpus fibrosum of ovary, user_label: corpus atretica
