WARNING - Different labels found for CL:0000669. Uberongraph: pericyte ; ASCT+b table: pericyte cell
WARNING - Different labels found for UBERON:0010996. Uberongraph: articular cartilage of joint ; ASCT+b table: Superior Articular Cartilage
WARNING - No valid ID provided for '', label: , user_label: Bone lIning Cells
WARNING - No valid ID provided for '', label: , user_label: Deep Superficial
WARNING - No valid ID provided for '', label: , user_label: Deep Zone
WARNING - No valid ID provided for '', label: , user_label: Marrow Adipocytes
WARNING - No valid ID provided for '', label: , user_label: Prehypertrophic Chondrocytes
WARNING - No valid ID provided for '', label: , user_label: Preosteoclasts
WARNING - No valid ID provided for '', label: , user_label: Residual Hypertrophic Chondrocytes
WARNING - No valid ID provided for '', label: , user_label: Rounded Chondrocytes
WARNING - No valid ID provided for '', label: , user_label: Subchondral Bone
WARNING - No valid ID provided for '', label: , user_label: Superficial Zone
WARNING - No valid ID provided for '', label: , user_label: Tidemark
WARNING - No valid ID provided for '', label: , user_label: Transitional Zone
WARNING - No valid ID provided for '', label: , user_label: autonomic neuronal cells
WARNING - No valid ID provided for '', label: , user_label: perivascular cells
WARNING - No valid ID provided for '', label: , user_label: proximal fibula
WARNING - No valid ID provided for '', label: , user_label: proximal tibia
WARNING - No valid ID provided for '', label: , user_label: sinusoidal cells
WARNING - No valid ID provided for '', label: , user_label: vascular endothelial cells
