WARNING - Unrecognised cell content 'CL_1001428'
WARNING - Unrecognised cell content ''
WARNING - Unrecognised cell content 'CL_1001428'
WARNING - Unrecognised cell content ''
WARNING - Unrecognised cell content 'CL_1001428'
WARNING - Unrecognised cell content ''
WARNING - Unrecognised cell content 'CL_1000708'
WARNING - Unrecognised cell content ''
WARNING - Unrecognised cell content 'CL_1000308'
WARNING - Unrecognised cell content ''
WARNING - Unrecognised cell content 'CL_1000308'
WARNING - Unrecognised cell content ''
WARNING - Unrecognised cell content 'CL_1000708'
WARNING - Unrecognised cell content ''
WARNING - Unrecognised cell content 'CL_1000708'
WARNING - Unrecognised cell content ''
WARNING - Unrecognised cell content 'CL_1000708'
WARNING - Unrecognised cell content ''
WARNING - Unrecognised cell content 'CL_1000708'
WARNING - Unrecognised cell content ''
WARNING - Unrecognised cell content 'CL_1001428'
WARNING - Unrecognised cell content ''
WARNING - Unrecognised cell content 'CL_1001428'
WARNING - Unrecognised cell content ''
WARNING - Unrecognised cell content 'CL_1001428'
WARNING - Unrecognised cell content ''
WARNING - Unrecognised cell content 'CL_1000708'
WARNING - Unrecognised cell content ''
WARNING - Unrecognised cell content 'CL_1000308'
WARNING - Unrecognised cell content ''
WARNING - Unrecognised cell content 'CL_1000308'
WARNING - Unrecognised cell content ''
WARNING - Unrecognised cell content 'CL_1000708'
WARNING - Unrecognised cell content ''
WARNING - Unrecognised cell content 'CL_1000708'
WARNING - Unrecognised cell content ''
WARNING - Unrecognised cell content 'CL_1000708'
WARNING - Unrecognised cell content ''
WARNING - Unrecognised cell content 'CL_1000708'
WARNING - Unrecognised cell content ''
WARNING - Different labels found for UBERON:0009919. Uberongraph: ureter smooth muscle ; ASCT+b table: 
WARNING - Different labels found for UBERON:0001254. Uberongraph: urothelium of ureter ; ASCT+b table: ureter urothelial cell
WARNING - Different labels found for UBERON:0001253. Uberongraph: lamina propria of ureter ; ASCT+b table: ureter adventitial cell
