WARNING - Unrecognised cell content 'FMAID:3823'
WARNING - Unrecognised cell content 'FMAID:83531'
WARNING - Unrecognised cell content ''
WARNING - Unrecognised cell content 'FMAID:76767'
WARNING - Unrecognised cell content 'FMAID:83531'
WARNING - Unrecognised cell content 'FMAID:3851'
WARNING - Unrecognised cell content 'FMAID:83532'
WARNING - Unrecognised cell content ''
WARNING - Unrecognised cell content 'FMAID:49913'
WARNING - Unrecognised cell content 'FMAID:49916'
WARNING - Unrecognised cell content 'FMAID:49911'
WARNING - Unrecognised cell content 'FMAID:49914'
WARNING - Unrecognised cell content 'FMAID:4715'
WARNING - Unrecognised cell content 'FMAID:83532'
WARNING - Unrecognised cell content ''
WARNING - Unrecognised cell content 'FMAID:3860'
WARNING - Unrecognised cell content 'FMAID:3902'
WARNING - Unrecognised cell content 'FMAID:3835'
WARNING - Unrecognised cell content 'FMAID:4708'
WARNING - Unrecognised cell content 'FMAID:4712'
WARNING - Unrecognised cell content 'FMAID:3862'
WARNING - Unrecognised cell content 'FMAID:3840'
WARNING - Unrecognised cell content ''
WARNING - Unrecognised cell content 'FMAID:83539'
WARNING - Unrecognised cell content ''
WARNING - Unrecognised cell content 'FMAID:15736'
WARNING - Unrecognised cell content 'FMAID:3818'
WARNING - Unrecognised cell content 'FMAID:76767'
WARNING - Unrecognised cell content ''
WARNING - Unrecognised cell content 'FMAID:9535'
WARNING - Unrecognised cell content 'FMAID:7272'
WARNING - Unrecognised cell content ''
WARNING - Different labels found for UBERON:0002146. Uberongraph: pulmonary valve ; ASCT+b table: Pulmonary Valve
WARNING - Different labels found for CL:0000359. Uberongraph: vascular associated smooth muscle cell ; ASCT+b table: smooth muscle cell
WARNING - Different labels found for CL:0002592. Uberongraph: smooth muscle cell of the coronary artery ; ASCT+b table: smooth muscle cell
WARNING - Different labels found for CL:1000477. Uberongraph: cardiac pacemaker cell of sinoatrial node ; ASCT+b table: pacemaker cell
WARNING - Different labels found for CL:1000309. Uberongraph: epicardial adipocyte ; ASCT+b table: adipocyte
WARNING - Different labels found for UBERON:0006958. Uberongraph: great vein of heart ; ASCT+b table: great cardiac vein
WARNING - Different labels found for UBERON:0006567. Uberongraph: right ventricle myocardium ; ASCT+b table: myocardium
WARNING - Different labels found for CL:0000071. Uberongraph: blood vessel endothelial cell ; ASCT+b table: endothelial cell
WARNING - Different labels found for UBERON:0001979. Uberongraph: venule ; ASCT+b table: vasculature
WARNING - Different labels found for UBERON:0002080. Uberongraph: heart right ventricle ; ASCT+b table: right ventricle
WARNING - Different labels found for UBERON:0002094. Uberongraph: interventricular septum ; ASCT+b table: septum
WARNING - Different labels found for CL:2000066. Uberongraph: cardiac ventricle fibroblast ; ASCT+b table: fibroblast
WARNING - Different labels found for UBERON:0001982. Uberongraph: capillary ; ASCT+b table: vasculature
WARNING - Different labels found for CL:2000067. Uberongraph: cardiac atrium fibroblast ; ASCT+b table: fibroblast
WARNING - Different labels found for UBERON:0002348. Uberongraph: epicardium ; ASCT+b table: Epicardium
WARNING - Different labels found for CL:0001056. Uberongraph: dendritic cell, human ; ASCT+b table: dendritic cell
WARNING - Different labels found for UBERON:0002134. Uberongraph: tricuspid valve ; ASCT+b table: Tricuspid valve
WARNING - Different labels found for CL:0000746. Uberongraph: cardiac muscle cell ; ASCT+b table: cardiomyocyte
WARNING - Different labels found for UBERON:0011820. Uberongraph: atrioventricular region ; ASCT+b table: atrioventricular junction
WARNING - Different labels found for CL:0010008. Uberongraph: cardiac endothelial cell ; ASCT+b table: endothelial cell
WARNING - Different labels found for UBERON:0002078. Uberongraph: right cardiac atrium ; ASCT+b table: right atrium
WARNING - Different labels found for UBERON:0002084. Uberongraph: heart left ventricle ; ASCT+b table: left ventricle
WARNING - Different labels found for UBERON:0002135. Uberongraph: mitral valve ; ASCT+b table: Mitral valve
WARNING - Different labels found for UBERON:0035422. Uberongraph: circumflex branch of left coronary artery ; ASCT+b table: left circumflex artery
WARNING - Different labels found for UBERON:0002137. Uberongraph: aortic valve ; ASCT+b table: Aortic valve
WARNING - Different labels found for UBERON:0000946. Uberongraph: cardial valve ; ASCT+b table: Cardial valve
WARNING - Different labels found for CL:0000136. Uberongraph: fat cell ; ASCT+b table: adipocyte
WARNING - Different labels found for UBERON:0006566. Uberongraph: left ventricle myocardium ; ASCT+b table: myocardium
WARNING - Different labels found for CL:0002573. Uberongraph: Schwann cell ; ASCT+b table: Schwann Cell
WARNING - Different labels found for UBERON:0002079. Uberongraph: left cardiac atrium ; ASCT+b table: left atrium
WARNING - Unrecognised UBERON/CL entity 'CL:0002542'
