WARNING - Different labels found for CL:0000115. Uberongraph: endothelial cell ; ASCT+b table: endothlial cell
WARNING - Different labels found for CL:4030015. Uberongraph: kidney collecting duct alpha-intercalated cell ; ASCT+b table: collecting duct intercalated cell type A
WARNING - Different labels found for CL:4030018. Uberongraph: kidney connecting tubule principal cell ; ASCT+b table: connecting tubule principal cell
WARNING - Different labels found for CL:4030019. Uberongraph: kidney connecting tubule intercalated cell ; ASCT+b table: connecting tubule intercalated cell
WARNING - Different labels found for CL:4030020. Uberongraph: kidney connecting tubule alpha-intercalated cell ; ASCT+b table: connecting tubule intercalated cell type A
WARNING - Different labels found for CL:4030021. Uberongraph: kidney connecting tubule beta-intercalated cell ; ASCT+b table: connecting tubule intercalated cell type B
WARNING - Different labels found for CL:4030022. Uberongraph: renal medullary fibroblast ; ASCT+b table: medullary fibroblast
WARNING - Different labels found for UBERON:0001284. Uberongraph: renal column ; ASCT+b table: renal column (column of Bertin)
WARNING - Different labels found for UBERON:0001289. Uberongraph: descending limb of loop of Henle ; ASCT+b table: descending thin limb of loop of Henle
WARNING - Different labels found for UBERON:0001916. Uberongraph: endothelium of arteriole ; ASCT+b table: juxtaglomerular arteriole
WARNING - Different labels found for UBERON:0004190. Uberongraph: renal glomerulus vasculature ; ASCT+b table: glomerulus vasculature
WARNING - Different labels found for UBERON:0004193. Uberongraph: loop of Henle ascending limb thin segment ; ASCT+b table: ascending thin limb of loop of Henle
WARNING - Different labels found for UBERON:0005097. Uberongraph: renal connecting tubule ; ASCT+b table: connecting tubule
WARNING - Different labels found for UBERON:0006852. Uberongraph: obsolete glomerular visceral epithelium ; ASCT+b table: glomerular visceral epithelium
WARNING - No valid ID provided for '', label: , user_label: Descending Thin Limb Cell Type 2
WARNING - No valid ID provided for '', label: , user_label: Endothelium (non glomerular)
WARNING - No valid ID provided for '', label: , user_label: Immune
WARNING - No valid ID provided for '', label: , user_label: Immune
WARNING - No valid ID provided for '', label: , user_label: Monocyte Derived Cell
WARNING - No valid ID provided for '', label: , user_label: Papillary Tip Epithelium
WARNING - No valid ID provided for '', label: , user_label: Transitional principal-intercalated cell
WARNING - No valid ID provided for '', label: , user_label: Vascular Smooth Muscle Cell
WARNING - No valid ID provided for '', label: , user_label: capsule mesenchymal stromal cell
WARNING - No valid ID provided for '', label: , user_label: descending thin limb of loop of Henle 1
WARNING - No valid ID provided for '', label: , user_label: descending thin limb of loop of Henle 2
WARNING - No valid ID provided for '', label: , user_label: descending thin limb of loop of Henle 2
WARNING - No valid ID provided for '', label: , user_label: descending thin limb of loop of Henle 3
