WARNING - Unrecognised cell content 'FMA:49913'
WARNING - Unrecognised cell content 'FMA:49916'
WARNING - Unrecognised cell content 'FMA:49911'
WARNING - Unrecognised cell content 'FMA:49914'
WARNING - Unrecognised cell content 'FMA:49497'
WARNING - Unrecognised cell content ''
WARNING - Unrecognised cell content 'FMA:49497'
WARNING - Unrecognised cell content 'FMA:49506'
WARNING - Unrecognised cell content 'FMA:49497'
WARNING - Unrecognised cell content ''
WARNING - Unrecognised cell content 'FMA:49497'
WARNING - Unrecognised cell content ''
WARNING - Unrecognised cell content 'FMA:49497'
WARNING - Unrecognised cell content ''
WARNING - Unrecognised cell content 'FMA:49497'
WARNING - Unrecognised cell content ''
WARNING - Unrecognised cell content 'FMA:49497'
WARNING - Unrecognised cell content ''
WARNING - Unrecognised cell content 'FMA:49497'
WARNING - Unrecognised cell content ''
WARNING - Unrecognised cell content 'FMA:49497'
WARNING - Unrecognised cell content ''
WARNING - Unrecognised cell content 'FMA:49497'
WARNING - Unrecognised cell content ''
WARNING - Unrecognised cell content 'FMA:49497'
WARNING - Unrecognised cell content ''
WARNING - Unrecognised cell content 'FMA:49497'
WARNING - Unrecognised cell content ''
WARNING - Unrecognised cell content 'FMA:49497'
WARNING - Unrecognised cell content ''
WARNING - Unrecognised cell content 'FMA:49555'
WARNING - Unrecognised cell content 'FMA:71675'
WARNING - Unrecognised cell content 'FMA:49580'
WARNING - Unrecognised cell content 'FMA:49561'
WARNING - Unrecognised cell content 'FMA:49558'
WARNING - Unrecognised cell content 'FMA:49532'
WARNING - Unrecognised cell content 'FMA:49546'
WARNING - Unrecognised cell content 'FMA:79467'
WARNING - Unrecognised cell content 'FMA:49745'
WARNING - Unrecognised cell content 'FMA:49692'
WARNING - Unrecognised cell content 'FMA:85528'
WARNING - Unrecognised cell content 'FMA:49791'
WARNING - Unrecognised cell content 'FMA:49796'
WARNING - Unrecognised cell content 'FMA:49791'
WARNING - Unrecognised cell content ''
WARNING - Unrecognised cell content 'FMA:49771'
WARNING - Unrecognised cell content 'FMA:0327481'
WARNING - Unrecognised cell content 'FMA:49746'
WARNING - Unrecognised cell content 'FMA:49751'
WARNING - Unrecognised cell content 'FMA:49804'
WARNING - Unrecognised cell content 'FMA:49602'
WARNING - Unrecognised cell content 'FMA:49608'
WARNING - Unrecognised cell content 'FMA:49599'
WARNING - Unrecognised cell content 'FMA:49618'
WARNING - Unrecognised cell content 'FMA:49621'
WARNING - Unrecognised cell content 'FMA:49477'
WARNING - Unrecognised cell content ''
WARNING - Unrecognised cell content 'FMA:49641'
WARNING - Unrecognised cell content 'FMA:49644'
WARNING - Unrecognised cell content 'FMA:49647'
WARNING - Unrecognised cell content 'FMA:49631'
WARNING - Unrecognised cell content 'FMA:49628'
WARNING - Unrecognised cell content 'FMA:49660'
WARNING - Unrecognised cell content 'FMA:49669'
WARNING - Unrecognised cell content 'FMA:49483'
WARNING - Unrecognised cell content 'FMA:49474'
WARNING - Unrecognised cell content 'FMA:49477'
WARNING - Unrecognised cell content 'FMA:49480'
WARNING - Unrecognised cell content ''
WARNING - Unrecognised cell content 'FMA:50330'
WARNING - Unrecognised cell content 'FMA:50329'
WARNING - Unrecognised cell content ''
WARNING - Unrecognised cell content 'FMA:50337'
WARNING - Unrecognised cell content ''
WARNING - Unrecognised cell content 'FMA:50327'
WARNING - Unrecognised cell content ''
WARNING - Unrecognised cell content 'FMA:49817'
WARNING - Unrecognised cell content ''
WARNING - Unrecognised cell content 'FMA:49817'
WARNING - Unrecognised cell content ''
WARNING - Unrecognised cell content 'FMA:49817'
WARNING - Unrecognised cell content ''
WARNING - Unrecognised cell content 'FMA:49817'
WARNING - Unrecognised cell content ''
WARNING - Unrecognised cell content 'FMA:50442'
WARNING - Unrecognised cell content ''
WARNING - Unrecognised cell content 'FMA:322922'
WARNING - Unrecognised cell content 'FMA:50437'
WARNING - Unrecognised cell content 'FMA:322921'
WARNING - Unrecognised cell content 'FMA:49962'
WARNING - Unrecognised cell content 'FMA:51965'
WARNING - Unrecognised cell content ''
WARNING - Unrecognised cell content 'FMA:70778'
WARNING - Unrecognised cell content 'FMA:70777'
WARNING - Unrecognised cell content 'FMA:49831'
WARNING - Unrecognised cell content 'FMA:61437'
WARNING - Unrecognised cell content 'FMA:14782'
WARNING - Unrecognised cell content 'FMA:14784'
WARNING - Unrecognised cell content 'FMA:70438'
WARNING - Unrecognised cell content 'FMA:70441'
WARNING - Unrecognised cell content 'FMA:14835'
WARNING - Unrecognised cell content 'FMA:70444'
WARNING - Unrecognised cell content ''
WARNING - Unrecognised cell content 'FMA:14776'
WARNING - Unrecognised cell content 'FMA:71544'
WARNING - Unrecognised cell content 'FMA:14787'
WARNING - Unrecognised cell content 'FMA:14792'
WARNING - Unrecognised cell content 'FMA:14794'
WARNING - Unrecognised cell content ''
WARNING - Unrecognised cell content 'FMA:0323778'
WARNING - Unrecognised cell content 'FMA:20798'
WARNING - Unrecognised cell content 'FMA:0323778'
WARNING - Unrecognised cell content 'FMA:20798'
WARNING - Unrecognised cell content 'FMA:20804'
WARNING - Unrecognised cell content 'FMA:0323778'
WARNING - Unrecognised cell content 'FMA:20798'
WARNING - Unrecognised cell content 'FMA:20805'
WARNING - Unrecognised cell content 'FMA:0323778'
WARNING - Unrecognised cell content 'FMA:20811'
WARNING - Unrecognised cell content 'FMA:0323778'
WARNING - Unrecognised cell content 'FMA:22420'
WARNING - Unrecognised cell content 'FMA:0323778'
WARNING - Unrecognised cell content 'FMA:69460'
WARNING - Unrecognised cell content 'FMA:0323778'
WARNING - Unrecognised cell content 'FMA:0323777'
WARNING - Unrecognised cell content 'FMA:0323778'
WARNING - Unrecognised cell content 'FMA:0323777'
WARNING - Unrecognised cell content 'FMA:22506'
WARNING - Unrecognised cell content 'FMA:0323778'
WARNING - Unrecognised cell content 'FMA:0323777'
WARNING - Unrecognised cell content 'FMA:22506'
WARNING - Unrecognised cell content 'FMA:22511'
WARNING - Unrecognised cell content 'FMA:0323778'
WARNING - Unrecognised cell content 'FMA:0323777'
WARNING - Unrecognised cell content 'FMA:22506'
WARNING - Unrecognised cell content 'FMA:22510'
WARNING - Unrecognised cell content 'FMA:0323778'
WARNING - Unrecognised cell content 'FMA:0323777'
WARNING - Unrecognised cell content 'FMA:0323778'
WARNING - Unrecognised cell content 'FMA:0323777'
WARNING - Unrecognised cell content 'FMA:0323778'
WARNING - Unrecognised cell content 'FMA:0323777'
WARNING - Unrecognised cell content 'FMA:43904'
WARNING - Unrecognised cell content 'FMA:0323778'
WARNING - Unrecognised cell content 'FMA:0323777'
WARNING - Unrecognised cell content 'FMA:43904'
WARNING - Unrecognised cell content ''
WARNING - Unrecognised cell content 'FMA:0323778'
WARNING - Unrecognised cell content 'FMA:0323777'
WARNING - Unrecognised cell content 'FMA:43905'
WARNING - Unrecognised cell content 'FMA:0323778'
WARNING - Unrecognised cell content 'FMA:0323777'
WARNING - Unrecognised cell content 'FMA:43902'
WARNING - Unrecognised cell content 'FMA:0323778'
WARNING - Unrecognised cell content 'FMA:0323777'
WARNING - Unrecognised cell content 'FMA:0323778'
WARNING - Unrecognised cell content 'FMA:0323777'
WARNING - Unrecognised cell content 'FMA:0323778'
WARNING - Unrecognised cell content 'FMA:0323777'
WARNING - Unrecognised cell content 'FMA:44650'
WARNING - Unrecognised cell content 'FMA:0323778'
WARNING - Unrecognised cell content 'FMA:0323777'
WARNING - Unrecognised cell content 'FMA:44650'
WARNING - Unrecognised cell content 'FMA:44660'
WARNING - Unrecognised cell content 'FMA:0323778'
WARNING - Unrecognised cell content 'FMA:0323777'
WARNING - Unrecognised cell content 'FMA:44648'
WARNING - Unrecognised cell content 'FMA:0323778'
WARNING - Unrecognised cell content 'FMA:0323777'
WARNING - Unrecognised cell content 'FMA:44648'
WARNING - Unrecognised cell content 'FMA:44660'
WARNING - Unrecognised cell content 'FMA:0323778'
WARNING - Unrecognised cell content 'FMA:0323777'
WARNING - Unrecognised cell content 'FMA:44649'
WARNING - Unrecognised cell content 'FMA:0323778'
WARNING - Unrecognised cell content 'FMA:0323777'
WARNING - Unrecognised cell content 'FMA:44649'
WARNING - Unrecognised cell content 'FMA:44660'
WARNING - Unrecognised cell content 'FMA:0323778'
WARNING - Unrecognised cell content 'FMA:0323777'
WARNING - Unrecognised cell content 'FMA:69513'
WARNING - Unrecognised cell content 'FMA:0323778'
WARNING - Unrecognised cell content 'FMA:0323777'
WARNING - Unrecognised cell content 'FMA:44647'
WARNING - Unrecognised cell content 'FMA:0323778'
WARNING - Unrecognised cell content 'FMA:0323777'
WARNING - Unrecognised cell content 'FMA:44647'
WARNING - Unrecognised cell content 'FMA:44660'
WARNING - Unrecognised cell content 'FMA:0323778'
WARNING - Unrecognised cell content 'FMA:0323777'
WARNING - Unrecognised cell content 'FMA:44595'
WARNING - Unrecognised cell content 'FMA:0323778'
WARNING - Unrecognised cell content 'FMA:0323777'
WARNING - Unrecognised cell content 'FMA:0323778'
WARNING - Unrecognised cell content 'FMA:0323777'
WARNING - Unrecognised cell content 'FMA:43903'
WARNING - Unrecognised cell content 'FMA:0323778'
WARNING - Unrecognised cell content 'FMA:0323777'
WARNING - Unrecognised cell content 'FMA:43888'
WARNING - Unrecognised cell content 'FMA:0323778'
WARNING - Unrecognised cell content 'FMA:0323777'
WARNING - Unrecognised cell content 'FMA:22585'
WARNING - Unrecognised cell content 'FMA:0323778'
WARNING - Unrecognised cell content 'FMA:0323777'
WARNING - Unrecognised cell content 'FMA:43889'
WARNING - Unrecognised cell content 'FMA:0323778'
WARNING - Unrecognised cell content 'FMA:0323777'
WARNING - Unrecognised cell content 'FMA:22584'
WARNING - Unrecognised cell content 'FMA:0323778'
WARNING - Unrecognised cell content 'FMA:0323777'
WARNING - Unrecognised cell content 'FMA:22536'
WARNING - Unrecognised cell content 'FMA:0323778'
WARNING - Unrecognised cell content 'FMA:0323777'
WARNING - Unrecognised cell content 'FMA:0323778'
WARNING - Unrecognised cell content 'FMA:0323777'
WARNING - Unrecognised cell content 'FMA:66421'
WARNING - Unrecognised cell content 'FMA:0323778'
WARNING - Unrecognised cell content 'FMA:0323777'
WARNING - Unrecognised cell content 'FMA:66421'
WARNING - Unrecognised cell content 'FMA:0323778'
WARNING - Unrecognised cell content 'FMA:0323777'
WARNING - Unrecognised cell content 'FMA:66421'
WARNING - Unrecognised cell content 'FMA:44630'
WARNING - Unrecognised cell content 'FMA:0323778'
WARNING - Unrecognised cell content 'FMA:0323777'
WARNING - Unrecognised cell content 'FMA:66421'
WARNING - Unrecognised cell content 'FMA:44034'
WARNING - Unrecognised cell content 'FMA:0323778'
WARNING - Unrecognised cell content 'FMA:0323777'
WARNING - Unrecognised cell content 'FMA:66421'
WARNING - Unrecognised cell content 'FMA:44033'
WARNING - Unrecognised cell content 'FMA:0323778'
WARNING - Unrecognised cell content 'FMA:0323777'
WARNING - Unrecognised cell content 'FMA:66421'
WARNING - Unrecognised cell content 'FMA:0323778'
WARNING - Unrecognised cell content 'FMA:0323777'
WARNING - Unrecognised cell content 'FMA:66421'
WARNING - Unrecognised cell content 'FMA:43918'
WARNING - Unrecognised cell content 'FMA:0323778'
WARNING - Unrecognised cell content 'FMA:0323777'
WARNING - Unrecognised cell content 'FMA:66421'
WARNING - Unrecognised cell content 'FMA:43926'
WARNING - Unrecognised cell content 'FMA:0323778'
WARNING - Unrecognised cell content 'FMA:0323777'
WARNING - Unrecognised cell content 'FMA:66421'
WARNING - Unrecognised cell content 'FMA:43926'
WARNING - Unrecognised cell content 'FMA:43942'
WARNING - Unrecognised cell content 'FMA:0323778'
WARNING - Unrecognised cell content 'FMA:0323777'
WARNING - Unrecognised cell content 'FMA:66421'
WARNING - Unrecognised cell content 'FMA:43926'
WARNING - Unrecognised cell content 'FMA:43942'
WARNING - Unrecognised cell content 'FMA:0323778'
WARNING - Unrecognised cell content 'FMA:0323777'
WARNING - Unrecognised cell content 'FMA:66421'
WARNING - Unrecognised cell content 'FMA:43926'
WARNING - Unrecognised cell content 'FMA:43942'
WARNING - Unrecognised cell content 'FMA:0323778'
WARNING - Unrecognised cell content 'FMA:0323777'
WARNING - Unrecognised cell content 'FMA:66421'
WARNING - Unrecognised cell content 'FMA:70195'
WARNING - Unrecognised cell content 'FMA:20701'
WARNING - Unrecognised cell content 'FMA:69797'
WARNING - Unrecognised cell content 'FMA:18871'
WARNING - Unrecognised cell content 'FMA:69797'
WARNING - Unrecognised cell content 'FMA:20966'
WARNING - Unrecognised cell content 'FMA:69797'
WARNING - Unrecognised cell content 'FMA:20966'
WARNING - Unrecognised cell content 'FMA:18826'
WARNING - Unrecognised cell content 'FMA:69797'
WARNING - Unrecognised cell content 'FMA:20966'
WARNING - Unrecognised cell content ''
WARNING - Unrecognised cell content 'FMA:69797'
WARNING - Unrecognised cell content ''
WARNING - Unrecognised cell content 'FMA:69797'
WARNING - Unrecognised cell content ''
WARNING - Unrecognised cell content 'FMA:69797'
WARNING - Unrecognised cell content 'FMA:19794'
WARNING - Unrecognised cell content 'FMA:69797'
WARNING - Unrecognised cell content 'FMA:19794'
WARNING - Unrecognised cell content 'FMA:69797'
WARNING - Unrecognised cell content 'FMA:20840'
WARNING - Unrecognised cell content 'FMA:69797'
WARNING - Unrecognised cell content 'FMA:20886'
WARNING - Unrecognised cell content 'FMA:69797'
WARNING - Unrecognised cell content 'FMA:20853'
WARNING - Unrecognised cell content 'FMA:69797'
WARNING - Unrecognised cell content 'FMA:18826'
WARNING - Unrecognised cell content 'FMA:69797'
WARNING - Unrecognised cell content 'FMA:70175'
WARNING - Unrecognised cell content 'FMA:69797'
WARNING - Unrecognised cell content 'FMA:70150'
WARNING - Unrecognised cell content 'FMA:69797'
WARNING - Unrecognised cell content ''
WARNING - Unrecognised cell content 'FMA:69797'
WARNING - Unrecognised cell content ''
WARNING - Unrecognised cell content 'FMA:69797'
WARNING - Unrecognised cell content ''
WARNING - Unrecognised cell content 'FMA:69797'
WARNING - Unrecognised cell content 'FMA:18832'
WARNING - Unrecognised cell content 'FMA:69798'
WARNING - Unrecognised cell content 'FMA:18850'
WARNING - Unrecognised cell content 'FMA:69798'
WARNING - Unrecognised cell content 'FMA:18849'
WARNING - Unrecognised cell content 'FMA:69798'
WARNING - Unrecognised cell content 'FMA:18855'
WARNING - Unrecognised cell content 'FMA:69798'
WARNING - Unrecognised cell content 'FMA:21121'
WARNING - Unrecognised cell content 'FMA:69798'
WARNING - Unrecognised cell content 'FMA:21120'
WARNING - Unrecognised cell content 'FMA:14826'
WARNING - Unrecognised cell content 'FMA:14828'
WARNING - Unrecognised cell content 'FMA:14826'
WARNING - Unrecognised cell content 'FMA:14828'
WARNING - Unrecognised cell content 'FMA:14824'
WARNING - Unrecognised cell content 'FMA:14826'
WARNING - Unrecognised cell content 'FMA:14828'
WARNING - Unrecognised cell content 'FMA:14824'
WARNING - Unrecognised cell content ''
WARNING - Unrecognised cell content 'FMA:14826'
WARNING - Unrecognised cell content 'FMA:14828'
WARNING - Unrecognised cell content 'FMA:14824'
WARNING - Unrecognised cell content ''
WARNING - Unrecognised cell content 'FMA:14826'
WARNING - Unrecognised cell content 'FMA:14828'
WARNING - Unrecognised cell content 'FMA:14824'
WARNING - Unrecognised cell content ''
WARNING - Unrecognised cell content 'FMA:14826'
WARNING - Unrecognised cell content 'FMA:14828'
WARNING - Unrecognised cell content ''
WARNING - Unrecognised cell content 'FMA:14826'
WARNING - Unrecognised cell content 'FMA:14829'
WARNING - Unrecognised cell content 'FMA:14747'
WARNING - Unrecognised cell content 'FMA:14742'
WARNING - Unrecognised cell content 'FMA:14743'
WARNING - Unrecognised cell content 'FMA:14744'
WARNING - Unrecognised cell content 'FMA:14745'
WARNING - Unrecognised cell content 'FMA:14903'
WARNING - Unrecognised cell content 'FMA:14756'
WARNING - Unrecognised cell content 'FMA:14763'
WARNING - Unrecognised cell content ''
WARNING - Unrecognised cell content 'FMA:70501'
WARNING - Unrecognised cell content 'FMA:70500'
WARNING - Unrecognised cell content 'FMA:70502'
WARNING - Unrecognised cell content 'FMA:70503'
WARNING - Unrecognised cell content 'FMA:70494'
WARNING - Unrecognised cell content 'FMA:70499'
WARNING - Unrecognised cell content 'FMA:14746'
WARNING - Unrecognised cell content 'FMA:14738'
WARNING - Unrecognised cell content 'FMA:14739'
WARNING - Unrecognised cell content 'FMA:14740'
WARNING - Unrecognised cell content 'FMA:14741'
WARNING - Unrecognised cell content 'FMA:14902'
WARNING - Unrecognised cell content 'FMA:14755'
WARNING - Unrecognised cell content 'FMA:14762'
WARNING - Unrecognised cell content ''
WARNING - Unrecognised cell content 'FMA:14820'
WARNING - Unrecognised cell content 'FMA:14816'
WARNING - Unrecognised cell content 'FMA:14820'
WARNING - Unrecognised cell content 'FMA:14817'
WARNING - Unrecognised cell content 'FMA:14819'
WARNING - Unrecognised cell content 'FMA:14818'
WARNING - Unrecognised cell content 'FMA:70479'
WARNING - Unrecognised cell content 'FMA:70480'
WARNING - Unrecognised cell content 'FMA:14808'
WARNING - Unrecognised cell content ''
WARNING - Unrecognised cell content 'FMA:14808'
WARNING - Unrecognised cell content ''
WARNING - Unrecognised cell content 'FMA:14811'
WARNING - Unrecognised cell content 'FMA:4147'
WARNING - Unrecognised cell content 'FMA:4170'
WARNING - Unrecognised cell content 'FMA:4567'
WARNING - Unrecognised cell content 'FMA:4590'
WARNING - Unrecognised cell content 'FMA:4406'
WARNING - Unrecognised cell content 'FMA:4429'
WARNING - Unrecognised cell content 'FMA:4452'
WARNING - Unrecognised cell content 'FMA:4475'
WARNING - Unrecognised cell content 'FMA:4498'
WARNING - Unrecognised cell content 'FMA:4521'
WARNING - Unrecognised cell content 'FMA:4544'
WARNING - Unrecognised cell content 'FMA:4173'
WARNING - Unrecognised cell content 'FMA:4654'
WARNING - Unrecognised cell content 'FMA:69329'
WARNING - Unrecognised cell content 'FMA:4176'
WARNING - Unrecognised cell content ''
WARNING - Unrecognised cell content 'FMA:31933'
WARNING - Unrecognised cell content 'FMA:4165'
WARNING - Unrecognised cell content 'FMA:4360'
WARNING - Unrecognised cell content 'FMA:4383'
WARNING - Unrecognised cell content 'FMA:4199'
WARNING - Unrecognised cell content 'FMA:4222'
WARNING - Unrecognised cell content 'FMA:4245'
WARNING - Unrecognised cell content 'FMA:4268'
WARNING - Unrecognised cell content 'FMA:4291'
WARNING - Unrecognised cell content 'FMA:4314'
WARNING - Unrecognised cell content 'FMA:4337'
WARNING - Unrecognised cell content 'FMA:4168'
WARNING - Unrecognised cell content 'FMA:4634'
WARNING - Unrecognised cell content 'FMA:4146'
WARNING - Unrecognised cell content 'FMA:79658'
WARNING - Unrecognised cell content 'FMA:22680'
WARNING - Unrecognised cell content 'FMA:23119'
WARNING - Unrecognised cell content 'FMA:23120'
WARNING - Unrecognised cell content 'FMA:22710'
WARNING - Unrecognised cell content 'FMA:22755'
WARNING - Unrecognised cell content 'FMA:22750'
WARNING - Unrecognised cell content 'FMA:22838'
WARNING - Unrecognised cell content 'FMA:71534'
WARNING - Unrecognised cell content ''
WARNING - Unrecognised cell content 'FMA:22748'
WARNING - Unrecognised cell content 'FMA:22752'
WARNING - Unrecognised cell content 'FMA:22706'
WARNING - Unrecognised cell content 'FMA:22800'
WARNING - Unrecognised cell content 'FMA:22806'
WARNING - Unrecognised cell content 'FMA:22810'
WARNING - Unrecognised cell content 'FMA:22806'
WARNING - Unrecognised cell content 'FMA:22811'
WARNING - Unrecognised cell content 'FMA:22824'
WARNING - Unrecognised cell content 'FMA:22838'
WARNING - Unrecognised cell content 'FMA:22820'
WARNING - Unrecognised cell content 'FMA:22755'
WARNING - Unrecognised cell content 'FMA:22817'
WARNING - Unrecognised cell content 'FMA:22803'
WARNING - Unrecognised cell content 'FMA:22684'
WARNING - Unrecognised cell content 'FMA:23179'
WARNING - Unrecognised cell content ''
WARNING - Unrecognised cell content 'FMA:66241'
WARNING - Unrecognised cell content 'FMA:3994'
WARNING - Unrecognised cell content 'FMA:10641'
WARNING - Unrecognised cell content 'FMA:10652'
WARNING - Unrecognised cell content 'FMA:10653'
WARNING - Unrecognised cell content 'FMA:10654'
WARNING - Unrecognised cell content 'FMA:10655'
WARNING - Unrecognised cell content 'FMA:10656'
WARNING - Unrecognised cell content 'FMA:10657'
WARNING - Unrecognised cell content 'FMA:10649'
WARNING - Unrecognised cell content 'FMA:10650'
WARNING - Unrecognised cell content 'FMA:10651'
WARNING - Unrecognised cell content 'FMA:3964'
WARNING - Unrecognised cell content 'FMA:70370'
WARNING - Unrecognised cell content 'FMA:10648'
WARNING - Unrecognised cell content 'FMA:3990'
WARNING - Unrecognised cell content ''
WARNING - Unrecognised cell content 'FMA:3990'
WARNING - Unrecognised cell content ''
WARNING - Unrecognised cell content 'FMA:4183'
WARNING - Unrecognised cell content 'FMA:3990'
WARNING - Unrecognised cell content ''
WARNING - Unrecognised cell content 'FMA:3990'
WARNING - Unrecognised cell content ''
WARNING - Unrecognised cell content 'FMA:4183'
WARNING - Unrecognised cell content 'FMA:3990'
WARNING - Unrecognised cell content ''
WARNING - Unrecognised cell content 'FMA:4184'
WARNING - Unrecognised cell content 'FMA:3990'
WARNING - Unrecognised cell content ''
WARNING - Unrecognised cell content 'FMA:3990'
WARNING - Unrecognised cell content 'FMA:52492'
WARNING - Unrecognised cell content 'FMA:3990'
WARNING - Unrecognised cell content 'FMA:71523'
WARNING - Unrecognised cell content 'FMA:3990'
WARNING - Unrecognised cell content 'FMA:71525'
WARNING - Unrecognised cell content 'FMA:3990'
WARNING - Unrecognised cell content 'FMA:10663'
WARNING - Unrecognised cell content 'FMA:3990'
WARNING - Unrecognised cell content 'FMA:79658'
WARNING - Unrecognised cell content 'FMA:3990'
WARNING - Unrecognised cell content ''
WARNING - Unrecognised cell content 'FMA:52239'
WARNING - Unrecognised cell content 'FMA:52242'
WARNING - Unrecognised cell content ''
WARNING - Unrecognised cell content 'FMA:52242'
WARNING - Unrecognised cell content ''
WARNING - Unrecognised cell content 'FMA:52242'
WARNING - Unrecognised cell content 'FMA:52246'
WARNING - Unrecognised cell content 'FMA:71492'
WARNING - Unrecognised cell content 'FMA:50560'
WARNING - Unrecognised cell content 'FMA:50631'
WARNING - Unrecognised cell content 'FMA:50638'
WARNING - Unrecognised cell content 'FMA:50630'
WARNING - Unrecognised cell content 'FMA:50629'
WARNING - Unrecognised cell content 'FMA:50624'
WARNING - Unrecognised cell content ''
WARNING - Unrecognised cell content 'FMA:3862'
WARNING - Unrecognised cell content 'FMA:3860'
WARNING - Unrecognised cell content 'FMA:3862'
WARNING - Unrecognised cell content 'FMA:322901'
WARNING - Unrecognised cell content 'FMA:3862'
WARNING - Unrecognised cell content 'FMA:322902'
WARNING - Unrecognised cell content 'FMA:3895'
WARNING - Unrecognised cell content 'FMA:322905'
WARNING - Unrecognised cell content 'FMA:3895'
WARNING - Unrecognised cell content 'FMA:322906'
WARNING - Unrecognised cell content 'FMA:3895'
WARNING - Unrecognised cell content ''
WARNING - Unrecognised cell content 'FMA:3851'
WARNING - Unrecognised cell content 'FMA:15736'
WARNING - Unrecognised cell content 'FMA:3840'
WARNING - Unrecognised cell content 'FMA:3818'
WARNING - Unrecognised cell content 'FMA:3823'
WARNING - Unrecognised cell content 'FMA:4708'
WARNING - Unrecognised cell content ''
WARNING - Unrecognised cell content 'FMA:44356'
WARNING - Unrecognised cell content ''
WARNING - Unrecognised cell content 'FMA:44319'
WARNING - Unrecognised cell content 'FMA:70921'
WARNING - Unrecognised cell content 'FMA:44356'
WARNING - Unrecognised cell content 'FMA:323401'
WARNING - Unrecognised cell content 'FMA:71587'
WARNING - Unrecognised cell content ''
WARNING - Unrecognised cell content 'FMA:44489'
WARNING - Unrecognised cell content ''
WARNING - Unrecognised cell content 'FMA:44489'
WARNING - Unrecognised cell content 'FMA:44504'
WARNING - Unrecognised cell content ''
WARNING - Unrecognised cell content 'FMA:44489'
WARNING - Unrecognised cell content 'FMA:44504'
WARNING - Unrecognised cell content 'FMA:44489'
WARNING - Unrecognised cell content 'FMA:44356'
WARNING - Unrecognised cell content 'FMA:21200'
WARNING - Unrecognised cell content 'FMA:6646'
WARNING - Unrecognised cell content 'FMA:18911'
WARNING - Unrecognised cell content ''
WARNING - Unrecognised cell content 'FMA:21242'
WARNING - Unrecognised cell content 'FMA:21254'
WARNING - Unrecognised cell content 'FMA:18905'
WARNING - Unrecognised cell content 'FMA:18893'
WARNING - Unrecognised cell content 'FMA:18908'
WARNING - Unrecognised cell content 'FMA:18896'
WARNING - Unrecognised cell content ''
WARNING - Unrecognised cell content 'FMA:0329298'
WARNING - Unrecognised cell content 'FMA:15404'
WARNING - Unrecognised cell content 'FMA:15394'
WARNING - Unrecognised cell content ''
WARNING - Unrecognised cell content 'FMA:15395'
WARNING - Unrecognised cell content 'FMA:15393'
WARNING - Unrecognised cell content 'FMA:15390'
WARNING - Unrecognised cell content 'FMA:0329300'
WARNING - Unrecognised cell content 'FMA:0329301'
WARNING - Unrecognised cell content 'FMA:15407'
WARNING - Unrecognised cell content 'FMA:15397'
WARNING - Unrecognised cell content 'FMA:0329297'
WARNING - Unrecognised cell content ''
WARNING - Unrecognised cell content 'FMA:21388'
WARNING - Unrecognised cell content 'FMA:68070'
WARNING - Unrecognised cell content 'FMA:14347'
WARNING - Unrecognised cell content 'FMA:70889'
WARNING - Unrecognised cell content 'FMA:10787'
WARNING - Unrecognised cell content 'FMA:70889'
WARNING - Unrecognised cell content 'FMA:76736'
WARNING - Unrecognised cell content 'FMA:70889'
WARNING - Unrecognised cell content 'FMA:76736'
WARNING - Unrecognised cell content 'FMA:4869'
WARNING - Unrecognised cell content 'FMA:70889'
WARNING - Unrecognised cell content 'FMA:76736'
WARNING - Unrecognised cell content 'FMA:4869'
WARNING - Unrecognised cell content 'FMA:321542'
WARNING - Unrecognised cell content 'FMA:70889'
WARNING - Unrecognised cell content 'FMA:76736'
WARNING - Unrecognised cell content ''
WARNING - Unrecognised cell content 'FMA:70889'
WARNING - Unrecognised cell content 'FMA:76736'
WARNING - Unrecognised cell content ''
WARNING - Unrecognised cell content 'FMA:70892'
WARNING - Unrecognised cell content 'FMA:70889'
WARNING - Unrecognised cell content 'FMA:76736'
WARNING - Unrecognised cell content ''
WARNING - Unrecognised cell content 'FMA:70892'
WARNING - Unrecognised cell content ''
WARNING - Unrecognised cell content 'FMA:70889'
WARNING - Unrecognised cell content 'FMA:76736'
WARNING - Unrecognised cell content 'FMA:4870'
WARNING - Unrecognised cell content 'FMA:70889'
WARNING - Unrecognised cell content 'FMA:76736'
WARNING - Unrecognised cell content ''
WARNING - Unrecognised cell content 'FMA:70889'
WARNING - Unrecognised cell content 'FMA:76736'
WARNING - Unrecognised cell content ''
WARNING - Unrecognised cell content 'FMA:70893'
WARNING - Unrecognised cell content 'FMA:70889'
WARNING - Unrecognised cell content 'FMA:76736'
WARNING - Unrecognised cell content ''
WARNING - Unrecognised cell content 'FMA:70893'
WARNING - Unrecognised cell content ''
WARNING - Unrecognised cell content 'FMA:70889'
WARNING - Unrecognised cell content 'FMA:76736'
WARNING - Unrecognised cell content ''
WARNING - Unrecognised cell content 'FMA:70889'
WARNING - Unrecognised cell content 'FMA:76736'
WARNING - Unrecognised cell content ''
WARNING - Unrecognised cell content 'FMA:70889'
WARNING - Unrecognised cell content 'FMA:12852'
WARNING - Unrecognised cell content 'FMA:321526'
WARNING - Unrecognised cell content 'FMA:21387'
WARNING - Unrecognised cell content 'FMA:68069'
WARNING - Unrecognised cell content 'FMA:14342'
WARNING - Unrecognised cell content ''
WARNING - Unrecognised cell content 'FMA:4837'
WARNING - Unrecognised cell content 'FMA:5004'
WARNING - Unrecognised cell content 'FMA:4997'
WARNING - Unrecognised cell content 'FMA:4990'
WARNING - Unrecognised cell content 'FMA:4983'
WARNING - Unrecognised cell content 'FMA:4976'
WARNING - Unrecognised cell content 'FMA:4748'
WARNING - Unrecognised cell content 'FMA:4962'
WARNING - Unrecognised cell content 'FMA:4949'
WARNING - Unrecognised cell content 'FMA:4969'
WARNING - Unrecognised cell content 'FMA:10787'
WARNING - Unrecognised cell content 'FMA:76736'
WARNING - Unrecognised cell content 'FMA:12852'
WARNING - Unrecognised cell content 'FMA:4942'
WARNING - Unrecognised cell content 'FMA:4860'
WARNING - Unrecognised cell content 'FMA:4859'
WARNING - Unrecognised cell content 'FMA:4876'
WARNING - Unrecognised cell content 'FMA:4875'
WARNING - Unrecognised cell content 'FMA:4874'
WARNING - Unrecognised cell content 'FMA:4873'
WARNING - Unrecognised cell content 'FMA:4872'
WARNING - Unrecognised cell content 'FMA:4880'
WARNING - Unrecognised cell content 'FMA:4879'
WARNING - Unrecognised cell content 'FMA:4878'
WARNING - Unrecognised cell content 'FMA:4748'
WARNING - Unrecognised cell content 'FMA:50800'
WARNING - Unrecognised cell content 'FMA:50855'
WARNING - Unrecognised cell content ''
WARNING - Unrecognised cell content 'FMA:50910'
WARNING - Unrecognised cell content 'FMA:50898'
WARNING - Unrecognised cell content ''
WARNING - Unrecognised cell content 'FMA:51798'
WARNING - Unrecognised cell content 'FMA:51770'
WARNING - Unrecognised cell content 'FMA:50830'
WARNING - Unrecognised cell content 'FMA:50826'
WARNING - Unrecognised cell content 'FMA:50836'
WARNING - Unrecognised cell content 'FMA:50784'
WARNING - Unrecognised cell content 'FMA:50781'
WARNING - Unrecognised cell content 'FMA:50784'
WARNING - Unrecognised cell content 'FMA:50769'
WARNING - Unrecognised cell content 'FMA:50784'
WARNING - Unrecognised cell content 'FMA:50769'
WARNING - Unrecognised cell content 'FMA:50784'
WARNING - Unrecognised cell content 'FMA:50769'
WARNING - Unrecognised cell content 'FMA:50784'
WARNING - Unrecognised cell content 'FMA:50769'
WARNING - Unrecognised cell content 'FMA:50784'
WARNING - Unrecognised cell content 'FMA:50769'
WARNING - Unrecognised cell content 'FMA:50784'
WARNING - Unrecognised cell content 'FMA:50769'
WARNING - Unrecognised cell content ''
WARNING - Unrecognised cell content 'FMA:50784'
WARNING - Unrecognised cell content 'FMA:50769'
WARNING - Unrecognised cell content 'FMA:51341'
WARNING - Unrecognised cell content 'FMA:50784'
WARNING - Unrecognised cell content 'FMA:50769'
WARNING - Unrecognised cell content 'FMA:50784'
WARNING - Unrecognised cell content 'FMA:50769'
WARNING - Unrecognised cell content 'FMA:51329'
WARNING - Unrecognised cell content 'FMA:50784'
WARNING - Unrecognised cell content 'FMA:50769'
WARNING - Unrecognised cell content ''
WARNING - Unrecognised cell content 'FMA:50784'
WARNING - Unrecognised cell content 'FMA:50769'
WARNING - Unrecognised cell content 'FMA:50997'
WARNING - Unrecognised cell content 'FMA:50784'
WARNING - Unrecognised cell content 'FMA:50769'
WARNING - Unrecognised cell content 'FMA:50784'
WARNING - Unrecognised cell content 'FMA:50769'
WARNING - Unrecognised cell content 'FMA:50784'
WARNING - Unrecognised cell content 'FMA:51238'
WARNING - Unrecognised cell content 'FMA:50784'
WARNING - Unrecognised cell content 'FMA:51239'
WARNING - Unrecognised cell content 'FMA:50771'
WARNING - Unrecognised cell content 'FMA:51350'
WARNING - Unrecognised cell content ''
WARNING - Unrecognised cell content 'FMA:14324'
WARNING - Unrecognised cell content 'FMA:4741'
WARNING - Unrecognised cell content 'FMA:4740'
WARNING - Unrecognised cell content 'FMA:4739'
WARNING - Unrecognised cell content 'FMA:4735'
WARNING - Unrecognised cell content 'FMA:4734'
WARNING - Unrecognised cell content 'FMA:4733'
WARNING - Unrecognised cell content 'FMA:4736'
WARNING - Unrecognised cell content 'FMA:4737'
WARNING - Unrecognised cell content 'FMA:4738'
WARNING - Unrecognised cell content 'FMA:67977'
WARNING - Unrecognised cell content 'FMA:22954'
WARNING - Unrecognised cell content 'FMA:67977'
WARNING - Unrecognised cell content 'FMA:22954'
WARNING - Unrecognised cell content 'FMA:22958'
WARNING - Unrecognised cell content 'FMA:22967'
WARNING - Unrecognised cell content 'FMA:22947'
WARNING - Unrecognised cell content 'FMA:22911'
WARNING - Unrecognised cell content 'FMA:22950'
WARNING - Unrecognised cell content 'FMA:22914'
WARNING - Unrecognised cell content 'FMA:22950'
WARNING - Unrecognised cell content 'FMA:22914'
WARNING - Unrecognised cell content 'FMA:22950'
WARNING - Unrecognised cell content 'FMA:22914'
WARNING - Unrecognised cell content 'FMA:67977'
WARNING - Unrecognised cell content ''
WARNING - Unrecognised cell content 'FMA:23058'
WARNING - Unrecognised cell content 'FMA:50855'
WARNING - Unrecognised cell content ''
WARNING - Unrecognised cell content 'FMA:14319'
WARNING - Unrecognised cell content 'FMA:50858'
WARNING - Unrecognised cell content 'FMA:4744'
WARNING - Unrecognised cell content 'FMA:14290'
WARNING - Unrecognised cell content 'FMA:10787'
WARNING - Unrecognised cell content 'FMA:14296'
WARNING - Unrecognised cell content 'FMA:4746'
WARNING - Unrecognised cell content 'FMA:50803'
WARNING - Unrecognised cell content 'FMA:4746'
WARNING - Unrecognised cell content 'FMA:50803'
WARNING - Unrecognised cell content 'FMA:50802'
WARNING - Unrecognised cell content 'FMA:76736'
WARNING - Unrecognised cell content 'FMA:12852'
WARNING - Unrecognised cell content 'FMA:4761'
WARNING - Unrecognised cell content 'FMA:4799'
WARNING - Unrecognised cell content 'FMA:4761'
WARNING - Unrecognised cell content 'FMA:4800'
WARNING - Unrecognised cell content 'FMA:4761'
WARNING - Unrecognised cell content 'FMA:4751'
WARNING - Unrecognised cell content 'FMA:13279'
WARNING - Unrecognised cell content 'FMA:13281'
WARNING - Unrecognised cell content 'FMA:9284'
WARNING - Unrecognised cell content 'FMA:68848'
WARNING - Unrecognised cell content 'FMA:9284'
WARNING - Unrecognised cell content 'FMA:68848'
WARNING - Unrecognised cell content 'FMA:8645'
WARNING - Unrecognised cell content 'FMA:9284'
WARNING - Unrecognised cell content 'FMA:68848'
WARNING - Unrecognised cell content 'FMA:8646'
WARNING - Unrecognised cell content 'FMA:9284'
WARNING - Unrecognised cell content 'FMA:68848'
WARNING - Unrecognised cell content 'FMA:8644'
WARNING - Unrecognised cell content 'FMA:9284'
WARNING - Unrecognised cell content 'FMA:68848'
WARNING - Unrecognised cell content 'FMA:8647'
WARNING - Unrecognised cell content 'FMA:9284'
WARNING - Unrecognised cell content 'FMA:8640'
WARNING - Unrecognised cell content 'FMA:9284'
WARNING - Unrecognised cell content 'FMA:8639'
WARNING - Unrecognised cell content 'FMA:9284'
WARNING - Unrecognised cell content 'FMA:8642'
WARNING - Unrecognised cell content 'FMA:8755'
WARNING - Unrecognised cell content 'FMA:9311'
WARNING - Unrecognised cell content 'FMA:8618'
WARNING - Unrecognised cell content 'FMA:68847'
WARNING - Unrecognised cell content 'FMA:8618'
WARNING - Unrecognised cell content 'FMA:68847'
WARNING - Unrecognised cell content 'FMA:8630'
WARNING - Unrecognised cell content 'FMA:8618'
WARNING - Unrecognised cell content 'FMA:68847'
WARNING - Unrecognised cell content 'FMA:8631'
WARNING - Unrecognised cell content 'FMA:8618'
WARNING - Unrecognised cell content 'FMA:68847'
WARNING - Unrecognised cell content 'FMA:8628'
WARNING - Unrecognised cell content 'FMA:8618'
WARNING - Unrecognised cell content 'FMA:68847'
WARNING - Unrecognised cell content 'FMA:8632'
WARNING - Unrecognised cell content 'FMA:8618'
WARNING - Unrecognised cell content 'FMA:68194'
WARNING - Unrecognised cell content 'FMA:8618'
WARNING - Unrecognised cell content 'FMA:68193'
WARNING - Unrecognised cell content 'FMA:8618'
WARNING - Unrecognised cell content 'FMA:8619'
WARNING - Unrecognised cell content 'FMA:8618'
WARNING - Unrecognised cell content 'FMA:8627'
WARNING - Unrecognised cell content 'FMA:8616'
WARNING - Unrecognised cell content 'FMA:8620'
WARNING - Unrecognised cell content 'FMA:8616'
WARNING - Unrecognised cell content 'FMA:8617'
WARNING - Different labels found for UBERON:0003471. Uberongraph: artery of lower lip ; ASCT+b table: inferior labial artery
WARNING - Different labels found for UBERON:0034727. Uberongraph: vestibular bulb artery ; ASCT+b table: artery of bulb of vestibule
WARNING - Different labels found for UBERON:0001508. Uberongraph: arch of aorta ; ASCT+b table: aortic arch
WARNING - Different labels found for UBERON:0001531. Uberongraph: right common carotid artery plus branches ; ASCT+b table: right common carotid artery
WARNING - Different labels found for UBERON:0003478. Uberongraph: vein of lower lip ; ASCT+b table: inferior labial vein
WARNING - Different labels found for UBERON:0014685. Uberongraph: pterygoid plexus ; ASCT+b table: pterygoid venous plexus
WARNING - Different labels found for UBERON:0001072. Uberongraph: posterior vena cava ; ASCT+b table: inferior vena cava
WARNING - Different labels found for UBERON:0035042. Uberongraph: middle temporal artery ; ASCT+b table: middle temporal artery #2
WARNING - Different labels found for UBERON:0010408. Uberongraph: ocular angle artery ; ASCT+b table: angular artery
WARNING - Different labels found for UBERON:0002079. Uberongraph: left cardiac atrium ; ASCT+b table: left atrium
WARNING - Different labels found for UBERON:0009887. Uberongraph: interlobar vein ; ASCT+b table: interlobar renal vein
WARNING - Different labels found for UBERON:0015173. Uberongraph: helicine branch of uterine artery ; ASCT+b table: arcuate artery of uterus
WARNING - Different labels found for UBERON:0001552. Uberongraph: kidney arcuate artery ; ASCT+b table: arcuate renal artery
WARNING - Different labels found for UBERON:0001414. Uberongraph: median basilic vein ; ASCT+b table: median cubital vein
WARNING - Different labels found for UBERON:0002078. Uberongraph: right cardiac atrium ; ASCT+b table: right atrium
WARNING - Different labels found for UBERON:0001281. Uberongraph: hepatic sinusoid ; ASCT+b table: liver sinusoid
WARNING - Different labels found for UBERON:0005168. Uberongraph: renal interlobular vein ; ASCT+b table: interlobular renal vein
WARNING - Different labels found for UBERON:0002455. Uberongraph: common plantar digital arteries ; ASCT+b table: common plantar digital artery
WARNING - Different labels found for UBERON:0006958. Uberongraph: great vein of heart ; ASCT+b table: great cardiac vein
WARNING - Different labels found for UBERON:0003477. Uberongraph: vein of upper lip ; ASCT+b table: superior labial vein
WARNING - Different labels found for UBERON:0006144. Uberongraph: medial plantar digital vein ; ASCT+b table: medial plantar vein
WARNING - Different labels found for UBERON:0004689. Uberongraph: naso-frontal vein ; ASCT+b table: nasofrontal vein
WARNING - Different labels found for UBERON:0002080. Uberongraph: heart right ventricle ; ASCT+b table: right ventricle
WARNING - Different labels found for UBERON:0009885. Uberongraph: interlobar artery ; ASCT+b table: interlobar renal artery
WARNING - Different labels found for UBERON:0004723. Uberongraph: interlobular artery ; ASCT+b table: interlobular renal artery
WARNING - Different labels found for UBERON:0006198. Uberongraph: dorsal intercostal artery ; ASCT+b table: supreme intercostal artery
WARNING - Different labels found for UBERON:0004719. Uberongraph: kidney arcuate vein ; ASCT+b table: arcuate renal vein
WARNING - Different labels found for UBERON:0001395. Uberongraph: thoraco-acromial artery ; ASCT+b table: thoracoacromial artery
WARNING - Different labels found for UBERON:0035547. Uberongraph: posterior ciliary vein ; ASCT+b table: vorticose vein
WARNING - Different labels found for UBERON:0001330. Uberongraph: pampiniform plexus ; ASCT+b table: pampiniform venous plexus
WARNING - Different labels found for UBERON:0012187. Uberongraph: frontal artery ; ASCT+b table: supratrochlear artery
WARNING - Different labels found for UBERON:0002084. Uberongraph: heart left ventricle ; ASCT+b table: left ventricle
WARNING - Different labels found for UBERON:0003470. Uberongraph: artery of upper lip ; ASCT+b table: superior labial artery
WARNING - Different labels found for UBERON:0004688. Uberongraph: costo-cervical trunk ; ASCT+b table: costocervical trunk
WARNING - Different labels found for UBERON:0004726. Uberongraph: vasa recta ; ASCT+b table: vasa recta of kidney
WARNING - Different labels found for UBERON:0001536. Uberongraph: left common carotid artery plus branches ; ASCT+b table: left common carotid artery
WARNING - Different labels found for UBERON:0006146. Uberongraph: dorsal digital artery of manus ; ASCT+b table: dorsal digital artery of hand
WARNING - Different labels found for UBERON:0006632. Uberongraph: musculo-phrenic artery ; ASCT+b table: musculophrenic artery
WARNING - Different labels found for UBERON:0001585. Uberongraph: anterior vena cava ; ASCT+b table: superior vena cava
WARNING - Different labels found for UBERON:0001530. Uberongraph: common carotid artery plus branches ; ASCT+b table: common carotid artery
WARNING - Different labels found for UBERON:0006662. Uberongraph: musculo-phrenic vein ; ASCT+b table: musculophrenic vein
