WARNING - Different labels found for PCL:0015001. Uberongraph: Inh L1 LAMP5 PVRL2 primary motor cortex GABAergic interneuron (Hsap) ; ASCT+b table: Inh L1 LAMP5 PVRL2
WARNING - Different labels found for PCL:0015002. Uberongraph: Inh L1 LAMP5 RAB11FIP1 primary motor cortex GABAergic interneuron (Hsap) ; ASCT+b table: Inh L1 LAMP5 RAB11FIP1
WARNING - Different labels found for PCL:0015003. Uberongraph: Inh L1-6 LAMP5 AARD primary motor cortex GABAergic interneuron (Hsap) ; ASCT+b table: Inh L1-6 LAMP5 AARD
WARNING - Different labels found for PCL:0015004. Uberongraph: Inh L1-6 LAMP5 NES primary motor cortex GABAergic interneuron (Hsap) ; ASCT+b table: Inh L1-6 LAMP5 NES
WARNING - Different labels found for PCL:0015005. Uberongraph: Inh L1-6 LAMP5 CA1 primary motor cortex GABAergic interneuron (Hsap) ; ASCT+b table: Inh L1-6 LAMP5 CA1
WARNING - Different labels found for PCL:0015006. Uberongraph: Inh L5-6 LAMP5 CRABP1 primary motor cortex GABAergic interneuron (Hsap) ; ASCT+b table: Inh L5-6 LAMP5 CRABP1
WARNING - Different labels found for PCL:0015007. Uberongraph: Inh L3-6 PAX6 LINC01497 primary motor cortex GABAergic interneuron (Hsap) ; ASCT+b table: Inh L3-6 PAX6 LINC01497
WARNING - Different labels found for PCL:0015008. Uberongraph: Inh L1 PAX6 MIR101-1 primary motor cortex GABAergic interneuron (Hsap) ; ASCT+b table: Inh L1 PAX6 MIR101-1
WARNING - Different labels found for PCL:0015009. Uberongraph: Inh L1 PAX6 CHRFAM7A primary motor cortex GABAergic interneuron (Hsap) ; ASCT+b table: Inh L1 PAX6 CHRFAM7A
WARNING - Different labels found for PCL:0015010. Uberongraph: Inh L1-6 VIP SLC7A6OS primary motor cortex GABAergic interneuron (Hsap) ; ASCT+b table: Inh L1-6 VIP SLC7A6OS
WARNING - Different labels found for PCL:0015011. Uberongraph: Inh L2 PAX6 FREM2 primary motor cortex GABAergic interneuron (Hsap) ; ASCT+b table: Inh L2 PAX6 FREM2
WARNING - Different labels found for PCL:0015012. Uberongraph: Inh L1-2 VIP HTR3A primary motor cortex GABAergic interneuron (Hsap) ; ASCT+b table: Inh L1-2 VIP HTR3A
WARNING - Different labels found for PCL:0015013. Uberongraph: Inh L1-2 VIP WNT4 primary motor cortex GABAergic interneuron (Hsap) ; ASCT+b table: Inh L1-2 VIP WNT4
WARNING - Different labels found for PCL:0015014. Uberongraph: Inh L1 LAMP5 BMP2 primary motor cortex GABAergic interneuron (Hsap) ; ASCT+b table: Inh L1 LAMP5 BMP2
WARNING - Different labels found for PCL:0015015. Uberongraph: Inh L1 LAMP5 NMBR primary motor cortex GABAergic interneuron (Hsap) ; ASCT+b table: Inh L1 LAMP5 NMBR
WARNING - Different labels found for PCL:0015016. Uberongraph: Inh L1 PVALB-like SST ASIC4 primary motor cortex GABAergic interneuron (Hsap) ; ASCT+b table: Inh L1 PVALB SST ASIC4
WARNING - Different labels found for PCL:0015017. Uberongraph: Inh L1 SST P4HA3 primary motor cortex GABAergic interneuron (Hsap) ; ASCT+b table: Inh L1 SST P4HA3
WARNING - Different labels found for PCL:0015018. Uberongraph: Inh L1 SST DEFB108B primary motor cortex GABAergic interneuron (Hsap) ; ASCT+b table: Inh L1 SST DEFB108B
WARNING - Different labels found for PCL:0015019. Uberongraph: Inh L1-3 VIP CBLN1 primary motor cortex GABAergic interneuron (Hsap) ; ASCT+b table: Inh L1-3 VIP CBLN1
WARNING - Different labels found for PCL:0015020. Uberongraph: Inh L1-2 VIP EXPH5 primary motor cortex GABAergic interneuron (Hsap) ; ASCT+b table: Inh L1-2 VIP EXPH5
WARNING - Different labels found for PCL:0015021. Uberongraph: Inh L1-3 VIP HSPB6 primary motor cortex GABAergic interneuron (Hsap) ; ASCT+b table: Inh L1-3 VIP HSPB6
WARNING - Different labels found for PCL:0015022. Uberongraph: Inh L1-2 VIP PTGER3 primary motor cortex GABAergic interneuron (Hsap) ; ASCT+b table: Inh L1-2 VIP PTGER3
WARNING - Different labels found for PCL:0015023. Uberongraph: Inh L1-2 VIP SCML4 primary motor cortex GABAergic interneuron (Hsap) ; ASCT+b table: Inh L1-2 VIP SCML4
WARNING - Different labels found for PCL:0015024. Uberongraph: Inh L1-3 VIP FNDC1 primary motor cortex GABAergic interneuron (Hsap) ; ASCT+b table: Inh L1-3 VIP FNDC1
WARNING - Different labels found for PCL:0015025. Uberongraph: Inh L1-3 VIP CHRNA2 primary motor cortex GABAergic interneuron (Hsap) ; ASCT+b table: Inh L1-3 VIP CHRNA2
WARNING - Different labels found for PCL:0015026. Uberongraph: Inh L2 VIP SLC6A16 primary motor cortex GABAergic interneuron (Hsap) ; ASCT+b table: Inh L2 VIP SLC6A16
WARNING - Different labels found for PCL:0015027. Uberongraph: Inh L1 VIP KLHDC8B primary motor cortex GABAergic interneuron (Hsap) ; ASCT+b table: Inh L1 VIP KLHDC8B
WARNING - Different labels found for PCL:0015028. Uberongraph: Inh L3-5 VIP IGDCC3 primary motor cortex GABAergic interneuron (Hsap) ; ASCT+b table: Inh L3-5 VIP IGDCC3
WARNING - Different labels found for PCL:0015029. Uberongraph: Inh L1-5 VIP SMOC1 primary motor cortex GABAergic interneuron (Hsap) ; ASCT+b table: Inh L1-5 VIP SMOC1
WARNING - Different labels found for PCL:0015030. Uberongraph: Inh L3-5 VIP HS3ST3A1 primary motor cortex GABAergic interneuron (Hsap) ; ASCT+b table: Inh L3-5 VIP HS3ST3A1
WARNING - Different labels found for PCL:0015031. Uberongraph: Inh L5-6 VIP COL4A3 primary motor cortex GABAergic interneuron (Hsap) ; ASCT+b table: Inh L5-6 VIP COL4A3
WARNING - Different labels found for PCL:0015032. Uberongraph: Inh L1-5 VIP CD27-AS1 primary motor cortex GABAergic interneuron (Hsap) ; ASCT+b table: Inh L1-5 VIP CD27-AS1
WARNING - Different labels found for PCL:0015033. Uberongraph: Inh L2-5 VIP BSPRY primary motor cortex GABAergic interneuron (Hsap) ; ASCT+b table: Inh L2-5 VIP BSPRY
WARNING - Different labels found for PCL:0015034. Uberongraph: Inh L2-5 VIP SOX11 primary motor cortex GABAergic interneuron (Hsap) ; ASCT+b table: Inh L2-5 VIP SOX11
WARNING - Different labels found for PCL:0015035. Uberongraph: Inh L3-6 VIP ZIM2-AS1 primary motor cortex GABAergic interneuron (Hsap) ; ASCT+b table: Inh L3-6 VIP ZIM2-AS1
WARNING - Different labels found for PCL:0015036. Uberongraph: Inh L1-5 VIP PHLDB3 primary motor cortex GABAergic interneuron (Hsap) ; ASCT+b table: Inh L1-5 VIP PHLDB3
WARNING - Different labels found for PCL:0015037. Uberongraph: Inh L1-5 VIP LINC01013 primary motor cortex GABAergic interneuron (Hsap) ; ASCT+b table: Inh L1-5 VIP LINC01013
WARNING - Different labels found for PCL:0015038. Uberongraph: Inh L3-6 VIP UG0898H09 primary motor cortex GABAergic interneuron (Hsap) ; ASCT+b table: Inh L3-6 VIP UG0898H09
WARNING - Different labels found for PCL:0015039. Uberongraph: Inh L3-5 VIP TAC3 primary motor cortex GABAergic interneuron (Hsap) ; ASCT+b table: Inh L3-5 VIP TAC3
WARNING - Different labels found for PCL:0015040. Uberongraph: Inh L1-6 SST NPY primary motor cortex GABAergic interneuron (Hsap) ; ASCT+b table: Inh L1-6 SST NPY (Sset Chodl)
WARNING - Different labels found for PCL:0015041. Uberongraph: Inh L3-5 SST CDH3 primary motor cortex GABAergic interneuron (Hsap) ; ASCT+b table: Inh L3-5 SST CDH3
WARNING - Different labels found for PCL:0015042. Uberongraph: Inh L5 SST RPL35AP11 primary motor cortex GABAergic interneuron (Hsap) ; ASCT+b table: Inh L5 SST RPL35AP11
WARNING - Different labels found for PCL:0015043. Uberongraph: Inh L5-6 SST ISX primary motor cortex GABAergic interneuron (Hsap) ; ASCT+b table: Inh L5-6 SST ISX
WARNING - Different labels found for PCL:0015044. Uberongraph: Inh L5-6 PVALB SST CRHR2 primary motor cortex GABAergic interneuron (Hsap) ; ASCT+b table: Inh L5-6 PVALB SST CRHR2
WARNING - Different labels found for PCL:0015045. Uberongraph: Inh L3-5 SST OR5AH1P primary motor cortex GABAergic interneuron (Hsap) ; ASCT+b table: Inh L3-5 SST OR5AH1P
WARNING - Different labels found for PCL:0015046. Uberongraph: Inh L3-5 SST GGTLC3 primary motor cortex GABAergic interneuron (Hsap) ; ASCT+b table: Inh L3-5 SST GGTLC3
WARNING - Different labels found for PCL:0015047. Uberongraph: Inh L2-3 SST NMU primary motor cortex GABAergic interneuron (Hsap) ; ASCT+b table: Inh L2-3 SST NMU
WARNING - Different labels found for PCL:0015048. Uberongraph: Inh L5-6 SST PAWR primary motor cortex GABAergic interneuron (Hsap) ; ASCT+b table: Inh L5-6 SST PAWR
WARNING - Different labels found for PCL:0015049. Uberongraph: Inh L5-6 SST PIK3CD primary motor cortex GABAergic interneuron (Hsap) ; ASCT+b table: Inh L5-6 SST PIK3CD
WARNING - Different labels found for PCL:0015050. Uberongraph: Inh L1-2 SST CCNJL primary motor cortex GABAergic interneuron (Hsap) ; ASCT+b table: Inh L1-2 SST CCNJL
WARNING - Different labels found for PCL:0015051. Uberongraph: Inh L1-3 SST FAM20A primary motor cortex GABAergic interneuron (Hsap) ; ASCT+b table: Inh L1-3 SST FAM20A
WARNING - Different labels found for PCL:0015052. Uberongraph: Inh L1-2 SST PRRT4 primary motor cortex GABAergic interneuron (Hsap) ; ASCT+b table: Inh L1-2 SST PRRT4
WARNING - Different labels found for PCL:0015053. Uberongraph: Inh L5-6 SST BEAN1 primary motor cortex GABAergic interneuron (Hsap) ; ASCT+b table: Inh L5-6 SST BEAN1
WARNING - Different labels found for PCL:0015054. Uberongraph: Inh L5-6 SST DNAJC14 primary motor cortex GABAergic interneuron (Hsap) ; ASCT+b table: Inh L5-6 SST DNAJC14
WARNING - Different labels found for PCL:0015055. Uberongraph: Inh L5-6 SST C4orf26 primary motor cortex GABAergic interneuron (Hsap) ; ASCT+b table: Inh L5-6 SST C4orf26
WARNING - Different labels found for PCL:0015056. Uberongraph: Inh L5-6 SST FBN2 primary motor cortex GABAergic interneuron (Hsap) ; ASCT+b table: Inh L5-6 SST FBN2
WARNING - Different labels found for PCL:0015057. Uberongraph: Inh L5-6 SST KLHL1 primary motor cortex GABAergic interneuron (Hsap) ; ASCT+b table: Inh L5-6 SST KLHL1
WARNING - Different labels found for PCL:0015058. Uberongraph: Inh L6 SST TH primary motor cortex GABAergic interneuron (Hsap) ; ASCT+b table: Inh L6 SST TH
WARNING - Different labels found for PCL:0015059. Uberongraph: Inh L5-6 PVALB KCNIP2 primary motor cortex GABAergic interneuron (Hsap) ; ASCT+b table: Inh L5-6 PVALB KCNIP2
WARNING - Different labels found for PCL:0015060. Uberongraph: Inh L5-6 PVALB ZFPM2-AS1 primary motor cortex GABAergic interneuron (Hsap) ; ASCT+b table: Inh L5-6 PVALB ZFPM2-AS1
WARNING - Different labels found for PCL:0015061. Uberongraph: Inh L3-5 PVALB ISG20 primary motor cortex GABAergic interneuron (Hsap) ; ASCT+b table: Inh L3-5 PVALB ISG20
WARNING - Different labels found for PCL:0015062. Uberongraph: Inh L5 PVALB LRIG3 primary motor cortex GABAergic interneuron (Hsap) ; ASCT+b table: Inh L5 PVALB LRIG3
WARNING - Different labels found for PCL:0015063. Uberongraph: Inh L2-5 PVALB HHIPL1 primary motor cortex GABAergic interneuron (Hsap) ; ASCT+b table: Inh L2-5 PVALB HHIPL1
WARNING - Different labels found for PCL:0015064. Uberongraph: Inh L2-5 PVALB RPH3AL primary motor cortex GABAergic interneuron (Hsap) ; ASCT+b table: Inh L2-5 PVALB RPH3AL
WARNING - Different labels found for PCL:0015065. Uberongraph: Inh L3 PVALB SAMD13 primary motor cortex GABAergic interneuron (Hsap) ; ASCT+b table: Inh L3 PVALB SAMD13
WARNING - Different labels found for PCL:0015066. Uberongraph: Inh L1-2 PVALB CDK20 primary motor cortex GABAergic interneuron (Hsap) ; ASCT+b table: Inh L1-2 PVALB CDK20
WARNING - Different labels found for PCL:0015067. Uberongraph: Inh L2 PVALB FRZB primary motor cortex GABAergic interneuron (Hsap) ; ASCT+b table: Inh L2 PVALB FRZB
WARNING - Different labels found for PCL:0015068. Uberongraph: Inh L1-2 SST CLIC6 primary motor cortex GABAergic interneuron (Hsap) ; ASCT+b table: Inh L1-2 SST CLIC6
WARNING - Different labels found for PCL:0015069. Uberongraph: Inh L5-6 PVALB GAPDHP60 primary motor cortex GABAergic interneuron (Hsap) ; ASCT+b table: Inh L5-6 PVALB GAPDHP60
WARNING - Different labels found for PCL:0015070. Uberongraph: Inh L5-6 PVALB FAM150B primary motor cortex GABAergic interneuron (Hsap) ; ASCT+b table: Inh L5-6 PVALB FAM150B
WARNING - Different labels found for PCL:0015071. Uberongraph: Inh L5-6 PVALB MEPE primary motor cortex GABAergic interneuron (Hsap) ; ASCT+b table: Inh L5-6 PVALB MEPE
WARNING - Different labels found for PCL:0015072. Uberongraph: Inh L1-6 PVALB COL15A1 primary motor cortex GABAergic interneuron (Hsap) ; ASCT+b table: Inh L1-6 PVALB COL15A1 (Chandelier)
WARNING - Different labels found for PCL:0015073. Uberongraph: Exc L2 LAMP5 KCNG3 primary motor cortex glutamatergic neuron (Hsap) ; ASCT+b table: Exc L2 LAMP5 KCNG3
WARNING - Different labels found for PCL:0015074. Uberongraph: Exc L2 LINC00507 ATP7B primary motor cortex glutamatergic neuron (Hsap) ; ASCT+b table: Exc L2 LINC00507 ATP7B
WARNING - Different labels found for PCL:0015075. Uberongraph: Exc L2 LINC00507 GLRA3 primary motor cortex glutamatergic neuron (Hsap) ; ASCT+b table: Exc L2 LINC00507 GLRA3
WARNING - Different labels found for PCL:0015076. Uberongraph: Exc L2-3 RORB RTKN2 primary motor cortex glutamatergic neuron (Hsap) ; ASCT+b table: Exc L2-3 RORB RTKN2
WARNING - Different labels found for PCL:0015077. Uberongraph: Exc L2-3 LINC00507 DSG3 primary motor cortex glutamatergic neuron (Hsap) ; ASCT+b table: Exc L2-3 LINC00507 DSG3
WARNING - Different labels found for PCL:0015078. Uberongraph: Exc L3 LAMP5 CARM1P1 primary motor cortex glutamatergic neuron (Hsap) ; ASCT+b table: Exc L3 LAMP5 CARM1P1
WARNING - Different labels found for PCL:0015079. Uberongraph: Oligo L2-6 OPALIN MAP6D1 primary motor cortex oligodendrocyte precursor cell (Hsap) ; ASCT+b table: Oligo L2-6 OPALIN MAP6D1
WARNING - Different labels found for PCL:0015080. Uberongraph: Exc L2-3 RORB CCDC68 primary motor cortex glutamatergic neuron (Hsap) ; ASCT+b table: Exc L2-3 RORB CCDC68
WARNING - Different labels found for PCL:0015081. Uberongraph: Exc L2-3 RORB PTPN3 primary motor cortex glutamatergic neuron (Hsap) ; ASCT+b table: Exc L2-3 RORB PTPN3
WARNING - Different labels found for PCL:0015082. Uberongraph: Exc L3 THEMIS ENPEP primary motor cortex glutamatergic neuron (Hsap) ; ASCT+b table: Exc L3 THEMIS ENPEP
WARNING - Different labels found for PCL:0015083. Uberongraph: Exc L3-5 RORB TNNT2 primary motor cortex glutamatergic neuron (Hsap) ; ASCT+b table: Exc L3-5 RORB TNNT2
WARNING - Different labels found for PCL:0015084. Uberongraph: Exc L3-5 RORB LAMA4 primary motor cortex glutamatergic neuron (Hsap) ; ASCT+b table: Exc L3-5 RORB LAMA4
WARNING - Different labels found for PCL:0015085. Uberongraph: Exc L5 THEMIS VILL primary motor cortex glutamatergic neuron (Hsap) ; ASCT+b table: Exc L5 THEMIS VILL
WARNING - Different labels found for PCL:0015086. Uberongraph: Exc L3 RORB OTOGL primary motor cortex glutamatergic neuron (Hsap) ; ASCT+b table: Exc L3 RORB OTOGL
WARNING - Different labels found for PCL:0015087. Uberongraph: Exc L3-5 RORB LINC01202 primary motor cortex glutamatergic neuron (Hsap) ; ASCT+b table: Exc L3-5 RORB LINC01202
WARNING - Different labels found for PCL:0015088. Uberongraph: Exc L5 THEMIS SLC22A18 primary motor cortex glutamatergic neuron (Hsap) ; ASCT+b table: Exc L5 THEMIS SLC22A18
WARNING - Different labels found for PCL:0015089. Uberongraph: Exc L5-6 THEMIS TNFAIP6 primary motor cortex glutamatergic neuron (Hsap) ; ASCT+b table: Exc L5-6 THEMIS TNFAIP6
WARNING - Different labels found for PCL:0015090. Uberongraph: Exc L3-5 RORB LNX2 primary motor cortex glutamatergic neuron (Hsap) ; ASCT+b table: Exc L3-5 RORB LNX2
WARNING - Different labels found for PCL:0015091. Uberongraph: Exc L3-5 RORB RPRM primary motor cortex glutamatergic neuron (Hsap) ; ASCT+b table: Exc L3-5 RORB RPRM
WARNING - Different labels found for PCL:0015092. Uberongraph: Exc L5 RORB MED8 primary motor cortex glutamatergic neuron (Hsap) ; ASCT+b table: Exc L5 RORB MED8
WARNING - Different labels found for PCL:0015093. Uberongraph: Exc L5 THEMIS FGF10 primary motor cortex glutamatergic neuron (Hsap) ; ASCT+b table: Exc L5 THEMIS FGF10
WARNING - Different labels found for PCL:0015094. Uberongraph: Exc L6 THEMIS LINC00343 primary motor cortex glutamatergic neuron (Hsap) ; ASCT+b table: Exc L6 THEMIS LINC00343
WARNING - Different labels found for PCL:0015095. Uberongraph: Exc L6 THEMIS SLN primary motor cortex glutamatergic neuron (Hsap) ; ASCT+b table: Exc L6 THEMIS SLN
WARNING - Different labels found for PCL:0015096. Uberongraph: Exc L6 THEMIS SNTG2 primary motor cortex glutamatergic neuron (Hsap) ; ASCT+b table: Exc L6 THEMIS SNTG2
WARNING - Different labels found for PCL:0015097. Uberongraph: Exc L5-6 THEMIS SMYD1 primary motor cortex glutamatergic neuron (Hsap) ; ASCT+b table: Exc L5-6 THEMIS SMYD1 (L6 IT Car3)
WARNING - Different labels found for PCL:0015098. Uberongraph: Exc L5-6 FEZF2 OR1L8 primary motor cortex glutamatergic neuron (Hsap) ; ASCT+b table: Exc L5-6 FEZF2 OR1L8
WARNING - Different labels found for PCL:0015099. Uberongraph: Exc L5 THEMIS LINC01116 primary motor cortex glutamatergic neuron (Hsap) ; ASCT+b table: Exc L5 THEMIS LINC01116
WARNING - Different labels found for PCL:0015100. Uberongraph: Exc L5 THEMIS RGPD6 primary motor cortex glutamatergic neuron (Hsap) ; ASCT+b table: Exc L5 THEMIS RGPD6
WARNING - Different labels found for PCL:0015101. Uberongraph: Exc L5-6 FEZF2 C9orf135-AS1 primary motor cortex glutamatergic neuron (Hsap) ; ASCT+b table: Exc L5-6 FEZF2 C9orf135-AS1
WARNING - Different labels found for PCL:0015102. Uberongraph: Exc L5-6 FEZF2 FILIP1L primary motor cortex glutamatergic neuron (Hsap) ; ASCT+b table: Exc L5-6 FEZF2 FILIP1L
WARNING - Different labels found for PCL:0015103. Uberongraph: Exc L5-6 FEZF2 SH2D1B primary motor cortex glutamatergic neuron (Hsap) ; ASCT+b table: Exc L5-6 FEZF2 SH2D1B
WARNING - Different labels found for PCL:0015104. Uberongraph: Exc L6 FEZF2 PDYN primary motor cortex glutamatergic neuron (Hsap) ; ASCT+b table: Exc L6 FEZF2 PDYN
WARNING - Different labels found for PCL:0015105. Uberongraph: Exc L6 FEZF2 FFAR4 primary motor cortex glutamatergic neuron (Hsap) ; ASCT+b table: Exc L6 FEZF2 FFAR4
WARNING - Different labels found for PCL:0015106. Uberongraph: Exc L6 FEZF2 PROKR2 primary motor cortex glutamatergic neuron (Hsap) ; ASCT+b table: Exc L6 FEZF2 PROKR2
WARNING - Different labels found for PCL:0015107. Uberongraph: Exc L5-6 FEZF2 CFTR primary motor cortex glutamatergic neuron (Hsap) ; ASCT+b table: Exc L5-6 FEZF2 CFTR
WARNING - Different labels found for PCL:0015108. Uberongraph: Exc L6 FEZF2 KLK7 primary motor cortex glutamatergic neuron (Hsap) ; ASCT+b table: Exc L6 FEZF2 KLK7
WARNING - Different labels found for PCL:0015109. Uberongraph: Exc L6 FEZF2 POGK primary motor cortex glutamatergic neuron (Hsap) ; ASCT+b table: Exc L6 FEZF2 POGK
WARNING - Different labels found for PCL:0015110. Uberongraph: Exc L5 FEZF2 CSN1S1 primary motor cortex glutamatergic neuron (Hsap) ; ASCT+b table: Exc L5 FEZF2 CSN1S1
WARNING - Different labels found for PCL:0015111. Uberongraph: Exc L3-5 FEZF2 ASGR2 primary motor cortex glutamatergic neuron (Hsap) ; ASCT+b table: Exc L3-5 FEZF2 ASGR2
WARNING - Different labels found for PCL:0015112. Uberongraph: Exc L3-5 FEZF2 LINC01107 primary motor cortex glutamatergic neuron (Hsap) ; ASCT+b table: Exc L3-5 FEZF2 LINC01107
WARNING - Different labels found for PCL:0015113. Uberongraph: Exc L5 FEZF2 PKD2L1 primary motor cortex glutamatergic neuron (Hsap) ; ASCT+b table: Exc L5 FEZF2 PKD2L1
WARNING - Different labels found for PCL:0015114. Uberongraph: Exc L5 FEZF2 NREP-AS1 primary motor cortex glutamatergic neuron (Hsap) ; ASCT+b table: Exc L5 FEZF2 NREP-AS1
WARNING - Different labels found for PCL:0015115. Uberongraph: Exc L5 FEZF2 RNF144A-AS1 primary motor cortex glutamatergic neuron (Hsap) ; ASCT+b table: Exc L5 FEZF2 RNF144A-AS1
WARNING - Different labels found for PCL:0015116. Uberongraph: Exc L5-6 FEZF2 IFNG-AS1 primary motor cortex glutamatergic neuron (Hsap) ; ASCT+b table: Exc L5-6 FEZF2 IFNG-AS1
WARNING - Different labels found for PCL:0015117. Uberongraph: Exc L5-6 FEZF2 LPO primary motor cortex glutamatergic neuron (Hsap) ; ASCT+b table: Exc L5-6 FEZF2 LPO
WARNING - Different labels found for PCL:0015118. Uberongraph: OPC L1-6 PDGFRA COL20A1 primary motor cortex oligodendrocyte precursor cell (Hsap) ; ASCT+b table: OPC L1-6 PDGFRA COL20A1
WARNING - Different labels found for PCL:0015119. Uberongraph: Oligo L3-6 OPALIN-like ENPP6 primary motor cortex oligodendrocyte precursor cell (Hsap) ; ASCT+b table: Oligo L3-6 OPALIN ENPP6
WARNING - Different labels found for PCL:0015120. Uberongraph: Oligo L2-6 OPALIN FTH1P3 primary motor cortex oligodendrocyte precursor cell (Hsap) ; ASCT+b table: Oligo L2-6 OPALIN FTH1P3
WARNING - Different labels found for PCL:0015121. Uberongraph: Oligo L5-6 OPALIN LDLRAP1 primary motor cortex oligodendrocyte (Hsap) ; ASCT+b table: Oligo L5-6 OPALIN LDLRAP1
WARNING - Different labels found for PCL:0015122. Uberongraph: Astro L1-6 FGFR3 AQP1 primary motor cortex astrocyte (Hsap) ; ASCT+b table: Astro L1-6 FGFR3 AQP1
WARNING - Different labels found for PCL:0015123. Uberongraph: Astro L1 FGFR3 SERPINI2 primary motor cortex astrocyte (Hsap) ; ASCT+b table: Astro L1 FGFR3 SERPINI2
WARNING - Different labels found for PCL:0015124. Uberongraph: Astro L1-6 FGFR3 PLCG1 primary motor cortex astrocyte (Hsap) ; ASCT+b table: Astro L1-6 FGFR3 PLCG1
WARNING - Different labels found for PCL:0015125. Uberongraph: Endo L2-5 NOSTRIN SRGN primary motor cortex endothelial cell (Hsap) ; ASCT+b table: Endo L2-5 NOSTRIN SRGN
WARNING - Different labels found for PCL:0015126. Uberongraph: VLMC L1-5 PDGFRA COLEC12 primary motor cortex vascular leptomeningeal cell (Hsap) ; ASCT+b table: VLMC L1-5 PDGFRA COLEC12
WARNING - Different labels found for PCL:0015127. Uberongraph: Micro L1-6 TYROBP CD74 primary motor cortex microglial cell (Hsap) ; ASCT+b table: Micro L1-6 TYROBP CD74
WARNING - Different labels found for UBERON:0000052. Uberongraph: fornix of brain ; ASCT+b table: fornix
WARNING - Different labels found for UBERON:0001717. Uberongraph: spinal nucleus of trigeminal nerve ; ASCT+b table: spinal trigeminal nucleus
WARNING - Different labels found for UBERON:0001890. Uberongraph: forebrain ; ASCT+b table: forebrain (prosencephalon)
WARNING - Different labels found for UBERON:0001891. Uberongraph: midbrain ; ASCT+b table: midbrain (mesencephalon)
WARNING - Different labels found for UBERON:0002022. Uberongraph: insula ; ASCT+b table: insular lobe
WARNING - Different labels found for UBERON:0002023. Uberongraph: claustrum of brain ; ASCT+b table: claustrum
WARNING - Different labels found for UBERON:0002028. Uberongraph: hindbrain ; ASCT+b table: hindbrain (rhombencephalon)
WARNING - Different labels found for UBERON:0002151. Uberongraph: pontine nuclear group ; ASCT+b table: basilar part of pons (Pontine nuclei)
WARNING - Different labels found for UBERON:0002285. Uberongraph: telencephalic ventricle ; ASCT+b table: lateral ventricles
WARNING - Different labels found for UBERON:0002289. Uberongraph: midbrain cerebral aqueduct ; ASCT+b table: ventricle of midbrain (cerebral aqueduct)
WARNING - Different labels found for UBERON:0002291. Uberongraph: central canal of spinal cord ; ASCT+b table: central canal of medulla oblongata
WARNING - Different labels found for UBERON:0002476. Uberongraph: lateral globus pallidus ; ASCT+b table: globus pallidus, external
WARNING - Different labels found for UBERON:0002477. Uberongraph: medial globus pallidus ; ASCT+b table: globus pallidus, internal
WARNING - Different labels found for UBERON:0002590. Uberongraph: prepyriform area ; ASCT+b table: prepiriform region
WARNING - Different labels found for UBERON:0002624. Uberongraph: orbital part of inferior frontal gyrus ; ASCT+b table: inferior frontal gyrus, orbital part
WARNING - Different labels found for UBERON:0002629. Uberongraph: triangular part of inferior frontal gyrus ; ASCT+b table: inferior frontal gyrus, triangular part
WARNING - Different labels found for UBERON:0002644. Uberongraph: intermediate orbital gyrus ; ASCT+b table: anterior intermediate orbital gyrus
WARNING - Different labels found for UBERON:0002707. Uberongraph: corticospinal tract ; ASCT+b table: pyramidal tract
WARNING - Different labels found for UBERON:0002738. Uberongraph: isthmus of cingulate gyrus ; ASCT+b table: cingulo-parahippocampal isthmus
WARNING - Different labels found for UBERON:0002740. Uberongraph: posterior cingulate gyrus ; ASCT+b table: cingulate gyrus, caudal (posterior) part
WARNING - Different labels found for UBERON:0002756. Uberongraph: anterior cingulate gyrus ; ASCT+b table: cingulate gyrus, rostral (anterior) part
WARNING - Different labels found for UBERON:0002980. Uberongraph: opercular part of inferior frontal gyrus ; ASCT+b table: inferior frontal gyrus, opercular part
WARNING - Different labels found for UBERON:0003020. Uberongraph: subcallosal area ; ASCT+b table: subcallosal gyrus (parolfactory gyrus)
WARNING - Different labels found for UBERON:0003040. Uberongraph: central gray substance of midbrain ; ASCT+b table: periaqueductal gray substance
WARNING - Different labels found for UBERON:0004086. Uberongraph: brain ventricle ; ASCT+b table: ventricles of hindbrain
WARNING - Different labels found for UBERON:0004671. Uberongraph: gyrus rectus ; ASCT+b table: gyrus rectus (straight gyrus)
WARNING - Different labels found for UBERON:0004672. Uberongraph: posterior horn lateral ventricle ; ASCT+b table: posterior horn of lateral ventricle
WARNING - Different labels found for UBERON:0004725. Uberongraph: piriform cortex ; ASCT+b table: lateral olfactory gyrus
WARNING - Different labels found for UBERON:0006083. Uberongraph: perirhinal cortex ; ASCT+b table: perirhinal gyrus ( rostral part of FuGt)
WARNING - Different labels found for UBERON:0006091. Uberongraph: inferior horn of the lateral ventricle ; ASCT+b table: inferior horn of lateral ventricle
WARNING - Different labels found for UBERON:0006092. Uberongraph: cuneus cortex ; ASCT+b table: cuneus
WARNING - Different labels found for UBERON:0006093. Uberongraph: precuneus cortex ; ASCT+b table: precuneus
WARNING - Different labels found for UBERON:0007228. Uberongraph: vestibular nucleus ; ASCT+b table: vestibular nuclei
WARNING - Different labels found for UBERON:0007634. Uberongraph: parabrachial nucleus ; ASCT+b table: parabrachial nuclei
WARNING - Different labels found for UBERON:0007769. Uberongraph: medial preoptic region ; ASCT+b table: preoptic region
WARNING - Different labels found for UBERON:0010011. Uberongraph: collection of basal ganglia ; ASCT+b table: basal nuclei (basal ganglia)
WARNING - Different labels found for UBERON:0022364. Uberongraph: occipital fusiform gyrus ; ASCT+b table: occipitotemporal (fusiform) gyrus, temporal part
WARNING - Different labels found for UBERON:0024151. Uberongraph: tegmentum ; ASCT+b table: tegmentum of the medulla
WARNING - Different labels found for UBERON:0034891. Uberongraph: insular cortex ; ASCT+b table: long insular gyri
WARNING - Different labels found for UBERON:0035932. Uberongraph: anterior segment of paracentral lobule ; ASCT+b table: paracentral lobule, rostral part
WARNING - No valid ID provided for '', label: amygdaloid complex, user_label: 
WARNING - No valid ID provided for '', label: anterior nuclear complex, user_label: 
WARNING - No valid ID provided for '', label: atrium of lateral ventricle, user_label: 
WARNING - No valid ID provided for '', label: caudate nucleus, user_label: 
WARNING - No valid ID provided for '', label: centromedian nucleus, user_label: 
WARNING - No valid ID provided for '', label: cerebellar deep nuclei, user_label: 
WARNING - No valid ID provided for '', label: cingulate gyrus, retrospleninal part, user_label: 
WARNING - No valid ID provided for '', label: corpus callosum (midline portion), user_label: 
WARNING - No valid ID provided for '', label: frontomarginal gyrus, user_label: 
WARNING - No valid ID provided for '', label: habenular nuclei, user_label: 
WARNING - No valid ID provided for '', label: hippocampal gyrus (formation), user_label: 
WARNING - No valid ID provided for '', label: inferior olive, user_label: 
WARNING - No valid ID provided for '', label: inferior parietal lobule, user_label: 
WARNING - No valid ID provided for '', label: internal capsule, user_label: 
WARNING - No valid ID provided for '', label: lateral geniculate nuclei, user_label: 
WARNING - No valid ID provided for '', label: lateral hemisphere of cerebellum, user_label: 
WARNING - No valid ID provided for '', label: lateral posterior nucleus, user_label: 
WARNING - No valid ID provided for '', label: mammillary region, user_label: 
WARNING - No valid ID provided for '', label: mammillothalamic tract, user_label: 
WARNING - No valid ID provided for '', label: medial geniculate nuclei, user_label: 
WARNING - No valid ID provided for '', label: mediodorsal nucleus of thalamus, user_label: 
WARNING - No valid ID provided for '', label: midline nuclear complex, user_label: 
WARNING - No valid ID provided for '', label: mucleus accumbens, user_label: 
WARNING - No valid ID provided for '', label: occipitoparietal transition region, user_label: 
WARNING - No valid ID provided for '', label: occipitotemporal (fusiform) gyrus, occipital part, user_label: 
WARNING - No valid ID provided for '', label: occipitotemporal transition region, user_label: 
WARNING - No valid ID provided for '', label: paracentral lobule, caudal part, user_label: 
WARNING - No valid ID provided for '', label: parafascicular nucleus, user_label: 
WARNING - No valid ID provided for '', label: paraventricular nucleus of thalamus, user_label: 
WARNING - No valid ID provided for '', label: paravermis of cerebellum, user_label: 
WARNING - No valid ID provided for '', label: perirhinal lobule, user_label: 
WARNING - No valid ID provided for '', label: pulvinar of thalamus, user_label: 
WARNING - No valid ID provided for '', label: reunions nucleus of thalamus, user_label: 
WARNING - No valid ID provided for '', label: septal nuclei, user_label: 
WARNING - No valid ID provided for '', label: supraoptic region, user_label: 
WARNING - No valid ID provided for '', label: supraparietal lobule, user_label: 
WARNING - No valid ID provided for '', label: thalamus, user_label: 
WARNING - No valid ID provided for '', label: thalamus, user_label: 
WARNING - No valid ID provided for '', label: thalamus, user_label: 
WARNING - No valid ID provided for '', label: thalamus, user_label: 
WARNING - No valid ID provided for '', label: thalamus, user_label: 
WARNING - No valid ID provided for '', label: thalamus, user_label: 
WARNING - No valid ID provided for '', label: thalamus, user_label: 
WARNING - No valid ID provided for '', label: thalamus, user_label: 
WARNING - No valid ID provided for '', label: thalamus, user_label: 
WARNING - No valid ID provided for '', label: thalamus, user_label: 
WARNING - No valid ID provided for '', label: thalamus, user_label: 
WARNING - No valid ID provided for '', label: thalamus, user_label: 
WARNING - No valid ID provided for '', label: thalamus, user_label: 
WARNING - No valid ID provided for '', label: thalamus, user_label: 
WARNING - No valid ID provided for '', label: thalamus, user_label: 
WARNING - No valid ID provided for '', label: thalamus, user_label: 
WARNING - No valid ID provided for '', label: thalamus, user_label: 
WARNING - No valid ID provided for '', label: transverse temporal gyrus (Heschl's gyrus), user_label: 
WARNING - No valid ID provided for '', label: tuberal region, user_label: 
WARNING - No valid ID provided for '', label: uncus of parahippocampal gyrus, user_label: 
WARNING - No valid ID provided for '', label: ventral anterior nucleus, user_label: 
WARNING - No valid ID provided for '', label: ventral lateral nucleus, user_label: 
WARNING - No valid ID provided for '', label: ventral posterior lateral nucleus, user_label: 
WARNING - No valid ID provided for '', label: ventral posterior medial nucleus, user_label: 
WARNING - No valid ID provided for '', label: ventricle of forebrain, user_label: 
WARNING - No valid ID provided for '', label: ventricle of forebrain, user_label: 
