WARNING - No valid ID provided for 'FMA:16482', label: iliohypogastric nerve, user_label: iliohypogastric nerve
WARNING - No valid ID provided for 'FMA:16482', label: iliohypogastric nerve, user_label: iliohypogastric nerve
WARNING - No valid ID provided for 'FMA:16482', label: iliohypogastric nerve, user_label: iliohypogastric nerve
WARNING - No valid ID provided for 'FMA:16482', label: iliohypogastric nerve, user_label: iliohypogastric nerve
WARNING - No valid ID provided for 'FMA:16483', label: ilioinguinal nerve, user_label: ilioinguinal nerve
WARNING - No valid ID provided for 'FMA:16484', label: genitofemoral nerve, user_label: genitofemoral nerve
WARNING - No valid ID provided for 'FMA:16484', label: genitofemoral nerve, user_label: genitofemoral nerve
WARNING - No valid ID provided for 'FMA:16484', label: genitofemoral nerve, user_label: genitofemoral nerve
WARNING - No valid ID provided for 'FMA:16484', label: genitofemoral nerve, user_label: genitofemoral nerve
WARNING - No valid ID provided for 'FMA:16484', label: genitofemoral nerve, user_label: genitofemoral nerve
WARNING - No valid ID provided for 'FMA:16484', label: genitofemoral nerve, user_label: genitofemoral nerve
WARNING - No valid ID provided for 'FMA:16487', label: obturator nerve, user_label: obturator nerve
WARNING - No valid ID provided for 'FMA:16487', label: obturator nerve, user_label: obturator nerve
WARNING - No valid ID provided for 'FMA:16487', label: obturator nerve, user_label: obturator nerve
WARNING - No valid ID provided for 'FMA:16487', label: obturator nerve, user_label: obturator nerve
WARNING - No valid ID provided for 'FMA:16487', label: obturator nerve, user_label: obturator nerve
WARNING - No valid ID provided for 'FMA:16487', label: obturator nerve, user_label: obturator nerve
WARNING - No valid ID provided for 'FMA:16487', label: obturator nerve, user_label: obturator nerve
WARNING - No valid ID provided for 'FMA:16487', label: obturator nerve, user_label: obturator nerve
WARNING - No valid ID provided for 'FMA:16487', label: obturator nerve, user_label: obturator nerve
WARNING - No valid ID provided for 'FMA:16487', label: obturator nerve, user_label: obturator nerve
WARNING - No valid ID provided for 'FMA:16496', label: femoral branch of genitofemoral nerve, user_label: femoral branch of genitofemoral nerve
WARNING - No valid ID provided for 'FMA:16496', label: femoral branch of genitofemoral nerve, user_label: femoral branch of genitofemoral nerve
WARNING - No valid ID provided for 'FMA:16509', label: nerve to piriformis, user_label: branch of sacral nerve plexus to piriformis
WARNING - No valid ID provided for 'FMA:16510', label: superior gluteal nerve, user_label: superior gluteal nerve
WARNING - No valid ID provided for 'FMA:16511', label: inferior gluteal nerve, user_label: inferior gluteal nerve
WARNING - No valid ID provided for 'FMA:19035', label: tibial nerve, user_label: tibial nerve
WARNING - No valid ID provided for 'FMA:19035', label: tibial nerve, user_label: tibial nerve
WARNING - No valid ID provided for 'FMA:19035', label: tibial nerve, user_label: tibial nerve
WARNING - No valid ID provided for 'FMA:19035', label: tibial nerve, user_label: tibial nerve
WARNING - No valid ID provided for 'FMA:19035', label: tibial nerve, user_label: tibial nerve
WARNING - No valid ID provided for 'FMA:19035', label: tibial nerve, user_label: tibial nerve
WARNING - No valid ID provided for 'FMA:19035', label: tibial nerve, user_label: tibial nerve
WARNING - No valid ID provided for 'FMA:19035', label: tibial nerve, user_label: tibial nerve
WARNING - No valid ID provided for 'FMA:19035', label: tibial nerve, user_label: tibial nerve
WARNING - No valid ID provided for 'FMA:19035', label: tibial nerve, user_label: tibial nerve
WARNING - No valid ID provided for 'FMA:19035', label: tibial nerve, user_label: tibial nerve
WARNING - No valid ID provided for 'FMA:19035', label: tibial nerve, user_label: tibial nerve
WARNING - No valid ID provided for 'FMA:19035', label: tibial nerve, user_label: tibial nerve
WARNING - No valid ID provided for 'FMA:19035', label: tibial nerve, user_label: tibial nerve
WARNING - No valid ID provided for 'FMA:19035', label: tibial nerve, user_label: tibial nerve
WARNING - No valid ID provided for 'FMA:19035', label: tibial nerve, user_label: tibial nerve
WARNING - No valid ID provided for 'FMA:19035', label: tibial nerve, user_label: tibial nerve
WARNING - No valid ID provided for 'FMA:19035', label: tibial nerve, user_label: tibial nerve
WARNING - No valid ID provided for 'FMA:19035', label: tibial nerve, user_label: tibial nerve
WARNING - No valid ID provided for 'FMA:19035', label: tibial nerve, user_label: tibial nerve
WARNING - No valid ID provided for 'FMA:19035', label: tibial nerve, user_label: tibial nerve
WARNING - No valid ID provided for 'FMA:19035', label: tibial nerve, user_label: tibial nerve
WARNING - No valid ID provided for 'FMA:19035', label: tibial nerve, user_label: tibial nerve
WARNING - No valid ID provided for 'FMA:19035', label: tibial nerve, user_label: tibial nerve
WARNING - No valid ID provided for 'FMA:19035', label: tibial nerve, user_label: tibial nerve
WARNING - No valid ID provided for 'FMA:19035', label: tibial nerve, user_label: tibial nerve
WARNING - No valid ID provided for 'FMA:19035', label: tibial nerve, user_label: tibial nerve
WARNING - No valid ID provided for 'FMA:19035', label: tibial nerve, user_label: tibial nerve
WARNING - No valid ID provided for 'FMA:19035', label: tibial nerve, user_label: tibial nerve
WARNING - No valid ID provided for 'FMA:19035', label: tibial nerve, user_label: tibial nerve
WARNING - No valid ID provided for 'FMA:19035', label: tibial nerve, user_label: tibial nerve
WARNING - No valid ID provided for 'FMA:19035', label: tibial nerve, user_label: tibial nerve
WARNING - No valid ID provided for 'FMA:19035', label: tibial nerve, user_label: tibial nerve
WARNING - No valid ID provided for 'FMA:19035', label: tibial nerve, user_label: tibial nerve
WARNING - No valid ID provided for 'FMA:19035', label: tibial nerve, user_label: tibial nerve
WARNING - No valid ID provided for 'FMA:19035', label: tibial nerve, user_label: tibial nerve
WARNING - No valid ID provided for 'FMA:19035', label: tibial nerve, user_label: tibial nerve
WARNING - No valid ID provided for 'FMA:19035', label: tibial nerve, user_label: tibial nerve
WARNING - No valid ID provided for 'FMA:19035', label: tibial nerve, user_label: tibial nerve
WARNING - No valid ID provided for 'FMA:19038', label: anococcygeal nerve, user_label: anococcygeal nerve
WARNING - No valid ID provided for 'FMA:19039', label: common fibular nerve, user_label: common fibular nerve
WARNING - No valid ID provided for 'FMA:19039', label: common fibular nerve, user_label: common fibular nerve
WARNING - No valid ID provided for 'FMA:19039', label: common fibular nerve, user_label: common fibular nerve
WARNING - No valid ID provided for 'FMA:19039', label: common fibular nerve, user_label: common fibular nerve
WARNING - No valid ID provided for 'FMA:19039', label: common fibular nerve, user_label: common fibular nerve
WARNING - No valid ID provided for 'FMA:19039', label: common fibular nerve, user_label: common fibular nerve
WARNING - No valid ID provided for 'FMA:19039', label: common fibular nerve, user_label: common fibular nerve
WARNING - No valid ID provided for 'FMA:19039', label: common fibular nerve, user_label: common fibular nerve
WARNING - No valid ID provided for 'FMA:19039', label: common fibular nerve, user_label: common fibular nerve
WARNING - No valid ID provided for 'FMA:19039', label: common fibular nerve, user_label: common fibular nerve
WARNING - No valid ID provided for 'FMA:19039', label: common fibular nerve, user_label: common fibular nerve
WARNING - No valid ID provided for 'FMA:19039', label: common fibular nerve, user_label: common fibular nerve
WARNING - No valid ID provided for 'FMA:19039', label: common fibular nerve, user_label: common fibular nerve
WARNING - No valid ID provided for 'FMA:19039', label: common fibular nerve, user_label: common fibular nerve
WARNING - No valid ID provided for 'FMA:19039', label: common fibular nerve, user_label: common fibular nerve
WARNING - No valid ID provided for 'FMA:19039', label: common fibular nerve, user_label: common fibular nerve
WARNING - No valid ID provided for 'FMA:19039', label: common fibular nerve, user_label: common fibular nerve
WARNING - No valid ID provided for 'FMA:19039', label: common fibular nerve, user_label: common fibular nerve
WARNING - No valid ID provided for 'FMA:19039', label: common fibular nerve, user_label: common fibular nerve
WARNING - No valid ID provided for 'FMA:19039', label: common fibular nerve, user_label: common fibular nerve
WARNING - No valid ID provided for 'FMA:19039', label: common fibular nerve, user_label: common fibular nerve
WARNING - No valid ID provided for 'FMA:19039', label: common fibular nerve, user_label: common fibular nerve
WARNING - No valid ID provided for 'FMA:19039', label: common fibular nerve, user_label: common fibular nerve
WARNING - No valid ID provided for 'FMA:19039', label: common fibular nerve, user_label: common fibular nerve
WARNING - No valid ID provided for 'FMA:19039', label: common fibular nerve, user_label: common fibular nerve
WARNING - No valid ID provided for 'FMA:19039', label: common fibular nerve, user_label: common fibular nerve
WARNING - No valid ID provided for 'FMA:20560', label: genital branch of genitofemoral nerve, user_label: genital branch of genitofemoral nerve
WARNING - No valid ID provided for 'FMA:20560', label: genital branch of genitofemoral nerve, user_label: genital branch of genitofemoral nerve
WARNING - No valid ID provided for 'FMA:20560', label: genital branch of genitofemoral nerve, user_label: genital branch of genitofemoral nerve
WARNING - No valid ID provided for 'FMA:20560', label: genital branch of genitofemoral nerve, user_label: genital branch of genitofemoral nerve
WARNING - No valid ID provided for 'FMA:20578', label: nerve to quadratus lumborum, user_label: muscular branch of lumbar nerve plexus to quadratus lumborum
WARNING - No valid ID provided for 'FMA:20579', label: nerve to psoas minor, user_label: muscular branch of lumbar plexus to psoas minor
WARNING - No valid ID provided for 'FMA:20580', label: nerve to psoas major, user_label: muscular branch of lumbar plexus to psoas major
WARNING - No valid ID provided for 'FMA:20600', label: hypogastric branch of iliohypogastric nerve, user_label: hypogastric branch of iliohypogastric nerve
WARNING - No valid ID provided for 'FMA:20600', label: hypogastric branch of iliohypogastric nerve, user_label: hypogastric branch of iliohypogastric nerve
WARNING - No valid ID provided for 'FMA:20600', label: hypogastric branch of iliohypogastric nerve, user_label: hypogastric branch of iliohypogastric nerve
WARNING - No valid ID provided for 'FMA:21865', label: inferior rectal nerve, user_label: inferior rectal nerve
WARNING - No valid ID provided for 'FMA:21866', label: perineal nerve, user_label: perineal nerve
WARNING - No valid ID provided for 'FMA:21866', label: perineal nerve, user_label: perineal nerve
WARNING - No valid ID provided for 'FMA:21866', label: perineal nerve, user_label: perineal nerve
WARNING - No valid ID provided for 'FMA:21868', label: posterior labial nerve, user_label: posterior labial nerve
WARNING - No valid ID provided for 'FMA:21868', label: posterior labial nerve, user_label: posterior labial nerve
WARNING - No valid ID provided for 'FMA:21869', label: dorsal nerve of penis, user_label: dorsal nerve of penis
WARNING - No valid ID provided for 'FMA:21870', label: dorsal nerve of clitoris, user_label: dorsal nerve of clitoris
WARNING - No valid ID provided for 'FMA:37025', label: suprascapular nerve, user_label: suprascapular nerve
WARNING - No valid ID provided for 'FMA:39079', label: medial cutaneous nerve of forearm, user_label: medial cutaneous nerve of forearm
WARNING - No valid ID provided for 'FMA:39080', label: lateral cutaneous nerve of forearm, user_label: lateral cutaneous nerve of forearm
WARNING - No valid ID provided for 'FMA:39145', label: posterior cutaneous nerve of forearm, user_label: posterior antebrachial cutaneous nerve
WARNING - No valid ID provided for 'FMA:44679', label: articular branch of sciatic nerve, user_label: articular branch of sciatic nerve
WARNING - No valid ID provided for 'FMA:44688', label: sural nerve, user_label: sural nerve
WARNING - No valid ID provided for 'FMA:44688', label: sural nerve, user_label: sural nerve
WARNING - No valid ID provided for 'FMA:44688', label: sural nerve, user_label: sural nerve
WARNING - No valid ID provided for 'FMA:44699', label: superficial fibular nerve, user_label: superficial fibular nerve
WARNING - No valid ID provided for 'FMA:44699', label: superficial fibular nerve, user_label: superficial fibular nerve
WARNING - No valid ID provided for 'FMA:44699', label: superficial fibular nerve, user_label: superficial fibular nerve
WARNING - No valid ID provided for 'FMA:44699', label: superficial fibular nerve, user_label: superficial fibular nerve
WARNING - No valid ID provided for 'FMA:44699', label: superficial fibular nerve, user_label: superficial fibular nerve
WARNING - No valid ID provided for 'FMA:44699', label: superficial fibular nerve, user_label: superficial fibular nerve
WARNING - No valid ID provided for 'FMA:44699', label: superficial fibular nerve, user_label: superficial fibular nerve
WARNING - No valid ID provided for 'FMA:44699', label: superficial fibular nerve, user_label: superficial fibular nerve
WARNING - No valid ID provided for 'FMA:44699', label: superficial fibular nerve, user_label: superficial fibular nerve
WARNING - No valid ID provided for 'FMA:44716', label: medial plantar nerve, user_label: medial plantar nerve
WARNING - No valid ID provided for 'FMA:44716', label: medial plantar nerve, user_label: medial plantar nerve
WARNING - No valid ID provided for 'FMA:44716', label: medial plantar nerve, user_label: medial plantar nerve
WARNING - No valid ID provided for 'FMA:44716', label: medial plantar nerve, user_label: medial plantar nerve
WARNING - No valid ID provided for 'FMA:44716', label: medial plantar nerve, user_label: medial plantar nerve
WARNING - No valid ID provided for 'FMA:44716', label: medial plantar nerve, user_label: medial plantar nerve
WARNING - No valid ID provided for 'FMA:44716', label: medial plantar nerve, user_label: medial plantar nerve
WARNING - No valid ID provided for 'FMA:44716', label: medial plantar nerve, user_label: medial plantar nerve
WARNING - No valid ID provided for 'FMA:44724', label: lateral plantar nerve, user_label: lateral plantar nerve
WARNING - No valid ID provided for 'FMA:44724', label: lateral plantar nerve, user_label: lateral plantar nerve
WARNING - No valid ID provided for 'FMA:44724', label: lateral plantar nerve, user_label: lateral plantar nerve
WARNING - No valid ID provided for 'FMA:44724', label: lateral plantar nerve, user_label: lateral plantar nerve
WARNING - No valid ID provided for 'FMA:44724', label: lateral plantar nerve, user_label: lateral plantar nerve
WARNING - No valid ID provided for 'FMA:44724', label: lateral plantar nerve, user_label: lateral plantar nerve
WARNING - No valid ID provided for 'FMA:44724', label: lateral plantar nerve, user_label: lateral plantar nerve
WARNING - No valid ID provided for 'FMA:44724', label: lateral plantar nerve, user_label: lateral plantar nerve
WARNING - No valid ID provided for 'FMA:44724', label: lateral plantar nerve, user_label: lateral plantar nerve
WARNING - No valid ID provided for 'FMA:44724', label: lateral plantar nerve, user_label: lateral plantar nerve
WARNING - No valid ID provided for 'FMA:44724', label: lateral plantar nerve, user_label: lateral plantar nerve
WARNING - No valid ID provided for 'FMA:44724', label: lateral plantar nerve, user_label: lateral plantar nerve
WARNING - No valid ID provided for 'FMA:44724', label: lateral plantar nerve, user_label: lateral plantar nerve
WARNING - No valid ID provided for 'FMA:44724', label: lateral plantar nerve, user_label: lateral plantar nerve
WARNING - No valid ID provided for 'FMA:44724', label: lateral plantar nerve, user_label: lateral plantar nerve
WARNING - No valid ID provided for 'FMA:44724', label: lateral plantar nerve, user_label: lateral plantar nerve
WARNING - No valid ID provided for 'FMA:44724', label: lateral plantar nerve, user_label: lateral plantar nerve
WARNING - No valid ID provided for 'FMA:44724', label: lateral plantar nerve, user_label: lateral plantar nerve
WARNING - No valid ID provided for 'FMA:44740', label: articular branch of medial plantar nerve, user_label: articular branch of medial plantar nerve
WARNING - No valid ID provided for 'FMA:44740', label: articular branch of medial plantar nerve, user_label: articular branch of medial plantar nerve
WARNING - No valid ID provided for 'FMA:44741', label: proper plantar digital nerve, user_label: proper plantar digital nerve
WARNING - No valid ID provided for 'FMA:44741', label: proper plantar digital nerve, user_label: proper plantar digital nerve
WARNING - No valid ID provided for 'FMA:44741', label: proper plantar digital nerve, user_label: proper plantar digital nerve
WARNING - No valid ID provided for 'FMA:44741', label: proper plantar digital nerve, user_label: proper plantar digital nerve
WARNING - No valid ID provided for 'FMA:44741', label: proper plantar digital nerve, user_label: proper plantar digital nerve
WARNING - No valid ID provided for 'FMA:44763', label: superficial branch of lateral plantar nerve, user_label: superficial branch of lateral plantar nerve
WARNING - No valid ID provided for 'FMA:44763', label: superficial branch of lateral plantar nerve, user_label: superficial branch of lateral plantar nerve
WARNING - No valid ID provided for 'FMA:44763', label: superficial branch of lateral plantar nerve, user_label: superficial branch of lateral plantar nerve
WARNING - No valid ID provided for 'FMA:44763', label: superficial branch of lateral plantar nerve, user_label: superficial branch of lateral plantar nerve
WARNING - No valid ID provided for 'FMA:44763', label: superficial branch of lateral plantar nerve, user_label: superficial branch of lateral plantar nerve
WARNING - No valid ID provided for 'FMA:44764', label: deep branch of lateral plantar nerve, user_label: deep branch of lateral plantar nerve
WARNING - No valid ID provided for 'FMA:44764', label: deep branch of lateral plantar nerve, user_label: deep branch of lateral plantar nerve
WARNING - No valid ID provided for 'FMA:44764', label: deep branch of lateral plantar nerve, user_label: deep branch of lateral plantar nerve
WARNING - No valid ID provided for 'FMA:44764', label: deep branch of lateral plantar nerve, user_label: deep branch of lateral plantar nerve
WARNING - No valid ID provided for 'FMA:44764', label: deep branch of lateral plantar nerve, user_label: deep branch of lateral plantar nerve
WARNING - No valid ID provided for 'FMA:44764', label: deep branch of lateral plantar nerve, user_label: deep branch of lateral plantar nerve
WARNING - No valid ID provided for 'FMA:44764', label: deep branch of lateral plantar nerve, user_label: deep branch of lateral plantar nerve
WARNING - No valid ID provided for 'FMA:44764', label: deep branch of lateral plantar nerve, user_label: deep branch of lateral plantar nerve
WARNING - No valid ID provided for 'FMA:44764', label: deep branch of lateral plantar nerve, user_label: deep branch of lateral plantar nerve
WARNING - No valid ID provided for 'FMA:44768', label: fifth common plantar digital nerve, user_label: fifth common plantar digital nerve
WARNING - No valid ID provided for 'FMA:44768', label: fifth common plantar digital nerve, user_label: fifth common plantar digital nerve
WARNING - No valid ID provided for 'FMA:44768', label: fifth common plantar digital nerve, user_label: fifth common plantar digital nerve
WARNING - No valid ID provided for 'FMA:44771', label: deep fibular nerve, user_label: deep fibular nerve
WARNING - No valid ID provided for 'FMA:44771', label: deep fibular nerve, user_label: deep fibular nerve
WARNING - No valid ID provided for 'FMA:44771', label: deep fibular nerve, user_label: deep fibular nerve
WARNING - No valid ID provided for 'FMA:44771', label: deep fibular nerve, user_label: deep fibular nerve
WARNING - No valid ID provided for 'FMA:44771', label: deep fibular nerve, user_label: deep fibular nerve
WARNING - No valid ID provided for 'FMA:44771', label: deep fibular nerve, user_label: deep fibular nerve
WARNING - No valid ID provided for 'FMA:44771', label: deep fibular nerve, user_label: deep fibular nerve
WARNING - No valid ID provided for 'FMA:44771', label: deep fibular nerve, user_label: deep fibular nerve
WARNING - No valid ID provided for 'FMA:44771', label: deep fibular nerve, user_label: deep fibular nerve
WARNING - No valid ID provided for 'FMA:44771', label: deep fibular nerve, user_label: deep fibular nerve
WARNING - No valid ID provided for 'FMA:44771', label: deep fibular nerve, user_label: deep fibular nerve
WARNING - No valid ID provided for 'FMA:44778', label: branch of lateral terminal branch of deep fibular nerve, user_label: branch of lateral terminal branch of deep fibular nerve
WARNING - No valid ID provided for 'FMA:44778', label: branch of lateral terminal branch of deep fibular nerve, user_label: branch of lateral terminal branch of deep fibular nerve
WARNING - No valid ID provided for 'FMA:44778', label: branch of lateral terminal branch of deep fibular nerve, user_label: branch of lateral terminal branch of deep fibular nerve
WARNING - No valid ID provided for 'FMA:44782', label: branch of medial terminal branch of deep fibular nerve, user_label: branch of medial terminal branch of deep fibular nerve
WARNING - No valid ID provided for 'FMA:44782', label: branch of medial terminal branch of deep fibular nerve, user_label: branch of medial terminal branch of deep fibular nerve
WARNING - No valid ID provided for 'FMA:44782', label: branch of medial terminal branch of deep fibular nerve, user_label: branch of medial terminal branch of deep fibular nerve
WARNING - No valid ID provided for 'FMA:44782', label: branch of medial terminal branch of deep fibular nerve, user_label: branch of medial terminal branch of deep fibular nerve
WARNING - No valid ID provided for 'FMA:44793', label: dorsal digital nerve of foot, user_label: dorsal digital nerve of foot
WARNING - No valid ID provided for 'FMA:44793', label: dorsal digital nerve of foot, user_label: dorsal digital nerve of foot
WARNING - No valid ID provided for 'FMA:44793', label: dorsal digital nerve of foot, user_label: dorsal digital nerve of foot
WARNING - No valid ID provided for 'FMA:44793', label: dorsal digital nerve of foot, user_label: dorsal digital nerve of foot
WARNING - No valid ID provided for 'FMA:44793', label: dorsal digital nerve of foot, user_label: dorsal digital nerve of foot
WARNING - No valid ID provided for 'FMA:44793', label: dorsal digital nerve of foot, user_label: dorsal digital nerve of foot
WARNING - No valid ID provided for 'FMA:44822', label: anterior interosseous nerve, user_label: anterior interosseous nerve
WARNING - No valid ID provided for 'FMA:44822', label: anterior interosseous nerve, user_label: anterior interosseous nerve
WARNING - No valid ID provided for 'FMA:44822', label: anterior interosseous nerve, user_label: anterior interosseous nerve
WARNING - No valid ID provided for 'FMA:44822', label: anterior interosseous nerve, user_label: anterior interosseous nerve
WARNING - No valid ID provided for 'FMA:44823', label: nerve to pronator teres, user_label: branch of median nerve to pronator teres
WARNING - No valid ID provided for 'FMA:44824', label: nerve to flexor carpi radialis, user_label: branch of median nerve to flexor carpi radialis
WARNING - No valid ID provided for 'FMA:44825', label: nerve to palmaris longus, user_label: branch of median nerve to palmaris longus
WARNING - No valid ID provided for 'FMA:44826', label: nerve to flexor digitorum superficialis, user_label: branch of median nerve to flexor digitorum superficialis
WARNING - No valid ID provided for 'FMA:44829', label: articular branch of anterior interosseous nerve, user_label: articular branch of anterior interosseous nerve
WARNING - No valid ID provided for 'FMA:44829', label: articular branch of anterior interosseous nerve, user_label: articular branch of anterior interosseous nerve
WARNING - No valid ID provided for 'FMA:44829', label: articular branch of anterior interosseous nerve, user_label: articular branch of anterior interosseous nerve
WARNING - No valid ID provided for 'FMA:44836', label: palmar branch of median nerve, user_label: palmar branch of median nerve
WARNING - No valid ID provided for 'FMA:44873', label: nerve to elbow joint, user_label: articular branch of ulnar nerve
WARNING - No valid ID provided for 'FMA:44875', label: dorsal branch of ulnar nerve, user_label: dorsal branch of ulnar nerve
WARNING - No valid ID provided for 'FMA:44875', label: dorsal branch of ulnar nerve, user_label: dorsal branch of ulnar nerve
WARNING - No valid ID provided for 'FMA:44875', label: dorsal branch of ulnar nerve, user_label: dorsal branch of ulnar nerve
WARNING - No valid ID provided for 'FMA:44875', label: dorsal branch of ulnar nerve, user_label: dorsal branch of ulnar nerve
WARNING - No valid ID provided for 'FMA:44875', label: dorsal branch of ulnar nerve, user_label: dorsal branch of ulnar nerve
WARNING - No valid ID provided for 'FMA:44876', label: superficial branch of ulnar nerve, user_label: superficial branch of ulnar nerve
WARNING - No valid ID provided for 'FMA:44877', label: deep branch of ulnar nerve, user_label: deep branch of ulnar nerve
WARNING - No valid ID provided for 'FMA:44878', label: palmar branch of ulnar nerve, user_label: palmar branch of ulnar nerve
WARNING - No valid ID provided for 'FMA:44929', label: dorsal digital branch of ulnar nerve to little finger, user_label: dorsal digital branch of ulnar nerve to little finger
WARNING - No valid ID provided for 'FMA:44929', label: dorsal digital branch of ulnar nerve to little finger, user_label: dorsal digital branch of ulnar nerve to little finger
WARNING - No valid ID provided for 'FMA:44938', label: dorsal digital branch of ulnar nerve to ring finger, user_label: dorsal digital branch of ulnar nerve to ring finger
WARNING - No valid ID provided for 'FMA:44938', label: dorsal digital branch of ulnar nerve to ring finger, user_label: dorsal digital branch of ulnar nerve to ring finger
WARNING - No valid ID provided for 'FMA:44948', label: posterior cutaneous nerve of arm, user_label: posterior brachial cutaneous nerve
WARNING - No valid ID provided for 'FMA:44949', label: inferior lateral cutaneous nerve of arm, user_label: inferior lateral brachial cutaneous nerve
WARNING - No valid ID provided for 'FMA:44956', label: superficial branch of radial nerve, user_label: superficial branch of radial nerve
WARNING - No valid ID provided for 'FMA:44956', label: superficial branch of radial nerve, user_label: superficial branch of radial nerve
WARNING - No valid ID provided for 'FMA:44956', label: superficial branch of radial nerve, user_label: superficial branch of radial nerve
WARNING - No valid ID provided for 'FMA:44956', label: superficial branch of radial nerve, user_label: superficial branch of radial nerve
WARNING - No valid ID provided for 'FMA:44956', label: superficial branch of radial nerve, user_label: superficial branch of radial nerve
WARNING - No valid ID provided for 'FMA:44956', label: superficial branch of radial nerve, user_label: superficial branch of radial nerve
WARNING - No valid ID provided for 'FMA:44956', label: superficial branch of radial nerve, user_label: superficial branch of radial nerve
WARNING - No valid ID provided for 'FMA:44962', label: articular branch of radial nerve, user_label: articular branch of radial nerve
WARNING - No valid ID provided for 'FMA:44968', label: dorsal digital branch of radial nerve to thumb, user_label: dorsal digital branch of radial nerve to thumb
WARNING - No valid ID provided for 'FMA:44968', label: dorsal digital branch of radial nerve to thumb, user_label: dorsal digital branch of radial nerve to thumb
WARNING - No valid ID provided for 'FMA:44980', label: dorsal digital branch of radial nerve to index finger, user_label: dorsal digital branch of radial nerve to index finger
WARNING - No valid ID provided for 'FMA:44980', label: dorsal digital branch of radial nerve to index finger, user_label: dorsal digital branch of radial nerve to index finger
WARNING - No valid ID provided for 'FMA:44989', label: dorsal digital branch of radial nerve to middle finger, user_label: dorsal digital branch of radial nerve to middle finger
WARNING - No valid ID provided for 'FMA:44989', label: dorsal digital branch of radial nerve to middle finger, user_label: dorsal digital branch of radial nerve to middle finger
WARNING - No valid ID provided for 'FMA:45306', label: anterior branch of obturator nerve, user_label: anterior branch of obturator nerve
WARNING - No valid ID provided for 'FMA:45306', label: anterior branch of obturator nerve, user_label: anterior branch of obturator nerve
WARNING - No valid ID provided for 'FMA:45306', label: anterior branch of obturator nerve, user_label: anterior branch of obturator nerve
WARNING - No valid ID provided for 'FMA:45306', label: anterior branch of obturator nerve, user_label: anterior branch of obturator nerve
WARNING - No valid ID provided for 'FMA:45306', label: anterior branch of obturator nerve, user_label: anterior branch of obturator nerve
WARNING - No valid ID provided for 'FMA:45306', label: anterior branch of obturator nerve, user_label: anterior branch of obturator nerve
WARNING - No valid ID provided for 'FMA:45307', label: posterior branch of obturator nerve, user_label: posterior branch of obturator nerve
WARNING - No valid ID provided for 'FMA:45307', label: posterior branch of obturator nerve, user_label: posterior branch of obturator nerve
WARNING - No valid ID provided for 'FMA:45307', label: posterior branch of obturator nerve, user_label: posterior branch of obturator nerve
WARNING - No valid ID provided for 'FMA:45337', label: posterior femoral cutaneous nerve, user_label: posterior femoral cutaneous nerve
WARNING - No valid ID provided for 'FMA:50863', label: optic nerve, user_label: optic nerve
WARNING - No valid ID provided for 'FMA:52572', label: superior branch of oculomotor nerve, user_label: superior branch of oculomotor nerve
WARNING - No valid ID provided for 'FMA:52573', label: inferior branch of oculomotor nerve, user_label: inferior branch of oculomotor nerve
WARNING - No valid ID provided for 'FMA:52625', label: tentorial nerve, user_label: tentorial nerve
WARNING - No valid ID provided for 'FMA:52628', label: lacrimal nerve, user_label: lacrimal nerve
WARNING - No valid ID provided for 'FMA:52638', label: frontal nerve, user_label: frontal nerve
WARNING - No valid ID provided for 'FMA:52638', label: frontal nerve, user_label: frontal nerve
WARNING - No valid ID provided for 'FMA:52638', label: frontal nerve, user_label: frontal nerve
WARNING - No valid ID provided for 'FMA:52638', label: frontal nerve, user_label: frontal nerve
WARNING - No valid ID provided for 'FMA:52638', label: frontal nerve, user_label: frontal nerve
WARNING - No valid ID provided for 'FMA:52638', label: frontal nerve, user_label: frontal nerve
WARNING - No valid ID provided for 'FMA:52638', label: frontal nerve, user_label: frontal nerve
WARNING - No valid ID provided for 'FMA:52638', label: frontal nerve, user_label: frontal nerve
WARNING - No valid ID provided for 'FMA:52638', label: frontal nerve, user_label: frontal nerve
WARNING - No valid ID provided for 'FMA:52638', label: frontal nerve, user_label: frontal nerve
WARNING - No valid ID provided for 'FMA:52638', label: frontal nerve, user_label: frontal nerve
WARNING - No valid ID provided for 'FMA:52638', label: frontal nerve, user_label: frontal nerve
WARNING - No valid ID provided for 'FMA:52638', label: frontal nerve, user_label: frontal nerve
WARNING - No valid ID provided for 'FMA:52638', label: frontal nerve, user_label: frontal nerve
WARNING - No valid ID provided for 'FMA:52638', label: frontal nerve, user_label: frontal nerve
WARNING - No valid ID provided for 'FMA:52638', label: frontal nerve, user_label: frontal nerve
WARNING - No valid ID provided for 'FMA:52638', label: frontal nerve, user_label: frontal nerve
WARNING - No valid ID provided for 'FMA:52638', label: frontal nerve, user_label: frontal nerve
WARNING - No valid ID provided for 'FMA:52638', label: frontal nerve, user_label: frontal nerve
WARNING - No valid ID provided for 'FMA:52638', label: frontal nerve, user_label: frontal nerve
WARNING - No valid ID provided for 'FMA:52638', label: frontal nerve, user_label: frontal nerve
WARNING - No valid ID provided for 'FMA:52638', label: frontal nerve, user_label: frontal nerve
WARNING - No valid ID provided for 'FMA:52638', label: frontal nerve, user_label: frontal nerve
WARNING - No valid ID provided for 'FMA:52638', label: frontal nerve, user_label: frontal nerve
WARNING - No valid ID provided for 'FMA:52642', label: supratrochlear nerve, user_label: supratrochlear nerve
WARNING - No valid ID provided for 'FMA:52642', label: supratrochlear nerve, user_label: supratrochlear nerve
WARNING - No valid ID provided for 'FMA:52642', label: supratrochlear nerve, user_label: supratrochlear nerve
WARNING - No valid ID provided for 'FMA:52655', label: supra-orbital nerve, user_label: supraorbital nerve
WARNING - No valid ID provided for 'FMA:52655', label: supra-orbital nerve, user_label: supraorbital nerve
WARNING - No valid ID provided for 'FMA:52655', label: supra-orbital nerve, user_label: supraorbital nerve
WARNING - No valid ID provided for 'FMA:52668', label: nasociliary nerve, user_label: nasociliary nerve
WARNING - No valid ID provided for 'FMA:52668', label: nasociliary nerve, user_label: nasociliary nerve
WARNING - No valid ID provided for 'FMA:52668', label: nasociliary nerve, user_label: nasociliary nerve
WARNING - No valid ID provided for 'FMA:52668', label: nasociliary nerve, user_label: nasociliary nerve
WARNING - No valid ID provided for 'FMA:52668', label: nasociliary nerve, user_label: nasociliary nerve
WARNING - No valid ID provided for 'FMA:52668', label: nasociliary nerve, user_label: nasociliary nerve
WARNING - No valid ID provided for 'FMA:52668', label: nasociliary nerve, user_label: nasociliary nerve
WARNING - No valid ID provided for 'FMA:52668', label: nasociliary nerve, user_label: nasociliary nerve
WARNING - No valid ID provided for 'FMA:52668', label: nasociliary nerve, user_label: nasociliary nerve
WARNING - No valid ID provided for 'FMA:52668', label: nasociliary nerve, user_label: nasociliary nerve
WARNING - No valid ID provided for 'FMA:52668', label: nasociliary nerve, user_label: nasociliary nerve
WARNING - No valid ID provided for 'FMA:52668', label: nasociliary nerve, user_label: nasociliary nerve
WARNING - No valid ID provided for 'FMA:52668', label: nasociliary nerve, user_label: nasociliary nerve
WARNING - No valid ID provided for 'FMA:52668', label: nasociliary nerve, user_label: nasociliary nerve
WARNING - No valid ID provided for 'FMA:52668', label: nasociliary nerve, user_label: nasociliary nerve
WARNING - No valid ID provided for 'FMA:52668', label: nasociliary nerve, user_label: nasociliary nerve
WARNING - No valid ID provided for 'FMA:52668', label: nasociliary nerve, user_label: nasociliary nerve
WARNING - No valid ID provided for 'FMA:52668', label: nasociliary nerve, user_label: nasociliary nerve
WARNING - No valid ID provided for 'FMA:52675', label: anterior ethmoidal nerve, user_label: anterior ethmoidal nerve
WARNING - No valid ID provided for 'FMA:52675', label: anterior ethmoidal nerve, user_label: anterior ethmoidal nerve
WARNING - No valid ID provided for 'FMA:52675', label: anterior ethmoidal nerve, user_label: anterior ethmoidal nerve
WARNING - No valid ID provided for 'FMA:52675', label: anterior ethmoidal nerve, user_label: anterior ethmoidal nerve
WARNING - No valid ID provided for 'FMA:52679', label: internal nasal branch of anterior ethmoidal nerve, user_label: internal nasal branch of anterior ethmoidal nerve
WARNING - No valid ID provided for 'FMA:52679', label: internal nasal branch of anterior ethmoidal nerve, user_label: internal nasal branch of anterior ethmoidal nerve
WARNING - No valid ID provided for 'FMA:52691', label: long ciliary nerve, user_label: long ciliary nerve
WARNING - No valid ID provided for 'FMA:52691', label: long ciliary nerve, user_label: long ciliary nerve
WARNING - No valid ID provided for 'FMA:52691', label: long ciliary nerve, user_label: long ciliary nerve
WARNING - No valid ID provided for 'FMA:52693', label: infratrochlear nerve, user_label: infratrochlear nerve
WARNING - No valid ID provided for 'FMA:52693', label: infratrochlear nerve, user_label: infratrochlear nerve
WARNING - No valid ID provided for 'FMA:52693', label: infratrochlear nerve, user_label: infratrochlear nerve
WARNING - No valid ID provided for 'FMA:52714', label: posterior ethmoidal nerve, user_label: posterior ethmoidal nerve
WARNING - No valid ID provided for 'FMA:52714', label: posterior ethmoidal nerve, user_label: posterior ethmoidal nerve
WARNING - No valid ID provided for 'FMA:52714', label: posterior ethmoidal nerve, user_label: posterior ethmoidal nerve
WARNING - No valid ID provided for 'FMA:52728', label: middle meningeal nerve, user_label: meningeal branch of maxillary nerve
WARNING - No valid ID provided for 'FMA:52731', label: ganglionic branch of maxillary nerve to pterygopalatine ganglion, user_label: pterygopalatine nerve
WARNING - No valid ID provided for 'FMA:52754', label: orbital branch of maxillary nerve, user_label: orbital branch of maxillary nerve
WARNING - No valid ID provided for 'FMA:52782', label: lateral posterior superior nasal nerve, user_label: lateral posterior superior nasal nerve
WARNING - No valid ID provided for 'FMA:52783', label: medial posterior superior nasal nerve, user_label: medial posterior superior nasal nerve
WARNING - No valid ID provided for 'FMA:52797', label: nasopalatine nerve, user_label: scarpa's nerve
WARNING - No valid ID provided for 'FMA:52802', label: greater palatine nerve, user_label: greater palatine nerve
WARNING - No valid ID provided for 'FMA:52805', label: lesser palatine nerve, user_label: lesser palatine nerve
WARNING - No valid ID provided for 'FMA:52930', label: superior alveolar nerve, user_label: superior alveolar nerve
WARNING - No valid ID provided for 'FMA:52967', label: zygomatic nerve, user_label: zygomatic nerve
WARNING - No valid ID provided for 'FMA:52978', label: infra-orbital nerve, user_label: infraorbital nerve
WARNING - No valid ID provided for 'FMA:53000', label: auriculotemporal nerve, user_label: auriculotemporal nerve
WARNING - No valid ID provided for 'FMA:53000', label: auriculotemporal nerve, user_label: auriculotemporal nerve
WARNING - No valid ID provided for 'FMA:53000', label: auriculotemporal nerve, user_label: auriculotemporal nerve
WARNING - No valid ID provided for 'FMA:53047', label: meningeal branch of mandibular nerve, user_label: meningeal branch of mandibular nerve
WARNING - No valid ID provided for 'FMA:53056', label: medial pterygoid nerve, user_label: branch of mandibular nerve to medial pterygoid
WARNING - No valid ID provided for 'FMA:53066', label: buccal nerve, user_label: buccinator nerve
WARNING - No valid ID provided for 'FMA:53071', label: branch of mandibular nerve to otic ganglion, user_label: branch of mandibular nerve to otic ganglion
WARNING - No valid ID provided for 'FMA:53075', label: nerve to tensor veli palatini, user_label: branch of mandibular nerve to tensor veli palatini
WARNING - No valid ID provided for 'FMA:53100', label: nerve to tensor tympani, user_label: branch of mandibular nerve to tensor tympani
WARNING - No valid ID provided for 'FMA:53103', label: masseteric nerve, user_label: masseteric nerve
WARNING - No valid ID provided for 'FMA:53187', label: deep temporal nerve, user_label: deep temporal nerve
WARNING - No valid ID provided for 'FMA:53196', label: external acoustic meatus nerve, user_label: branch of auriculotemporal nerve to external acoustic meatus
WARNING - No valid ID provided for 'FMA:53196', label: external acoustic meatus nerve, user_label: branch of auriculotemporal nerve to external acoustic meatus
WARNING - No valid ID provided for 'FMA:53218', label: lingual nerve, user_label: lingual nerve
WARNING - No valid ID provided for 'FMA:53218', label: lingual nerve, user_label: lingual nerve
WARNING - No valid ID provided for 'FMA:53218', label: lingual nerve, user_label: lingual nerve
WARNING - No valid ID provided for 'FMA:53218', label: lingual nerve, user_label: lingual nerve
WARNING - No valid ID provided for 'FMA:53218', label: lingual nerve, user_label: lingual nerve
WARNING - No valid ID provided for 'FMA:53218', label: lingual nerve, user_label: lingual nerve
WARNING - No valid ID provided for 'FMA:53218', label: lingual nerve, user_label: lingual nerve
WARNING - No valid ID provided for 'FMA:53218', label: lingual nerve, user_label: lingual nerve
WARNING - No valid ID provided for 'FMA:53228', label: chorda tympani, user_label: chorda tympani nerve
WARNING - No valid ID provided for 'FMA:53243', label: inferior alveolar nerve, user_label: inferior alveolar nerve
WARNING - No valid ID provided for 'FMA:53243', label: inferior alveolar nerve, user_label: inferior alveolar nerve
WARNING - No valid ID provided for 'FMA:53243', label: inferior alveolar nerve, user_label: inferior alveolar nerve
WARNING - No valid ID provided for 'FMA:53243', label: inferior alveolar nerve, user_label: inferior alveolar nerve
WARNING - No valid ID provided for 'FMA:53243', label: inferior alveolar nerve, user_label: inferior alveolar nerve
WARNING - No valid ID provided for 'FMA:53243', label: inferior alveolar nerve, user_label: inferior alveolar nerve
WARNING - No valid ID provided for 'FMA:53243', label: inferior alveolar nerve, user_label: inferior alveolar nerve
WARNING - No valid ID provided for 'FMA:53247', label: mylohyoid nerve, user_label: mylohyoid branch of inferior alveolar nerve
WARNING - No valid ID provided for 'FMA:53247', label: mylohyoid nerve, user_label: mylohyoid branch of inferior alveolar nerve
WARNING - No valid ID provided for 'FMA:53250', label: mental nerve, user_label: mental nerve
WARNING - No valid ID provided for 'FMA:53250', label: mental nerve, user_label: mental nerve
WARNING - No valid ID provided for 'FMA:53250', label: mental nerve, user_label: mental nerve
WARNING - No valid ID provided for 'FMA:53275', label: stapedius nerve, user_label: branch of facial nerve to stapedius
WARNING - No valid ID provided for 'FMA:53278', label: posterior auricular nerve, user_label: auricularis posterior branch of facial nerve
WARNING - No valid ID provided for 'FMA:53278', label: posterior auricular nerve, user_label: auricularis posterior branch of facial nerve
WARNING - No valid ID provided for 'FMA:53278', label: posterior auricular nerve, user_label: auricularis posterior branch of facial nerve
WARNING - No valid ID provided for 'FMA:53282', label: auricular branch of posterior auricular nerve, user_label: auricular branch of posterior auricular nerve
WARNING - No valid ID provided for 'FMA:53282', label: auricular branch of posterior auricular nerve, user_label: auricular branch of posterior auricular nerve
WARNING - No valid ID provided for 'FMA:53282', label: auricular branch of posterior auricular nerve, user_label: auricular branch of posterior auricular nerve
WARNING - No valid ID provided for 'FMA:53288', label: branch of facial nerve to posterior belly of digastric, user_label: digastric branch of facial nerve
WARNING - No valid ID provided for 'FMA:53291', label: temporal branch of facial nerve, user_label: temporal branch of facial nerve
WARNING - No valid ID provided for 'FMA:53293', label: communicating branch of facial nerve with glossopharyngeal nerve, user_label: communicating branch of facial nerve with glossopharyngeal nerve
WARNING - No valid ID provided for 'FMA:53298', label: nerve to stylohyoid, user_label: stylohyoid branch of facial nerve
WARNING - No valid ID provided for 'FMA:53303', label: frontal branch of facial nerve, user_label: parotid branch of facial nerve
WARNING - No valid ID provided for 'FMA:53307', label: zygomatic branch of facial nerve, user_label: zygomatic branch of facial nerve
WARNING - No valid ID provided for 'FMA:53310', label: buccal branch of facial nerve, user_label: buccal branch of facial nerve
WARNING - No valid ID provided for 'FMA:53310', label: buccal branch of facial nerve, user_label: buccal branch of facial nerve
WARNING - No valid ID provided for 'FMA:53310', label: buccal branch of facial nerve, user_label: buccal branch of facial nerve
WARNING - No valid ID provided for 'FMA:53310', label: buccal branch of facial nerve, user_label: buccal branch of facial nerve
WARNING - No valid ID provided for 'FMA:53310', label: buccal branch of facial nerve, user_label: buccal branch of facial nerve
WARNING - No valid ID provided for 'FMA:53310', label: buccal branch of facial nerve, user_label: buccal branch of facial nerve
WARNING - No valid ID provided for 'FMA:53310', label: buccal branch of facial nerve, user_label: buccal branch of facial nerve
WARNING - No valid ID provided for 'FMA:53310', label: buccal branch of facial nerve, user_label: buccal branch of facial nerve
WARNING - No valid ID provided for 'FMA:53310', label: buccal branch of facial nerve, user_label: buccal branch of facial nerve
WARNING - No valid ID provided for 'FMA:53310', label: buccal branch of facial nerve, user_label: buccal branch of facial nerve
WARNING - No valid ID provided for 'FMA:53310', label: buccal branch of facial nerve, user_label: buccal branch of facial nerve
WARNING - No valid ID provided for 'FMA:53310', label: buccal branch of facial nerve, user_label: buccal branch of facial nerve
WARNING - No valid ID provided for 'FMA:53310', label: buccal branch of facial nerve, user_label: buccal branch of facial nerve
WARNING - No valid ID provided for 'FMA:53310', label: buccal branch of facial nerve, user_label: buccal branch of facial nerve
WARNING - No valid ID provided for 'FMA:53310', label: buccal branch of facial nerve, user_label: buccal branch of facial nerve
WARNING - No valid ID provided for 'FMA:53324', label: superficial buccal branch of facial nerve, user_label: superficial buccal branch of facial nerve
WARNING - No valid ID provided for 'FMA:53324', label: superficial buccal branch of facial nerve, user_label: superficial buccal branch of facial nerve
WARNING - No valid ID provided for 'FMA:53324', label: superficial buccal branch of facial nerve, user_label: superficial buccal branch of facial nerve
WARNING - No valid ID provided for 'FMA:53324', label: superficial buccal branch of facial nerve, user_label: superficial buccal branch of facial nerve
WARNING - No valid ID provided for 'FMA:53324', label: superficial buccal branch of facial nerve, user_label: superficial buccal branch of facial nerve
WARNING - No valid ID provided for 'FMA:53325', label: deep buccal branch of facial nerve, user_label: deep buccal branch of facial nerve
WARNING - No valid ID provided for 'FMA:53325', label: deep buccal branch of facial nerve, user_label: deep buccal branch of facial nerve
WARNING - No valid ID provided for 'FMA:53325', label: deep buccal branch of facial nerve, user_label: deep buccal branch of facial nerve
WARNING - No valid ID provided for 'FMA:53325', label: deep buccal branch of facial nerve, user_label: deep buccal branch of facial nerve
WARNING - No valid ID provided for 'FMA:53325', label: deep buccal branch of facial nerve, user_label: deep buccal branch of facial nerve
WARNING - No valid ID provided for 'FMA:53325', label: deep buccal branch of facial nerve, user_label: deep buccal branch of facial nerve
WARNING - No valid ID provided for 'FMA:53325', label: deep buccal branch of facial nerve, user_label: deep buccal branch of facial nerve
WARNING - No valid ID provided for 'FMA:53325', label: deep buccal branch of facial nerve, user_label: deep buccal branch of facial nerve
WARNING - No valid ID provided for 'FMA:53325', label: deep buccal branch of facial nerve, user_label: deep buccal branch of facial nerve
WARNING - No valid ID provided for 'FMA:53339', label: upper deep buccal branch of facial nerve, user_label: upper deep buccal branch of facial nerve
WARNING - No valid ID provided for 'FMA:53339', label: upper deep buccal branch of facial nerve, user_label: upper deep buccal branch of facial nerve
WARNING - No valid ID provided for 'FMA:53339', label: upper deep buccal branch of facial nerve, user_label: upper deep buccal branch of facial nerve
WARNING - No valid ID provided for 'FMA:53339', label: upper deep buccal branch of facial nerve, user_label: upper deep buccal branch of facial nerve
WARNING - No valid ID provided for 'FMA:53340', label: lower deep buccal branch of facial nerve, user_label: lower deep buccal branch of facial nerve
WARNING - No valid ID provided for 'FMA:53340', label: lower deep buccal branch of facial nerve, user_label: lower deep buccal branch of facial nerve
WARNING - No valid ID provided for 'FMA:53340', label: lower deep buccal branch of facial nerve, user_label: lower deep buccal branch of facial nerve
WARNING - No valid ID provided for 'FMA:53365', label: marginal mandibular branch of facial nerve, user_label: marginal mandibular branch of facial nerve
WARNING - No valid ID provided for 'FMA:53396', label: cervical branch of facial nerve, user_label: cervical branch of facial nerve
WARNING - No valid ID provided for 'FMA:53401', label: vestibular nerve, user_label: vestibular nerve
WARNING - No valid ID provided for 'FMA:53417', label: greater petrosal nerve, user_label: greater superficial petrosal branch of facial nerve
WARNING - No valid ID provided for 'FMA:53425', label: communicating branch of sensory root of facial nerve with tympanic plexus, user_label: cmmunicating branch of intermediate nerve with tympanic plexus
WARNING - No valid ID provided for 'FMA:53426', label: communicating branch of sensory root of facial nerve with vagus nerve, user_label: communicating branch of intermediate nerve with vagus nerve
WARNING - No valid ID provided for 'FMA:53431', label: cochlear nerve, user_label: auditory nerve
WARNING - No valid ID provided for 'FMA:53480', label: tympanic nerve, user_label: jacobson's nerve
WARNING - No valid ID provided for 'FMA:53483', label: communicating branch of glossopharyngeal nerve with auricular branch of vagus nerve, user_label: communicating branch of glossopharyngeal nerve with auricular branch of vagus nerve
WARNING - No valid ID provided for 'FMA:53486', label: pharyngeal branch of glossopharyngeal nerve, user_label: pharyngeal branch of glossopharyngeal nerve
WARNING - No valid ID provided for 'FMA:53487', label: nerve to stylopharyngeus, user_label: stylopharyngeal branch of glossopharyngeal nerve
WARNING - No valid ID provided for 'FMA:53488', label: carotid sinus nerve, user_label: carotid branch of glossopharyngeal nerve
WARNING - No valid ID provided for 'FMA:53489', label: tonsillar branch of glossopharyngeal nerve, user_label: tonsillar branch of glossopharyngeal nerve
WARNING - No valid ID provided for 'FMA:53490', label: lingual branch of glossopharyngeal nerve, user_label: lingual branch of glossopharyngeal nerve
WARNING - No valid ID provided for 'FMA:53491', label: lesser petrosal nerve, user_label: lesser superficial petrosal nerve
WARNING - No valid ID provided for 'FMA:53492', label: communicating branch of glossopharyngeal nerve with auriculotemporal nerve, user_label: communicating branch of glossopharyngeal nerve with auriculotemporal nerve
WARNING - No valid ID provided for 'FMA:53493', label: communicating branch of glossopharyngeal nerve with chorda tympani, user_label: communicating branch of glossopharyngeal nerve with chorda tympani
WARNING - No valid ID provided for 'FMA:53600', label: cervical cardiac branch of vagus nerve, user_label: cervical cardiac branch of vagus nerve
WARNING - No valid ID provided for 'FMA:53600', label: cervical cardiac branch of vagus nerve, user_label: cervical cardiac branch of vagus nerve
WARNING - No valid ID provided for 'FMA:53612', label: cardiac branch of vagus nerve, user_label: cardiac branch of vagus nerve
WARNING - No valid ID provided for 'FMA:53612', label: cardiac branch of vagus nerve, user_label: cardiac branch of vagus nerve
WARNING - No valid ID provided for 'FMA:53612', label: cardiac branch of vagus nerve, user_label: cardiac branch of vagus nerve
WARNING - No valid ID provided for 'FMA:54400', label: meningeal branch of hypoglossal nerve, user_label: meningeal branch of hypoglossal nerve
WARNING - No valid ID provided for 'FMA:54402', label: descending branch of hypoglossal nerve, user_label: descending branch of hypoglossal nerve
WARNING - No valid ID provided for 'FMA:54404', label: nerve to geniohyoid, user_label: branch of hypoglossal nerve to geniohyoid
WARNING - No valid ID provided for 'FMA:54405', label: nerve to styloglossus, user_label: branch of hypoglossal nerve to styloglossus
WARNING - No valid ID provided for 'FMA:54406', label: nerve to hyoglossus, user_label: branch of hypoglossal nerve to hyoglossus
WARNING - No valid ID provided for 'FMA:54407', label: nerve to genioglossus, user_label: branch of hypoglossal nerve to genioglossus
WARNING - No valid ID provided for 'FMA:54408', label: nerve to palatopharyngeus, user_label: branch of hypoglossal nerve to palatopharyngeus
WARNING - No valid ID provided for 'FMA:5863', label: coccygeal nerve, user_label: coccygeal spinal nerve
WARNING - No valid ID provided for 'FMA:5863', label: coccygeal nerve, user_label: coccygeal spinal nerve
WARNING - No valid ID provided for 'FMA:6037', label: first thoracic nerve, user_label: first thoracic spinal nerve
WARNING - No valid ID provided for 'FMA:6037', label: first thoracic nerve, user_label: first thoracic spinal nerve
WARNING - No valid ID provided for 'FMA:6167', label: twelfth thoracic nerve, user_label: twelfth thoracic spinal nerve
WARNING - No valid ID provided for 'FMA:6169', label: second thoracic nerve, user_label: second thoracic spinal nerve
WARNING - No valid ID provided for 'FMA:6171', label: third thoracic nerve, user_label: third thoracic spinal nerve
WARNING - No valid ID provided for 'FMA:6172', label: first lumbar nerve, user_label: first lumbar spinal nerve
WARNING - No valid ID provided for 'FMA:6172', label: first lumbar nerve, user_label: first lumbar spinal nerve
WARNING - No valid ID provided for 'FMA:6176', label: second lumbar nerve, user_label: second lumbar spinal nerve
WARNING - No valid ID provided for 'FMA:6176', label: second lumbar nerve, user_label: second lumbar spinal nerve
WARNING - No valid ID provided for 'FMA:6200', label: communicating branch of phrenic nerve to internal thoracic plexus, user_label: communicating branch of phrenic nerve to internal thoracic plexus
WARNING - No valid ID provided for 'FMA:6201', label: pericardial branch of phrenic nerve, user_label: pericardial branch of phrenic nerve
WARNING - No valid ID provided for 'FMA:6202', label: branch of phrenic nerve to mediastinal pleura, user_label: branch of phrenic nerve to mediastinal pleura
WARNING - No valid ID provided for 'FMA:6203', label: branch of phrenic nerve to diaphragmatic pleura, user_label: branch of phrenic nerve to diaphragmatic pleura
WARNING - No valid ID provided for 'FMA:6204', label: diaphragmatic branch of phrenic nerve, user_label: diaphragmatic branch of phrenic nerve
WARNING - No valid ID provided for 'FMA:6205', label: anterior diaphragmatic branch of phrenic nerve, user_label: anterior diaphragmatic branch of phrenic nerve
WARNING - No valid ID provided for 'FMA:6206', label: anterolateral diaphragmatic branch of phrenic nerve, user_label: anterolateral diaphragmatic branch of phrenic nerve
WARNING - No valid ID provided for 'FMA:6207', label: posterior diaphragmatic branch of phrenic nerve, user_label: posterior diaphragmatic branch of phrenic nerve
WARNING - No valid ID provided for 'FMA:6208', label: posterior ramus of posterior diaphragmatic branch of phrenic nerve, user_label: posterior ramus of posterior diaphragmatic branch of phrenic nerve
WARNING - No valid ID provided for 'FMA:6209', label: posterolateral ramus of posterior diaphragmatic branch of phrenic nerve, user_label: posterolateral ramus of posterior diaphragmatic branch of phrenic nerve
WARNING - No valid ID provided for 'FMA:6210', label: peritoneal branch of diaphragmatic branch of phrenic nerve, user_label: peritoneal branch of diaphragmatic branch of phrenic nerve
WARNING - No valid ID provided for 'FMA:6231', label: meningeal branch of vagus nerve, user_label: meningeal branch of vagus nerve
WARNING - No valid ID provided for 'FMA:6232', label: auricular branch of vagus nerve, user_label: auricular branch of vagus nerve
WARNING - No valid ID provided for 'FMA:6233', label: communicating branch of vagus nerve with glossopharyngeal nerve, user_label: communicating branch of vagus nerve with glossopharyngeal nerve
WARNING - No valid ID provided for 'FMA:6234', label: pharyngeal branch of vagus nerve, user_label: pharyngeal branch of vagus nerve
WARNING - No valid ID provided for 'FMA:6237', label: branch of vagus nerve to carotid body, user_label: vagal branch to carotid body
WARNING - No valid ID provided for 'FMA:6239', label: superior laryngeal nerve, user_label: superior laryngeal branch of vagus
WARNING - No valid ID provided for 'FMA:6239', label: superior laryngeal nerve, user_label: superior laryngeal branch of vagus
WARNING - No valid ID provided for 'FMA:6239', label: superior laryngeal nerve, user_label: superior laryngeal branch of vagus
WARNING - No valid ID provided for 'FMA:6239', label: superior laryngeal nerve, user_label: superior laryngeal branch of vagus
WARNING - No valid ID provided for 'FMA:6239', label: superior laryngeal nerve, user_label: superior laryngeal branch of vagus
WARNING - No valid ID provided for 'FMA:6239', label: superior laryngeal nerve, user_label: superior laryngeal branch of vagus
WARNING - No valid ID provided for 'FMA:6239', label: superior laryngeal nerve, user_label: superior laryngeal branch of vagus
WARNING - No valid ID provided for 'FMA:6239', label: superior laryngeal nerve, user_label: superior laryngeal branch of vagus
WARNING - No valid ID provided for 'FMA:6239', label: superior laryngeal nerve, user_label: superior laryngeal branch of vagus
WARNING - No valid ID provided for 'FMA:6239', label: superior laryngeal nerve, user_label: superior laryngeal branch of vagus
WARNING - No valid ID provided for 'FMA:6239', label: superior laryngeal nerve, user_label: superior laryngeal branch of vagus
WARNING - No valid ID provided for 'FMA:6239', label: superior laryngeal nerve, user_label: superior laryngeal branch of vagus
WARNING - No valid ID provided for 'FMA:6239', label: superior laryngeal nerve, user_label: superior laryngeal branch of vagus
WARNING - No valid ID provided for 'FMA:6239', label: superior laryngeal nerve, user_label: superior laryngeal branch of vagus
WARNING - No valid ID provided for 'FMA:6239', label: superior laryngeal nerve, user_label: superior laryngeal branch of vagus
WARNING - No valid ID provided for 'FMA:6240', label: internal laryngeal nerve, user_label: internal branch of superior laryngeal nerve
WARNING - No valid ID provided for 'FMA:6240', label: internal laryngeal nerve, user_label: internal branch of superior laryngeal nerve
WARNING - No valid ID provided for 'FMA:6240', label: internal laryngeal nerve, user_label: internal branch of superior laryngeal nerve
WARNING - No valid ID provided for 'FMA:6240', label: internal laryngeal nerve, user_label: internal branch of superior laryngeal nerve
WARNING - No valid ID provided for 'FMA:6240', label: internal laryngeal nerve, user_label: internal branch of superior laryngeal nerve
WARNING - No valid ID provided for 'FMA:6240', label: internal laryngeal nerve, user_label: internal branch of superior laryngeal nerve
WARNING - No valid ID provided for 'FMA:6240', label: internal laryngeal nerve, user_label: internal branch of superior laryngeal nerve
WARNING - No valid ID provided for 'FMA:6240', label: internal laryngeal nerve, user_label: internal branch of superior laryngeal nerve
WARNING - No valid ID provided for 'FMA:6240', label: internal laryngeal nerve, user_label: internal branch of superior laryngeal nerve
WARNING - No valid ID provided for 'FMA:6240', label: internal laryngeal nerve, user_label: internal branch of superior laryngeal nerve
WARNING - No valid ID provided for 'FMA:6241', label: upper branch of internal laryngeal nerve, user_label: upper branch of internal laryngeal nerve
WARNING - No valid ID provided for 'FMA:6241', label: upper branch of internal laryngeal nerve, user_label: upper branch of internal laryngeal nerve
WARNING - No valid ID provided for 'FMA:6241', label: upper branch of internal laryngeal nerve, user_label: upper branch of internal laryngeal nerve
WARNING - No valid ID provided for 'FMA:6241', label: upper branch of internal laryngeal nerve, user_label: upper branch of internal laryngeal nerve
WARNING - No valid ID provided for 'FMA:6242', label: lower branch of internal laryngeal nerve, user_label: lower branch of internal laryngeal nerve
WARNING - No valid ID provided for 'FMA:6242', label: lower branch of internal laryngeal nerve, user_label: lower branch of internal laryngeal nerve
WARNING - No valid ID provided for 'FMA:6242', label: lower branch of internal laryngeal nerve, user_label: lower branch of internal laryngeal nerve
WARNING - No valid ID provided for 'FMA:6242', label: lower branch of internal laryngeal nerve, user_label: lower branch of internal laryngeal nerve
WARNING - No valid ID provided for 'FMA:6243', label: external laryngeal nerve, user_label: external branch of superior laryngeal nerve
WARNING - No valid ID provided for 'FMA:6243', label: external laryngeal nerve, user_label: external branch of superior laryngeal nerve
WARNING - No valid ID provided for 'FMA:6243', label: external laryngeal nerve, user_label: external branch of superior laryngeal nerve
WARNING - No valid ID provided for 'FMA:6243', label: external laryngeal nerve, user_label: external branch of superior laryngeal nerve
WARNING - No valid ID provided for 'FMA:6243', label: external laryngeal nerve, user_label: external branch of superior laryngeal nerve
WARNING - No valid ID provided for 'FMA:6246', label: recurrent laryngeal nerve, user_label: recurrent laryngeal nerve
WARNING - No valid ID provided for 'FMA:6246', label: recurrent laryngeal nerve, user_label: recurrent laryngeal nerve
WARNING - No valid ID provided for 'FMA:6246', label: recurrent laryngeal nerve, user_label: recurrent laryngeal nerve
WARNING - No valid ID provided for 'FMA:6246', label: recurrent laryngeal nerve, user_label: recurrent laryngeal nerve
WARNING - No valid ID provided for 'FMA:6246', label: recurrent laryngeal nerve, user_label: recurrent laryngeal nerve
WARNING - No valid ID provided for 'FMA:6246', label: recurrent laryngeal nerve, user_label: recurrent laryngeal nerve
WARNING - No valid ID provided for 'FMA:6246', label: recurrent laryngeal nerve, user_label: recurrent laryngeal nerve
WARNING - No valid ID provided for 'FMA:6246', label: recurrent laryngeal nerve, user_label: recurrent laryngeal nerve
WARNING - No valid ID provided for 'FMA:6246', label: recurrent laryngeal nerve, user_label: recurrent laryngeal nerve
WARNING - No valid ID provided for 'FMA:62467', label: branch of musculocutaneous nerve to coracobrachialis, user_label: branch of musculocutaneous nerve to coracobrachialis
WARNING - No valid ID provided for 'FMA:62468', label: branch of musculocutaneous nerve to biceps brachii, user_label: branch of musculocutaneous nerve to biceps brachii
WARNING - No valid ID provided for 'FMA:6247', label: bronchial branch of vagus nerve, user_label: bronchial branch of vagus nerve
WARNING - No valid ID provided for 'FMA:6250', label: branch of recurrent laryngeal nerve to muscle of larynx, user_label: branch of recurrent laryngeal nerve to muscle of larynx
WARNING - No valid ID provided for 'FMA:6250', label: branch of recurrent laryngeal nerve to muscle of larynx, user_label: branch of recurrent laryngeal nerve to muscle of larynx
WARNING - No valid ID provided for 'FMA:6250', label: branch of recurrent laryngeal nerve to muscle of larynx, user_label: branch of recurrent laryngeal nerve to muscle of larynx
WARNING - No valid ID provided for 'FMA:6250', label: branch of recurrent laryngeal nerve to muscle of larynx, user_label: branch of recurrent laryngeal nerve to muscle of larynx
WARNING - No valid ID provided for 'FMA:6250', label: branch of recurrent laryngeal nerve to muscle of larynx, user_label: branch of recurrent laryngeal nerve to muscle of larynx
WARNING - No valid ID provided for 'FMA:6250', label: branch of recurrent laryngeal nerve to muscle of larynx, user_label: branch of recurrent laryngeal nerve to muscle of larynx
WARNING - No valid ID provided for 'FMA:6250', label: branch of recurrent laryngeal nerve to muscle of larynx, user_label: branch of recurrent laryngeal nerve to muscle of larynx
WARNING - No valid ID provided for 'FMA:6250', label: branch of recurrent laryngeal nerve to muscle of larynx, user_label: branch of recurrent laryngeal nerve to muscle of larynx
WARNING - No valid ID provided for 'FMA:6290', label: fourth thoracic nerve, user_label: fourth thoracic spinal nerve
WARNING - No valid ID provided for 'FMA:6293', label: fifth thoracic nerve, user_label: fifth thoracic spinal nerve
WARNING - No valid ID provided for 'FMA:6296', label: sixth thoracic nerve, user_label: sixth thoracic spinal nerve
WARNING - No valid ID provided for 'FMA:6299', label: seventh thoracic nerve, user_label: seventh thoracic spinal nerve
WARNING - No valid ID provided for 'FMA:6302', label: eighth thoracic nerve, user_label: eighth thoracic spinal nerve
WARNING - No valid ID provided for 'FMA:6306', label: ninth thoracic nerve, user_label: ninth thoracic spinal nerve
WARNING - No valid ID provided for 'FMA:6309', label: tenth thoracic nerve, user_label: tenth thoracic spinal nerve
WARNING - No valid ID provided for 'FMA:6312', label: eleventh thoracic nerve, user_label: eleventh thoracic spinal nerve
WARNING - No valid ID provided for 'FMA:6414', label: third lumbar nerve, user_label: third lumbar spinal nerve
WARNING - No valid ID provided for 'FMA:6414', label: third lumbar nerve, user_label: third lumbar spinal nerve
WARNING - No valid ID provided for 'FMA:6415', label: fourth lumbar nerve, user_label: fourth lumbar spinal nerve
WARNING - No valid ID provided for 'FMA:6415', label: fourth lumbar nerve, user_label: fourth lumbar spinal nerve
WARNING - No valid ID provided for 'FMA:6415', label: fourth lumbar nerve, user_label: fourth lumbar spinal nerve
WARNING - No valid ID provided for 'FMA:6416', label: fifth lumbar nerve, user_label: fifth lumbar spinal nerve
WARNING - No valid ID provided for 'FMA:6416', label: fifth lumbar nerve, user_label: fifth lumbar spinal nerve
WARNING - No valid ID provided for 'FMA:6423', label: first sacral nerve, user_label: first sacral spinal nerve
WARNING - No valid ID provided for 'FMA:6423', label: first sacral nerve, user_label: first sacral spinal nerve
WARNING - No valid ID provided for 'FMA:6424', label: second sacral nerve, user_label: second sacral spinal nerve
WARNING - No valid ID provided for 'FMA:6424', label: second sacral nerve, user_label: second sacral spinal nerve
WARNING - No valid ID provided for 'FMA:6425', label: third sacral nerve, user_label: third sacral spinal nerve
WARNING - No valid ID provided for 'FMA:6425', label: third sacral nerve, user_label: third sacral spinal nerve
WARNING - No valid ID provided for 'FMA:6426', label: fourth sacral nerve, user_label: fourth sacral spinal nerve
WARNING - No valid ID provided for 'FMA:6426', label: fourth sacral nerve, user_label: fourth sacral spinal nerve
WARNING - No valid ID provided for 'FMA:6426', label: fourth sacral nerve, user_label: fourth sacral spinal nerve
WARNING - No valid ID provided for 'FMA:6427', label: fifth sacral nerve, user_label: fifth sacral spinal nerve
WARNING - No valid ID provided for 'FMA:6427', label: fifth sacral nerve, user_label: fifth sacral spinal nerve
WARNING - No valid ID provided for 'FMA:6440', label: first cervical nerve, user_label: first cervical spinal nerve
WARNING - No valid ID provided for 'FMA:6440', label: first cervical nerve, user_label: first cervical spinal nerve
WARNING - No valid ID provided for 'FMA:6443', label: second cervical nerve, user_label: second cervical spinal nerve
WARNING - No valid ID provided for 'FMA:6443', label: second cervical nerve, user_label: second cervical spinal nerve
WARNING - No valid ID provided for 'FMA:6444', label: third cervical nerve, user_label: third cervical spinal nerve
WARNING - No valid ID provided for 'FMA:6444', label: third cervical nerve, user_label: third cervical spinal nerve
WARNING - No valid ID provided for 'FMA:6445', label: fourth cervical nerve, user_label: fourth cervical spinal nerve
WARNING - No valid ID provided for 'FMA:6445', label: fourth cervical nerve, user_label: fourth cervical spinal nerve
WARNING - No valid ID provided for 'FMA:6446', label: fifth cervical nerve, user_label: fifth cervical spinal nerve
WARNING - No valid ID provided for 'FMA:6446', label: fifth cervical nerve, user_label: fifth cervical spinal nerve
WARNING - No valid ID provided for 'FMA:6447', label: sixth cervical nerve, user_label: sixth cervical spinal nerve
WARNING - No valid ID provided for 'FMA:6447', label: sixth cervical nerve, user_label: sixth cervical spinal nerve
WARNING - No valid ID provided for 'FMA:6448', label: seventh cervical nerve, user_label: seventh cervical spinal nerve
WARNING - No valid ID provided for 'FMA:6448', label: seventh cervical nerve, user_label: seventh cervical spinal nerve
WARNING - No valid ID provided for 'FMA:6449', label: eighth cervical nerve, user_label: eighth cervical spinal nerve
WARNING - No valid ID provided for 'FMA:6449', label: eighth cervical nerve, user_label: eighth cervical spinal nerve
WARNING - No valid ID provided for 'FMA:65246', label: medial cutaneous nerve of arm, user_label: medial cutaneous nerve of arm
WARNING - No valid ID provided for 'FMA:65275', label: long thoracic nerve, user_label: long thoracic nerve
WARNING - No valid ID provided for 'FMA:65290', label: thoracodorsal nerve, user_label: thoracodorsal nerve
WARNING - No valid ID provided for 'FMA:65293', label: medial pectoral nerve, user_label: medial pectoral nerve
WARNING - No valid ID provided for 'FMA:65296', label: lateral pectoral nerve, user_label: lateral pectoral nerve
WARNING - No valid ID provided for 'FMA:65304', label: superior subscapular nerve, user_label: superior subscapular nerve
WARNING - No valid ID provided for 'FMA:65307', label: inferior subscapular nerve, user_label: inferior subscapular nerve
WARNING - No valid ID provided for 'FMA:65329', label: branch of posterior muscular branch of radial nerve to medial head of triceps brachii, user_label: posterior muscular branch of radial nerve to medial head of triceps brachii
WARNING - No valid ID provided for 'FMA:65330', label: branch of posterior muscular branch of radial nerve to lateral head of triceps brachii, user_label: posterior muscular branch of radial nerve to lateral head of triceps brachii
WARNING - No valid ID provided for 'FMA:65333', label: lateral muscular branch of radial nerve to brachialis, user_label: lateral muscular branch of radial nerve to brachialis
WARNING - No valid ID provided for 'FMA:65334', label: nerve to brachioradialis, user_label: lateral muscular branch of radial nerve to brachioradialis
WARNING - No valid ID provided for 'FMA:65351', label: branch of ulnar nerve to flexor digitorum profundus, user_label: branch of ulnar nerve to flexor digitorum profundus
WARNING - No valid ID provided for 'FMA:65414', label: supraclavicular nerve, user_label: supraclavicular nerve
WARNING - No valid ID provided for 'FMA:65514', label: esophageal branch of vagal trunk, user_label: esophageal branch of vagal trunk
WARNING - No valid ID provided for 'FMA:65515', label: pulmonary branch of vagus nerve, user_label: pulmonary branch of vagus nerve
WARNING - No valid ID provided for 'FMA:66048', label: branch of sacral nerve plexus to levator ani, user_label: branch of sacral nerve plexus to levator ani
WARNING - No valid ID provided for 'FMA:66049', label: branch of sacral nerve plexus to coccygeus, user_label: branch of sacral nerve plexus to coccygeus
WARNING - No valid ID provided for 'FMA:66052', label: branch of sacral nerve plexus to external anal sphincter, user_label: branch of sacral nerve plexus to external anal sphincter
WARNING - No valid ID provided for 'FMA:6670', label: renal branch of vagus nerve, user_label: renal branch of vagus nerve
WARNING - No valid ID provided for 'FMA:6720', label: spinal accessory nerve, user_label: spinal accessory nerve
WARNING - No valid ID provided for 'FMA:67952', label: branch of musculocutaneous nerve to brachialis, user_label: branch of musculocutaneous nerve to brachialis
WARNING - No valid ID provided for 'FMA:67953', label: branch of musculocutaneous nerve to humerus, user_label: branch of musculocutaneous nerve to humerus
WARNING - No valid ID provided for 'FMA:6871', label: lesser occipital nerve, user_label: lesser occipital nerve
WARNING - No valid ID provided for 'FMA:6873', label: transverse cervical nerve, user_label: transverse cervical nerve
WARNING - No valid ID provided for 'FMA:6880', label: anterior branch of great auricular nerve, user_label: greater auricular nerve anterior branch
WARNING - No valid ID provided for 'FMA:6881', label: posterior branch of great auricular nerve, user_label: greater auricular nerve posterior branch
WARNING - No valid ID provided for 'FMA:7061', label: anterior ramus of first cervical nerve, user_label: ventral ramus of first cervical spinal nerve
WARNING - No valid ID provided for 'FMA:7062', label: anterior ramus of second cervical nerve, user_label: ventral ramus of second cervical spinal nerve
WARNING - No valid ID provided for 'FMA:7065', label: anterior ramus of first lumbar nerve, user_label: ventral ramus of first lumbar spinal nerve
WARNING - No valid ID provided for 'FMA:7068', label: anterior ramus of first sacral nerve, user_label: ventral ramus of first sacral spinal nerve
WARNING - No valid ID provided for 'FMA:7072', label: anterior ramus of coccygeal nerve, user_label: ventral ramus of coccygeal nerve
WARNING - No valid ID provided for 'FMA:7645', label: first intercostal nerve, user_label: ventral ramus of first thoracic spinal nerve
WARNING - No valid ID provided for 'FMA:77213', label: branch of right vagus nerve to pancreas, user_label: branch of right vagus nerve to pancreas
WARNING - No valid ID provided for 'FMA:77524', label: pharyngeal nerve, user_label: pharyngeal nerve
WARNING - No valid ID provided for 'FMA:77559', label: posterior interosseous nerve, user_label: deep branch of radial nerve
WARNING - No valid ID provided for 'FMA:77991', label: parotid branch of glossopharyngeal nerve, user_label: parotid branch of glossopharyngeal nerve
WARNING - No valid ID provided for 'FMA:78582', label: gastric branch of vagus nerve, user_label: gastric branch of vagus nerve
WARNING - No valid ID provided for 'FMA:78705', label: nerve to quadratus femoris, user_label: branch of sacral nerve plexus to quadratus femoris
WARNING - No valid ID provided for 'FMA:78711', label: nerve to obturator internus, user_label: branch of sacral nerve plexus to obturator internus
WARNING - No valid ID provided for 'FMA:78714', label: nerve to gemellus inferior, user_label: branch of sacral nerve plexus to gemellus inferior
WARNING - No valid ID provided for 'FMA:80085', label: articular branch of tibial nerve, user_label: articular branch of tibial nerve
WARNING - No valid ID provided for 'FMA:80085', label: articular branch of tibial nerve, user_label: articular branch of tibial nerve
WARNING - No valid ID provided for 'FMA:80085', label: articular branch of tibial nerve, user_label: articular branch of tibial nerve
WARNING - No valid ID provided for 'FMA:80085', label: articular branch of tibial nerve, user_label: articular branch of tibial nerve
WARNING - No valid ID provided for 'FMA:80165', label: branch of accessory obturator nerve to hip joint, user_label: branch of accessory obturator nerve to hip joint
WARNING - No valid ID provided for 'FMA:80225', label: branch of median nerve to third lumbrical of hand, user_label: branch of median nerve to third lumbrical of hand
WARNING - No valid ID provided for 'FMA:80267', label: nerve to superficial head of flexor pollicis brevis, user_label: branch of median nerve to superficial head of flexor pollicis brevis
WARNING - No valid ID provided for 'FMA:80273', label: branch of median nerve to opponens pollicis, user_label: branch of median nerve to opponens pollicis
WARNING - No valid ID provided for 'FMA:80279', label: nerve to abductor pollicis brevis, user_label: branch of median nerve to abductor pollicis brevis
WARNING - No valid ID provided for 'FMA:80285', label: branch of posterior interosseous nerve, user_label: posterior interosseous nerve
WARNING - No valid ID provided for 'FMA:81170', label: branch of nerve to obturator internus, user_label: branch of sacral nerve plexus to obturator internus
WARNING - No valid ID provided for 'FMA:81195', label: ulnar collateral nerve, user_label: medial muscular branch of radial nerve to medial head of triceps brachii
WARNING - No valid ID provided for 'FMA:81198', label: branch of medial muscular branch of radial nerve to long head of triceps brachii, user_label: medial muscular branch of radial nerve to long head of triceps brachii
WARNING - No valid ID provided for 'FMA:81205', label: nerve to extensor carpi radialis longus, user_label: lateral muscular branch of radial nerve to extensor carpi radialis longus
WARNING - No valid ID provided for 'FMA:81220', label: nerve to flexor carpi ulnaris, user_label: branch of ulnar nerve to flexor carpi ulnaris
WARNING - No valid ID provided for 'FMA:81223', label: nerve to anconeus, user_label: posterior muscular branch of radial nerve to anconeus
WARNING - No valid ID provided for 'FMA:81226', label: medial muscular branch of radial nerve to triceps brachii, user_label: medial muscular branch of radial nerve to triceps brachii
WARNING - No valid ID provided for 'FMA:81232', label: nerve to articularis cubiti, user_label: medial muscular branch of radial nerve to articularis cubiti
WARNING - No valid ID provided for 'FMA:81239', label: branch of musculocutaneous nerve to long head of biceps brachii, user_label: branch of musculocutaneous nerve to long head of biceps brachii
WARNING - No valid ID provided for 'FMA:81240', label: branch of musculocutaneous nerve to short head of biceps brachii, user_label: branch of musculocutaneous nerve to short head of biceps brachii
WARNING - No valid ID provided for 'FMA:81285', label: anterior branch of axillary nerve, user_label: anterior branch of axillary nerve
WARNING - No valid ID provided for 'FMA:81286', label: posterior branch of axillary nerve, user_label: posterior branch of axillary nerve
WARNING - No valid ID provided for 'FMA:82625', label: nerve to superior longitudinal muscle of tongue, user_label: nerve to superior longitudinal muscle of tongue
WARNING - No valid ID provided for 'FMA:82628', label: nerve to inferior longitudinal muscle of tongue, user_label: nerve to inferior longitudinal muscle of tongue
WARNING - No valid ID provided for 'FMA:82631', label: nerve to transverse muscle of tongue, user_label: nerve to transverse muscle of tongue
WARNING - No valid ID provided for 'FMA:82634', label: nerve to vertical muscle fo tongue, user_label: nerve to vertical muscle fo tongue
WARNING - No valid ID provided for 'FMA:8724', label: anterior ramus of eighth cervical nerve, user_label: ventral ramus of eighth cervical spinal nerve
WARNING - No valid ID provided for 'FMA:8727', label: anterior ramus of seventh cervical nerve, user_label: ventral ramus of seventh cervical spinal nerve
WARNING - No valid ID provided for 'FMA:8730', label: anterior ramus of sixth cervical nerve, user_label: ventral ramus of sixth cervical spinal nerve
WARNING - No valid ID provided for 'FMA:8733', label: anterior ramus of fifth cervical nerve, user_label: ventral ramus of fifth cervical spinal nerve
WARNING - No valid ID provided for 'FMA:8736', label: anterior ramus of third cervical nerve, user_label: ventral ramus of third cervical spinal nerve
WARNING - No valid ID provided for 'FMA:8739', label: anterior ramus of fourth cervical nerve, user_label: ventral ramus of fourth cervical spinal nerve
WARNING - No valid ID provided for 'FMA:8764', label: anterior ramus of second lumbar nerve, user_label: ventral ramus of second lumbar spinal nerve
WARNING - No valid ID provided for 'FMA:8767', label: anterior ramus of third lumbar nerve, user_label: ventral ramus of third lumbar spinal nerve
WARNING - No valid ID provided for 'FMA:8770', label: anterior ramus of fourth lumbar nerve, user_label: ventral ramus of fourth lumbar spinal nerve
WARNING - No valid ID provided for 'FMA:8770', label: anterior ramus of fourth lumbar nerve, user_label: ventral ramus of fourth lumbar spinal nerve
WARNING - No valid ID provided for 'FMA:8773', label: anterior ramus of fifth lumbar nerve, user_label: ventral ramus of fifth lumbar spinal nerve
WARNING - No valid ID provided for 'FMA:8776', label: anterior ramus of second sacral nerve, user_label: ventral ramus of second sacral spinal nerve
WARNING - No valid ID provided for 'FMA:8779', label: anterior ramus of third sacral nerve, user_label: ventral ramus of third sacral spinal nerve
WARNING - No valid ID provided for 'FMA:8782', label: anterior ramus of fourth sacral nerve, user_label: ventral ramus of fourth sacral spinal nerve
WARNING - No valid ID provided for 'FMA:8782', label: anterior ramus of fourth sacral nerve, user_label: ventral ramus of fourth sacral spinal nerve
WARNING - No valid ID provided for 'FMA:8785', label: anterior ramus of fifth sacral nerve, user_label: ventral ramus of fifth sacral spinal nerve
