/usr/local/lib/python3.8/dist-packages/rdflib_jsonld/__init__.py:9: DeprecationWarning: The rdflib-jsonld package has been integrated into rdflib as of rdflib==6.0.1.  Please remove rdflib-jsonld from your project's dependencies.
  warnings.warn(
WARNING - No valid ID provided for '', label: Keratinocyte (Corneocyte), user_label: corneocyte
WARNING - No valid ID provided for '', label: Keratinocyte (Onychocyte), user_label: Onychocyte
WARNING - No valid ID provided for '', label: perineurial cells, user_label: perineurial cells
WARNING - No valid ID provided for '', label: Perineural cell, user_label: perineurial cell
WARNING - Different labels found for UBERON:0001821. Uberongraph: sebaceous gland ; ASCT+b table: Sebaceous glands
WARNING - Different labels found for CL:1000458. Uberongraph: melanocyte of skin ; ASCT+b table: Melanocyte
WARNING - Different labels found for CL:0001071. Uberongraph: group 3 innate lymphoid cell ; ASCT+b table: Innate lymphoid cell 3
WARNING - Different labels found for UBERON:0002026. Uberongraph: stratum spinosum of epidermis ; ASCT+b table: Stratum spinosum (SS)
WARNING - Different labels found for UBERON:0007121. Uberongraph: skin nerve field ; ASCT+b table: nerve
WARNING - Different labels found for CL:0002457. Uberongraph: epidermal Langerhans cell ; ASCT+b table: Langerhans cell
WARNING - Different labels found for UBERON:0002072. Uberongraph: hypodermis ; ASCT+b table: Subcutaneous
WARNING - Different labels found for CL:0000545. Uberongraph: T-helper 1 cell ; ASCT+b table: T helper
WARNING - Different labels found for CL:0002521. Uberongraph: subcutaneous fat cell ; ASCT+b table: Adipocyte
WARNING - Different labels found for CL:0001067. Uberongraph: group 1 innate lymphoid cell ; ASCT+b table: Natural killer cell / Innate lymphoid cell 1
WARNING - Different labels found for UBERON:0002025. Uberongraph: stratum basale of epidermis ; ASCT+b table: Stratum basale (SB)
WARNING - Different labels found for UBERON:0002097. Uberongraph: skin of body ; ASCT+b table: skin
WARNING - Different labels found for CL:0000649. Uberongraph: prickle cell ; ASCT+b table: Keratinocytes (Spinous)
WARNING - Different labels found for UBERON:0008974. Uberongraph: apocrine gland ; ASCT+b table: Apocrine glands
WARNING - Different labels found for CL:0002292. Uberongraph: type I cell of carotid body ; ASCT+b table: Glomus cell
WARNING - Different labels found for CL:0000646. Uberongraph: basal cell ; ASCT+b table: Keratinocyte (Basal)
WARNING - Different labels found for UBERON:0002073. Uberongraph: hair follicle ; ASCT+b table: Hair follicles
WARNING - Different labels found for UBERON:0035549. Uberongraph: vasculature of integument ; ASCT+b table: Blood vessels
WARNING - Different labels found for CL:0000359. Uberongraph: vascular associated smooth muscle cell ; ASCT+b table: Perivascular smooth muscle cell
WARNING - Different labels found for CL:0000151. Uberongraph: secretory cell ; ASCT+b table: Germinative (epithelial) cell, Sebocyte
WARNING - Different labels found for CL:1000417. Uberongraph: myoepithelial cell of sweat gland ; ASCT+b table: Eccrine cell, myoepithelial cell
WARNING - Different labels found for CL:0000910. Uberongraph: cytotoxic T cell ; ASCT+b table: T killer
WARNING - Different labels found for CL:0002138. Uberongraph: endothelial cell of lymphatic vessel ; ASCT+b table: Lymphatic
WARNING - Different labels found for CL:0000669. Uberongraph: pericyte cell ; ASCT+b table: Pericyte
WARNING - Different labels found for UBERON:0000423. Uberongraph: eccrine sweat gland ; ASCT+b table: Eccrine (sweat) glands
WARNING - Different labels found for CL:0001006. Uberongraph: dermal dendritic cell ; ASCT+b table: Dendritic cell (DC1)
WARNING - Different labels found for UBERON:0002027. Uberongraph: stratum corneum of epidermis ; ASCT+b table: Stratum corneum (SC)
WARNING - Different labels found for CL:0002620. Uberongraph: skin fibroblast ; ASCT+b table: Fibroblast
WARNING - Different labels found for UBERON:0002069. Uberongraph: stratum granulosum of epidermis ; ASCT+b table: Stratum granulosum (SG)
WARNING - Different labels found for CL:0000815. Uberongraph: regulatory T cell ; ASCT+b table: T reg
WARNING - Different labels found for UBERON:0001003. Uberongraph: skin epidermis ; ASCT+b table: Epidermis
WARNING - Different labels found for CL:0001069. Uberongraph: group 2 innate lymphoid cell ; ASCT+b table: Innate lymphoid cell 2
WARNING - Different labels found for CL:0000312. Uberongraph: keratinocyte ; ASCT+b table: Keratinocyte (Granular)
