WARNING - Unrecognised cell content ''
WARNING - Unrecognised cell content 'FMA:62362'
WARNING - Unrecognised cell content ''
WARNING - Unrecognised cell content 'FMA:62360'
WARNING - Unrecognised cell content ''
WARNING - Unrecognised cell content 'FMA:67916'
WARNING - Unrecognised cell content ''
WARNING - Unrecognised cell content 'FMA:62362'
WARNING - Unrecognised cell content ''
WARNING - Unrecognised cell content 'FMA:62360'
WARNING - Unrecognised cell content ''
WARNING - Unrecognised cell content 'FMA:67916'
WARNING - Unrecognised cell content ''
WARNING - Different labels found for CL:0011005. Uberongraph: GABAergic interneuron ; ASCT+b table: 
WARNING - Different labels found for UBERON:0001782. Uberongraph: pigmented layer of retina ; ASCT+b table: retinal pigmented epithelium
WARNING - Different labels found for CL:0002586. Uberongraph: retinal pigment epithelial cell ; ASCT+b table: 
WARNING - Different labels found for UBERON:0002444. Uberongraph: lens fiber ; ASCT+b table: Lens Fiber
WARNING - Different labels found for UBERON:0000389. Uberongraph: lens cortex ; ASCT+b table: Lens Cortex
WARNING - Different labels found for UBERON:0000965. Uberongraph: lens of camera-type eye ; ASCT+b table: Lens
WARNING - Different labels found for CL:0002363. Uberongraph: keratocyte ; ASCT+b table: 
WARNING - Different labels found for CL:0002224. Uberongraph: lens epithelial cell ; ASCT+b table: 
WARNING - Different labels found for CL:0000575. Uberongraph: corneal epithelial cell ; ASCT+b table: 
WARNING - Different labels found for CL:0011107. Uberongraph: obsolete Muller cell ; ASCT+b table: Muller cell
WARNING - Different labels found for CL:0000099. Uberongraph: interneuron ; ASCT+b table: Interneuron
WARNING - Different labels found for UBERON:0004864. Uberongraph: vasculature of retina ; ASCT+b table: retinal vasculature
WARNING - Different labels found for UBERON:0000970. Uberongraph: eye ; ASCT+b table: Eye
WARNING - Different labels found for CL:0000604. Uberongraph: retinal rod cell ; ASCT+b table: 
WARNING - Different labels found for CL:0000540. Uberongraph: neuron ; ASCT+b table: eye photoreceptor cell
WARNING - Different labels found for CL:0000561. Uberongraph: amacrine cell ; ASCT+b table: Amacrine Cell
WARNING - Different labels found for UBERON:0000966. Uberongraph: retina ; ASCT+b table: Retina
WARNING - Different labels found for UBERON:0000964. Uberongraph: cornea ; ASCT+b table: Cornea
WARNING - Different labels found for CL:0002585. Uberongraph: retinal blood vessel endothelial cell ; ASCT+b table: 
WARNING - Different labels found for CL:0008034. Uberongraph: mural cell ; ASCT+b table: 
