/usr/local/lib/python3.8/dist-packages/rdflib_jsonld/__init__.py:9: DeprecationWarning: The rdflib-jsonld package has been integrated into rdflib as of rdflib==6.0.1.  Please remove rdflib-jsonld from your project's dependencies.
  warnings.warn(
WARNING - No valid ID provided for '', label: Megakaryocyte (MK), user_label: 
WARNING - No valid ID provided for '', label: granulocyte-macrophage progenitor cell (GMP), user_label: 
WARNING - No valid ID provided for '', label: lympho-myeloid progenitor cell (LMPP), user_label: 
WARNING - No valid ID provided for '', label: Myeloid progenitor (MOP), user_label: 
WARNING - No valid ID provided for '', label: CD4 naïve, user_label: 
WARNING - No valid ID provided for '', label: CD4 T cell memory, user_label: 
WARNING - No valid ID provided for '', label: CD4 T cell effector memory CD45RA, user_label: 
WARNING - No valid ID provided for '', label: CD8 naïve, user_label: 
WARNING - No valid ID provided for '', label: CD8 T cell memory, user_label: 
WARNING - No valid ID provided for '', label: CD8 T cell effector memory, user_label: 
WARNING - No valid ID provided for '', label: mature CD8 T cell, user_label: 
WARNING - Different labels found for CL:0000826. Uberongraph: pro-B cell ; ASCT+b table: pro B progenitor
WARNING - Different labels found for CL:0000837. Uberongraph: hematopoietic multipotent progenitor cell ; ASCT+b table: hemopoietic stem cell/multipotent progenitor (HSC/MPP)
WARNING - Different labels found for CL:0000556. Uberongraph: megakaryocyte ; ASCT+b table: Megakaryocyte (MK)
WARNING - Different labels found for CL:0001058. Uberongraph: plasmacytoid dendritic cell, human ; ASCT+b table: Plasmacytoid Dendritic Cell (pDC)
WARNING - Different labels found for CL:0001054. Uberongraph: CD14-positive monocyte ; ASCT+b table: CD14 monocyte
WARNING - Different labels found for CL:0000818. Uberongraph: transitional stage B cell ; ASCT+b table: transitional B cell
WARNING - Different labels found for CL:0000051. Uberongraph: common lymphoid progenitor ; ASCT+b table: common lymphoid progenitor (CLP)
WARNING - Different labels found for CL:0000775. Uberongraph: neutrophil ; ASCT+b table: neutrophilic granulocyte
WARNING - Different labels found for CL:0000050. Uberongraph: megakaryocyte-erythroid progenitor cell ; ASCT+b table: megakaryocyte-erythroid-mast cell progenitor (MEMP)
WARNING - Different labels found for CL:0000764. Uberongraph: erythroid lineage cell ; ASCT+b table: early erythroid
WARNING - Different labels found for CL:0000764. Uberongraph: erythroid lineage cell ; ASCT+b table: erythroid
WARNING - Different labels found for CL:0000084. Uberongraph: T cell ; ASCT+b table: T lymphocytes
WARNING - Different labels found for CL:0000815. Uberongraph: regulatory T cell ; ASCT+b table: T regulatory
WARNING - Different labels found for CL:0001056. Uberongraph: dendritic cell, human ; ASCT+b table: dendritic cell (DC)
WARNING - Different labels found for CL:0000938. Uberongraph: CD16-negative, CD56-bright natural killer cell, human ; ASCT+b table: CD56 bright Natural Killer
WARNING - Different labels found for CL:0000553. Uberongraph: megakaryocyte progenitor cell ; ASCT+b table: early Megakaryocyte (MK)
WARNING - Different labels found for CL:0000037. Uberongraph: hematopoietic stem cell ; ASCT+b table: hemopoietic stem cell (HSC)
WARNING - Different labels found for CL:0000945. Uberongraph: lymphocyte of B lineage ; ASCT+b table: B lineage
WARNING - Different labels found for CL:0002396. Uberongraph: CD14-low, CD16-positive monocyte ; ASCT+b table: CD16 monocyte
WARNING - Different labels found for CL:0000990. Uberongraph: conventional dendritic cell ; ASCT+b table: dendritic cell type 1 (DC1)
WARNING - Different labels found for CL:0000814. Uberongraph: mature NK T cell ; ASCT+b table: NK lymphocytes
WARNING - Different labels found for CL:0000824. Uberongraph: mature natural killer cell ; ASCT+b table: mature Natural killer
WARNING - Different labels found for CL:0000817. Uberongraph: precursor B cell ; ASCT+b table: precursor B cell (pre B cell)
WARNING - Different labels found for CL:0000049. Uberongraph: common myeloid progenitor ; ASCT+b table: common myeloid progenitor (CMP)
WARNING - Different labels found for CL:0000840. Uberongraph: immature conventional dendritic cell ; ASCT+b table: transitionalDendritic Cell (tDC)
WARNING - Different labels found for CL:0001062. Uberongraph: effector memory CD8-positive, alpha-beta T cell, terminally differentiated ; ASCT+b table: CD8 T cell effector memory CD45RA
