WARNING - Unrecognised cell content ''
WARNING - Different labels found for CL:0000062. Uberongraph: osteoblast ; ASCT+b table: Osteoblasts
WARNING - Different labels found for CL:0000137. Uberongraph: osteocyte ; ASCT+b table: Osteocytes
WARNING - Different labels found for UBERON:0002446. Uberongraph: patella ; ASCT+b table: Patella
WARNING - Different labels found for UBERON:0009984. Uberongraph: medial condyle of femur ; ASCT+b table: Medial Condyles
WARNING - Different labels found for CL:0000092. Uberongraph: osteoclast ; ASCT+b table: Osteoclasts
WARNING - Different labels found for UBERON:0010996. Uberongraph: articular cartilage of joint ; ASCT+b table: Articular cartilage of a joint
WARNING - Different labels found for UBERON:0000387. Uberongraph: meniscus ; ASCT+b table: Meniscus
WARNING - Different labels found for UBERON:0009985. Uberongraph: lateral condyle of femur ; ASCT+b table: Lateral Condyle
WARNING - Different labels found for UBERON:0003680. Uberongraph: posterior cruciate ligament of knee joint ; ASCT+b table: PCL
WARNING - Different labels found for UBERON:0011088. Uberongraph: ligament of knee joint ; ASCT+b table: Collateral Ligaments
WARNING - Different labels found for UBERON:0003671. Uberongraph: anterior cruciate ligament of knee joint ; ASCT+b table: ACL
WARNING - Different labels found for UBERON:0016400. Uberongraph: infrapatellar fat pad ; ASCT+b table: Infrapatellar fat pad
WARNING - Different labels found for UBERON:0002018. Uberongraph: synovial membrane of synovial joint ; ASCT+b table: Synovial membrane
WARNING - Different labels found for CL:0007010. Uberongraph: preosteoblast ; ASCT+b table: Preosteoblast
WARNING - Different labels found for UBERON:0003668. Uberongraph: synovial bursa ; ASCT+b table: Synovial Bursa
WARNING - Different labels found for UBERON:0014848. Uberongraph: tendon of quadriceps femoris ; ASCT+b table: Patellar Tendon
WARNING - Different labels found for UBERON:0004098. Uberongraph: tibial plateaux ; ASCT+b table: Tibial Plateau
WARNING - Different labels found for UBERON:0003676. Uberongraph: patellar ligament ; ASCT+b table: Patella Ligament
WARNING - Different labels found for UBERON:0009980. Uberongraph: condyle of femur ; ASCT+b table: Distal Femur
