/media/ekbair/7787b33a-9ee7-43b5-b0bc-0191acee0cd4/anita/Documents/CCF_tools/src/ccf_tools.py:42: UserWarning: Unrecognised cell content ''
  warnings.warn("Unrecognised cell content '%s'" % content)
/media/ekbair/7787b33a-9ee7-43b5-b0bc-0191acee0cd4/anita/Documents/CCF_tools/src/ccf_tools.py:42: UserWarning: Unrecognised cell content 'UBERON_0004242'
  warnings.warn("Unrecognised cell content '%s'" % content)
/media/ekbair/7787b33a-9ee7-43b5-b0bc-0191acee0cd4/anita/Documents/CCF_tools/src/ccf_tools.py:42: UserWarning: Unrecognised cell content 'fma31933'
  warnings.warn("Unrecognised cell content '%s'" % content)
/media/ekbair/7787b33a-9ee7-43b5-b0bc-0191acee0cd4/anita/Documents/CCF_tools/src/ccf_tools.py:42: UserWarning: Unrecognised cell content 'fma4942'
  warnings.warn("Unrecognised cell content '%s'" % content)
/media/ekbair/7787b33a-9ee7-43b5-b0bc-0191acee0cd4/anita/Documents/CCF_tools/src/ccf_tools.py:42: UserWarning: Unrecognised cell content 'fma49914'
  warnings.warn("Unrecognised cell content '%s'" % content)
/media/ekbair/7787b33a-9ee7-43b5-b0bc-0191acee0cd4/anita/Documents/CCF_tools/src/ccf_tools.py:42: UserWarning: Unrecognised cell content 'fma49911'
  warnings.warn("Unrecognised cell content '%s'" % content)
/media/ekbair/7787b33a-9ee7-43b5-b0bc-0191acee0cd4/anita/Documents/CCF_tools/src/ccf_tools.py:42: UserWarning: Unrecognised cell content 'fma49916'
  warnings.warn("Unrecognised cell content '%s'" % content)
/media/ekbair/7787b33a-9ee7-43b5-b0bc-0191acee0cd4/anita/Documents/CCF_tools/src/ccf_tools.py:42: UserWarning: Unrecognised cell content 'fma49913'
  warnings.warn("Unrecognised cell content '%s'" % content)
/media/ekbair/7787b33a-9ee7-43b5-b0bc-0191acee0cd4/anita/Documents/CCF_tools/src/ccf_tools.py:42: UserWarning: Unrecognised cell content 'UBERON: 0002170'
  warnings.warn("Unrecognised cell content '%s'" % content)
/media/ekbair/7787b33a-9ee7-43b5-b0bc-0191acee0cd4/anita/Documents/CCF_tools/src/ccf_tools.py:42: UserWarning: Unrecognised cell content 'fma:7397'
  warnings.warn("Unrecognised cell content '%s'" % content)
/media/ekbair/7787b33a-9ee7-43b5-b0bc-0191acee0cd4/anita/Documents/CCF_tools/src/ccf_tools.py:42: UserWarning: Unrecognised cell content 'fma::7397'
  warnings.warn("Unrecognised cell content '%s'" % content)
/media/ekbair/7787b33a-9ee7-43b5-b0bc-0191acee0cd4/anita/Documents/CCF_tools/src/ccf_tools.py:42: UserWarning: Unrecognised cell content 'fma:8616'
  warnings.warn("Unrecognised cell content '%s'" % content)
/media/ekbair/7787b33a-9ee7-43b5-b0bc-0191acee0cd4/anita/Documents/CCF_tools/src/ccf_tools.py:42: UserWarning: Unrecognised cell content 'UBERON: 0002174'
  warnings.warn("Unrecognised cell content '%s'" % content)
/media/ekbair/7787b33a-9ee7-43b5-b0bc-0191acee0cd4/anita/Documents/CCF_tools/src/ccf_tools.py:42: UserWarning: Unrecognised cell content 'fma::7401'
  warnings.warn("Unrecognised cell content '%s'" % content)
/media/ekbair/7787b33a-9ee7-43b5-b0bc-0191acee0cd4/anita/Documents/CCF_tools/src/ccf_tools.py:42: UserWarning: Unrecognised cell content 'fma::7404'
  warnings.warn("Unrecognised cell content '%s'" % content)
/media/ekbair/7787b33a-9ee7-43b5-b0bc-0191acee0cd4/anita/Documents/CCF_tools/src/ccf_tools.py:42: UserWarning: Unrecognised cell content 'fma:8626'
  warnings.warn("Unrecognised cell content '%s'" % content)
/media/ekbair/7787b33a-9ee7-43b5-b0bc-0191acee0cd4/anita/Documents/CCF_tools/src/ccf_tools.py:42: UserWarning: Unrecognised cell content 'Uberon:0008952'
  warnings.warn("Unrecognised cell content '%s'" % content)
/media/ekbair/7787b33a-9ee7-43b5-b0bc-0191acee0cd4/anita/Documents/CCF_tools/src/ccf_tools.py:42: UserWarning: Unrecognised cell content 'fma::7423'
  warnings.warn("Unrecognised cell content '%s'" % content)
/media/ekbair/7787b33a-9ee7-43b5-b0bc-0191acee0cd4/anita/Documents/CCF_tools/src/ccf_tools.py:42: UserWarning: Unrecognised cell content 'fma:4146'
  warnings.warn("Unrecognised cell content '%s'" % content)
/media/ekbair/7787b33a-9ee7-43b5-b0bc-0191acee0cd4/anita/Documents/CCF_tools/src/ccf_tools.py:42: UserWarning: Unrecognised cell content 'fma:4837'
  warnings.warn("Unrecognised cell content '%s'" % content)
/media/ekbair/7787b33a-9ee7-43b5-b0bc-0191acee0cd4/anita/Documents/CCF_tools/src/ccf_tools.py:42: UserWarning: Unrecognised cell content 'fma:8633'
  warnings.warn("Unrecognised cell content '%s'" % content)
/media/ekbair/7787b33a-9ee7-43b5-b0bc-0191acee0cd4/anita/Documents/CCF_tools/src/ccf_tools.py:42: UserWarning: Unrecognised cell content 'Uberon:0008953'
  warnings.warn("Unrecognised cell content '%s'" % content)
/media/ekbair/7787b33a-9ee7-43b5-b0bc-0191acee0cd4/anita/Documents/CCF_tools/src/ccf_tools.py:42: UserWarning: Unrecognised cell content 'fma::7432'
  warnings.warn("Unrecognised cell content '%s'" % content)
/media/ekbair/7787b33a-9ee7-43b5-b0bc-0191acee0cd4/anita/Documents/CCF_tools/src/ccf_tools.py:42: UserWarning: Unrecognised cell content 'fma:4147'
  warnings.warn("Unrecognised cell content '%s'" % content)
/media/ekbair/7787b33a-9ee7-43b5-b0bc-0191acee0cd4/anita/Documents/CCF_tools/src/ccf_tools.py:42: UserWarning: Unrecognised cell content 'fma:8641'
  warnings.warn("Unrecognised cell content '%s'" % content)
/media/ekbair/7787b33a-9ee7-43b5-b0bc-0191acee0cd4/anita/Documents/CCF_tools/src/ccf_tools.py:42: UserWarning: Unrecognised cell content 'fma:7338'
  warnings.warn("Unrecognised cell content '%s'" % content)
/media/ekbair/7787b33a-9ee7-43b5-b0bc-0191acee0cd4/anita/Documents/CCF_tools/src/ccf_tools.py:42: UserWarning: Unrecognised cell content 'fma:68659'
  warnings.warn("Unrecognised cell content '%s'" % content)
/media/ekbair/7787b33a-9ee7-43b5-b0bc-0191acee0cd4/anita/Documents/CCF_tools/src/ccf_tools.py:42: UserWarning: Unrecognised cell content 'fma:279818'
  warnings.warn("Unrecognised cell content '%s'" % content)
/media/ekbair/7787b33a-9ee7-43b5-b0bc-0191acee0cd4/anita/Documents/CCF_tools/src/ccf_tools.py:42: UserWarning: Unrecognised cell content 'UBERON: 0010368'
  warnings.warn("Unrecognised cell content '%s'" % content)
/media/ekbair/7787b33a-9ee7-43b5-b0bc-0191acee0cd4/anita/Documents/CCF_tools/src/ccf_tools.py:42: UserWarning: Unrecognised cell content 'UBERON_0004516'
  warnings.warn("Unrecognised cell content '%s'" % content)
/media/ekbair/7787b33a-9ee7-43b5-b0bc-0191acee0cd4/anita/Documents/CCF_tools/src/ccf_tools.py:42: UserWarning: Unrecognised cell content 'UBERON_0004517'
  warnings.warn("Unrecognised cell content '%s'" % content)
/media/ekbair/7787b33a-9ee7-43b5-b0bc-0191acee0cd4/anita/Documents/CCF_tools/src/ccf_tools.py:42: UserWarning: Unrecognised cell content 'fma:84472'
  warnings.warn("Unrecognised cell content '%s'" % content)
/media/ekbair/7787b33a-9ee7-43b5-b0bc-0191acee0cd4/anita/Documents/CCF_tools/src/ccf_tools.py:42: UserWarning: Unrecognised cell content 'fma:7339'
  warnings.warn("Unrecognised cell content '%s'" % content)
/media/ekbair/7787b33a-9ee7-43b5-b0bc-0191acee0cd4/anita/Documents/CCF_tools/src/ccf_tools.py:42: UserWarning: Unrecognised cell content 'fma:7399'
  warnings.warn("Unrecognised cell content '%s'" % content)
/media/ekbair/7787b33a-9ee7-43b5-b0bc-0191acee0cd4/anita/Documents/CCF_tools/src/ccf_tools.py:42: UserWarning: Unrecognised cell content 'fma:8619'
  warnings.warn("Unrecognised cell content '%s'" % content)
/media/ekbair/7787b33a-9ee7-43b5-b0bc-0191acee0cd4/anita/Documents/CCF_tools/src/ccf_tools.py:42: UserWarning: Unrecognised cell content 'fma:7359'
  warnings.warn("Unrecognised cell content '%s'" % content)
/media/ekbair/7787b33a-9ee7-43b5-b0bc-0191acee0cd4/anita/Documents/CCF_tools/src/ccf_tools.py:42: UserWarning: Unrecognised cell content 'fma:7400'
  warnings.warn("Unrecognised cell content '%s'" % content)
/media/ekbair/7787b33a-9ee7-43b5-b0bc-0191acee0cd4/anita/Documents/CCF_tools/src/ccf_tools.py:42: UserWarning: Unrecognised cell content 'fma:8620'
  warnings.warn("Unrecognised cell content '%s'" % content)
/media/ekbair/7787b33a-9ee7-43b5-b0bc-0191acee0cd4/anita/Documents/CCF_tools/src/ccf_tools.py:42: UserWarning: Unrecognised cell content 'fma:7361'
  warnings.warn("Unrecognised cell content '%s'" % content)
/media/ekbair/7787b33a-9ee7-43b5-b0bc-0191acee0cd4/anita/Documents/CCF_tools/src/ccf_tools.py:42: UserWarning: Unrecognised cell content 'fma:7402'
  warnings.warn("Unrecognised cell content '%s'" % content)
/media/ekbair/7787b33a-9ee7-43b5-b0bc-0191acee0cd4/anita/Documents/CCF_tools/src/ccf_tools.py:42: UserWarning: Unrecognised cell content 'fma:68194'
  warnings.warn("Unrecognised cell content '%s'" % content)
/media/ekbair/7787b33a-9ee7-43b5-b0bc-0191acee0cd4/anita/Documents/CCF_tools/src/ccf_tools.py:42: UserWarning: Unrecognised cell content 'fma:7360'
  warnings.warn("Unrecognised cell content '%s'" % content)
/media/ekbair/7787b33a-9ee7-43b5-b0bc-0191acee0cd4/anita/Documents/CCF_tools/src/ccf_tools.py:42: UserWarning: Unrecognised cell content 'fma:7403'
  warnings.warn("Unrecognised cell content '%s'" % content)
/media/ekbair/7787b33a-9ee7-43b5-b0bc-0191acee0cd4/anita/Documents/CCF_tools/src/ccf_tools.py:42: UserWarning: Unrecognised cell content 'fma:68193'
  warnings.warn("Unrecognised cell content '%s'" % content)
/media/ekbair/7787b33a-9ee7-43b5-b0bc-0191acee0cd4/anita/Documents/CCF_tools/src/ccf_tools.py:42: UserWarning: Unrecognised cell content 'UBERON: 0002171'
  warnings.warn("Unrecognised cell content '%s'" % content)
/media/ekbair/7787b33a-9ee7-43b5-b0bc-0191acee0cd4/anita/Documents/CCF_tools/src/ccf_tools.py:42: UserWarning: Unrecognised cell content 'fma:7366'
  warnings.warn("Unrecognised cell content '%s'" % content)
/media/ekbair/7787b33a-9ee7-43b5-b0bc-0191acee0cd4/anita/Documents/CCF_tools/src/ccf_tools.py:42: UserWarning: Unrecognised cell content 'fma:7416'
  warnings.warn("Unrecognised cell content '%s'" % content)
/media/ekbair/7787b33a-9ee7-43b5-b0bc-0191acee0cd4/anita/Documents/CCF_tools/src/ccf_tools.py:42: UserWarning: Unrecognised cell content 'fma:8627'
  warnings.warn("Unrecognised cell content '%s'" % content)
/media/ekbair/7787b33a-9ee7-43b5-b0bc-0191acee0cd4/anita/Documents/CCF_tools/src/ccf_tools.py:42: UserWarning: Unrecognised cell content 'fma:7365'
  warnings.warn("Unrecognised cell content '%s'" % content)
/media/ekbair/7787b33a-9ee7-43b5-b0bc-0191acee0cd4/anita/Documents/CCF_tools/src/ccf_tools.py:42: UserWarning: Unrecognised cell content 'fma:7417'
  warnings.warn("Unrecognised cell content '%s'" % content)
/media/ekbair/7787b33a-9ee7-43b5-b0bc-0191acee0cd4/anita/Documents/CCF_tools/src/ccf_tools.py:42: UserWarning: Unrecognised cell content 'fma:8628'
  warnings.warn("Unrecognised cell content '%s'" % content)
/media/ekbair/7787b33a-9ee7-43b5-b0bc-0191acee0cd4/anita/Documents/CCF_tools/src/ccf_tools.py:42: UserWarning: Unrecognised cell content 'fma:7364'
  warnings.warn("Unrecognised cell content '%s'" % content)
/media/ekbair/7787b33a-9ee7-43b5-b0bc-0191acee0cd4/anita/Documents/CCF_tools/src/ccf_tools.py:42: UserWarning: Unrecognised cell content 'fma:7418'
  warnings.warn("Unrecognised cell content '%s'" % content)
/media/ekbair/7787b33a-9ee7-43b5-b0bc-0191acee0cd4/anita/Documents/CCF_tools/src/ccf_tools.py:42: UserWarning: Unrecognised cell content 'fma:8630'
  warnings.warn("Unrecognised cell content '%s'" % content)
/media/ekbair/7787b33a-9ee7-43b5-b0bc-0191acee0cd4/anita/Documents/CCF_tools/src/ccf_tools.py:42: UserWarning: Unrecognised cell content 'fma:7363'
  warnings.warn("Unrecognised cell content '%s'" % content)
/media/ekbair/7787b33a-9ee7-43b5-b0bc-0191acee0cd4/anita/Documents/CCF_tools/src/ccf_tools.py:42: UserWarning: Unrecognised cell content 'fma:7419'
  warnings.warn("Unrecognised cell content '%s'" % content)
/media/ekbair/7787b33a-9ee7-43b5-b0bc-0191acee0cd4/anita/Documents/CCF_tools/src/ccf_tools.py:42: UserWarning: Unrecognised cell content 'fma:8631'
  warnings.warn("Unrecognised cell content '%s'" % content)
/media/ekbair/7787b33a-9ee7-43b5-b0bc-0191acee0cd4/anita/Documents/CCF_tools/src/ccf_tools.py:42: UserWarning: Unrecognised cell content 'fma:7362'
  warnings.warn("Unrecognised cell content '%s'" % content)
/media/ekbair/7787b33a-9ee7-43b5-b0bc-0191acee0cd4/anita/Documents/CCF_tools/src/ccf_tools.py:42: UserWarning: Unrecognised cell content 'fma:8632'
  warnings.warn("Unrecognised cell content '%s'" % content)
/media/ekbair/7787b33a-9ee7-43b5-b0bc-0191acee0cd4/anita/Documents/CCF_tools/src/ccf_tools.py:42: UserWarning: Unrecognised cell content 'UBERON: 0008952'
  warnings.warn("Unrecognised cell content '%s'" % content)
/media/ekbair/7787b33a-9ee7-43b5-b0bc-0191acee0cd4/anita/Documents/CCF_tools/src/ccf_tools.py:42: UserWarning: Unrecognised cell content 'fma:7385'
  warnings.warn("Unrecognised cell content '%s'" % content)
/media/ekbair/7787b33a-9ee7-43b5-b0bc-0191acee0cd4/anita/Documents/CCF_tools/src/ccf_tools.py:42: UserWarning: Unrecognised cell content 'fma:7426'
  warnings.warn("Unrecognised cell content '%s'" % content)
/media/ekbair/7787b33a-9ee7-43b5-b0bc-0191acee0cd4/anita/Documents/CCF_tools/src/ccf_tools.py:42: UserWarning: Unrecognised cell content 'fma:13281'
  warnings.warn("Unrecognised cell content '%s'" % content)
/media/ekbair/7787b33a-9ee7-43b5-b0bc-0191acee0cd4/anita/Documents/CCF_tools/src/ccf_tools.py:42: UserWarning: Unrecognised cell content 'fma:7386'
  warnings.warn("Unrecognised cell content '%s'" % content)
/media/ekbair/7787b33a-9ee7-43b5-b0bc-0191acee0cd4/anita/Documents/CCF_tools/src/ccf_tools.py:42: UserWarning: Unrecognised cell content 'fma:7427'
  warnings.warn("Unrecognised cell content '%s'" % content)
/media/ekbair/7787b33a-9ee7-43b5-b0bc-0191acee0cd4/anita/Documents/CCF_tools/src/ccf_tools.py:42: UserWarning: Unrecognised cell content 'fma:7373'
  warnings.warn("Unrecognised cell content '%s'" % content)
/media/ekbair/7787b33a-9ee7-43b5-b0bc-0191acee0cd4/anita/Documents/CCF_tools/src/ccf_tools.py:42: UserWarning: Unrecognised cell content 'fma:7428'
  warnings.warn("Unrecognised cell content '%s'" % content)
/media/ekbair/7787b33a-9ee7-43b5-b0bc-0191acee0cd4/anita/Documents/CCF_tools/src/ccf_tools.py:42: UserWarning: Unrecognised cell content 'fma:13279'
  warnings.warn("Unrecognised cell content '%s'" % content)
/media/ekbair/7787b33a-9ee7-43b5-b0bc-0191acee0cd4/anita/Documents/CCF_tools/src/ccf_tools.py:42: UserWarning: Unrecognised cell content 'fma:7374'
  warnings.warn("Unrecognised cell content '%s'" % content)
/media/ekbair/7787b33a-9ee7-43b5-b0bc-0191acee0cd4/anita/Documents/CCF_tools/src/ccf_tools.py:42: UserWarning: Unrecognised cell content 'fma:7430'
  warnings.warn("Unrecognised cell content '%s'" % content)
/media/ekbair/7787b33a-9ee7-43b5-b0bc-0191acee0cd4/anita/Documents/CCF_tools/src/ccf_tools.py:42: UserWarning: Unrecognised cell content 'fma:8639'
  warnings.warn("Unrecognised cell content '%s'" % content)
/media/ekbair/7787b33a-9ee7-43b5-b0bc-0191acee0cd4/anita/Documents/CCF_tools/src/ccf_tools.py:42: UserWarning: Unrecognised cell content 'fma:7375'
  warnings.warn("Unrecognised cell content '%s'" % content)
/media/ekbair/7787b33a-9ee7-43b5-b0bc-0191acee0cd4/anita/Documents/CCF_tools/src/ccf_tools.py:42: UserWarning: Unrecognised cell content 'fma:7431'
  warnings.warn("Unrecognised cell content '%s'" % content)
/media/ekbair/7787b33a-9ee7-43b5-b0bc-0191acee0cd4/anita/Documents/CCF_tools/src/ccf_tools.py:42: UserWarning: Unrecognised cell content 'fma:8640'
  warnings.warn("Unrecognised cell content '%s'" % content)
/media/ekbair/7787b33a-9ee7-43b5-b0bc-0191acee0cd4/anita/Documents/CCF_tools/src/ccf_tools.py:42: UserWarning: Unrecognised cell content 'UBERON: 0008953'
  warnings.warn("Unrecognised cell content '%s'" % content)
/media/ekbair/7787b33a-9ee7-43b5-b0bc-0191acee0cd4/anita/Documents/CCF_tools/src/ccf_tools.py:42: UserWarning: Unrecognised cell content 'fma:7376'
  warnings.warn("Unrecognised cell content '%s'" % content)
/media/ekbair/7787b33a-9ee7-43b5-b0bc-0191acee0cd4/anita/Documents/CCF_tools/src/ccf_tools.py:42: UserWarning: Unrecognised cell content 'fma:7504'
  warnings.warn("Unrecognised cell content '%s'" % content)
/media/ekbair/7787b33a-9ee7-43b5-b0bc-0191acee0cd4/anita/Documents/CCF_tools/src/ccf_tools.py:42: UserWarning: Unrecognised cell content 'fma:8642'
  warnings.warn("Unrecognised cell content '%s'" % content)
/media/ekbair/7787b33a-9ee7-43b5-b0bc-0191acee0cd4/anita/Documents/CCF_tools/src/ccf_tools.py:42: UserWarning: Unrecognised cell content 'fma:7377'
  warnings.warn("Unrecognised cell content '%s'" % content)
/media/ekbair/7787b33a-9ee7-43b5-b0bc-0191acee0cd4/anita/Documents/CCF_tools/src/ccf_tools.py:42: UserWarning: Unrecognised cell content 'fma:7505'
  warnings.warn("Unrecognised cell content '%s'" % content)
/media/ekbair/7787b33a-9ee7-43b5-b0bc-0191acee0cd4/anita/Documents/CCF_tools/src/ccf_tools.py:42: UserWarning: Unrecognised cell content 'fma:8644'
  warnings.warn("Unrecognised cell content '%s'" % content)
/media/ekbair/7787b33a-9ee7-43b5-b0bc-0191acee0cd4/anita/Documents/CCF_tools/src/ccf_tools.py:42: UserWarning: Unrecognised cell content 'fma:7378'
  warnings.warn("Unrecognised cell content '%s'" % content)
/media/ekbair/7787b33a-9ee7-43b5-b0bc-0191acee0cd4/anita/Documents/CCF_tools/src/ccf_tools.py:42: UserWarning: Unrecognised cell content 'fma:7506'
  warnings.warn("Unrecognised cell content '%s'" % content)
/media/ekbair/7787b33a-9ee7-43b5-b0bc-0191acee0cd4/anita/Documents/CCF_tools/src/ccf_tools.py:42: UserWarning: Unrecognised cell content 'fma:8645'
  warnings.warn("Unrecognised cell content '%s'" % content)
/media/ekbair/7787b33a-9ee7-43b5-b0bc-0191acee0cd4/anita/Documents/CCF_tools/src/ccf_tools.py:42: UserWarning: Unrecognised cell content 'fma:7379'
  warnings.warn("Unrecognised cell content '%s'" % content)
/media/ekbair/7787b33a-9ee7-43b5-b0bc-0191acee0cd4/anita/Documents/CCF_tools/src/ccf_tools.py:42: UserWarning: Unrecognised cell content 'fma:7507'
  warnings.warn("Unrecognised cell content '%s'" % content)
/media/ekbair/7787b33a-9ee7-43b5-b0bc-0191acee0cd4/anita/Documents/CCF_tools/src/ccf_tools.py:42: UserWarning: Unrecognised cell content 'fma:8646'
  warnings.warn("Unrecognised cell content '%s'" % content)
/media/ekbair/7787b33a-9ee7-43b5-b0bc-0191acee0cd4/anita/Documents/CCF_tools/src/ccf_tools.py:42: UserWarning: Unrecognised cell content 'fma:7380'
  warnings.warn("Unrecognised cell content '%s'" % content)
/media/ekbair/7787b33a-9ee7-43b5-b0bc-0191acee0cd4/anita/Documents/CCF_tools/src/ccf_tools.py:42: UserWarning: Unrecognised cell content 'fma:7508'
  warnings.warn("Unrecognised cell content '%s'" % content)
/media/ekbair/7787b33a-9ee7-43b5-b0bc-0191acee0cd4/anita/Documents/CCF_tools/src/ccf_tools.py:42: UserWarning: Unrecognised cell content 'fma:8647'
  warnings.warn("Unrecognised cell content '%s'" % content)
