WARNING - No valid ID provided for '', label: Marginal Reticular Cell, user_label: 
WARNING - No valid ID provided for '', label: Subcapsular sinus ceiling, user_label: subcapsular sinus ceiling of lymph node
WARNING - No valid ID provided for '', label: Lymphatic Endothelial Cell -Subcapsular Sinus Ceiling, user_label: 
WARNING - No valid ID provided for '', label: Subcapsular sinus floor, user_label: subcapsular sinus floor of lymph node
WARNING - No valid ID provided for '', label: Lymphatic Endothelial Cell-Subcapsular Sinus Floor, user_label: 
WARNING - No valid ID provided for '', label: Lymphatic Endothelial Cell-Trabeculae, user_label: 
WARNING - No valid ID provided for '', label: Centrocyte, user_label: 
WARNING - No valid ID provided for '', label: T Follicular Regulatory Cell, user_label: 
WARNING - No valid ID provided for '', label: Centroblast, user_label: 
WARNING - No valid ID provided for '', label: B Cell Zone Reticular Cell, user_label: 
WARNING - No valid ID provided for '', label: T Cell Zone Reticular Cell, user_label: 
WARNING - No valid ID provided for '', label: T Follicular Regulatory Cell, user_label: 
WARNING - No valid ID provided for '', label: Paracortical Sinus, user_label: 
WARNING - No valid ID provided for '', label: T Cell Zone Reticular Cell, user_label: 
WARNING - No valid ID provided for '', label: Paracortical Sinus, user_label: 
WARNING - No valid ID provided for '', label: Capillaries, user_label: capillaries of lymph node
WARNING - No valid ID provided for '', label: Paracortical Cord, user_label: 
WARNING - No valid ID provided for '', label: Monocytoid B Cell, user_label: 
WARNING - No valid ID provided for '', label: Paracortical Cord, user_label: 
WARNING - No valid ID provided for '', label: Medullary Reticular Cell, user_label: 
WARNING - No valid ID provided for '', label: Lymphatic Endothelial Cell of Medulla Ceiling, user_label: 
WARNING - Different labels found for UBERON:0009744. Uberongraph: lymph node medullary sinus ; ASCT+b table: Medullary Sinus
WARNING - Different labels found for CL:0000186. Uberongraph: myofibroblast cell ; ASCT+b table: Myofibroblast
WARNING - Different labels found for CL:0000910. Uberongraph: cytotoxic T cell ; ASCT+b table: T Cytotoxic Cell
WARNING - Different labels found for UBERON:0002007. Uberongraph: medulla of lymph node ; ASCT+b table: Medulla
WARNING - Different labels found for CL:0000546. Uberongraph: T-helper 2 cell ; ASCT+b table: Th2 cell
WARNING - Different labels found for CL:0002399. Uberongraph: CD1c-positive myeloid dendritic cell ; ASCT+b table: Conventional Dendritic Cell (cDC2)
WARNING - Different labels found for UBERON:0009039. Uberongraph: lymph node germinal center ; ASCT+b table: Germinal Center
WARNING - Different labels found for CL:0001058. Uberongraph: plasmacytoid dendritic cell, human ; ASCT+b table: Plasmacytoid Dendritic Cell
WARNING - Different labels found for UBERON:8410036. Uberongraph: medullary venule of lymph node ; ASCT+b table: Venule
WARNING - Different labels found for UBERON:8410033. Uberongraph: lymph node vein ; ASCT+b table: Hilar Vein
WARNING - Different labels found for CL:0000545. Uberongraph: T-helper 1 cell ; ASCT+b table: Th1 cell
WARNING - Different labels found for CL:0000888. Uberongraph: lymph node tingible body macrophage ; ASCT+b table: Tingible Body Macrophage
WARNING - Different labels found for UBERON:8410067. Uberongraph: lymph node interfollicular cortex ; ASCT+b table: Interfollicular Cortex
WARNING - Different labels found for UBERON:0002195. Uberongraph: trabecula of lymph node ; ASCT+b table: Trabeculae
WARNING - Different labels found for UBERON:8410052. Uberongraph: lymph node germinal center light zone ; ASCT+b table: Light Zone
WARNING - Different labels found for UBERON:0010397. Uberongraph: efferent lymphatic vessel ; ASCT+b table: Efferent Lymphatics
WARNING - Different labels found for CL:0000798. Uberongraph: gamma-delta T cell ; ASCT+b table: Gamma/Delta T cells
WARNING - Different labels found for UBERON:8410038. Uberongraph: high endothelial venule of lymph node ; ASCT+b table: High Endothelial Venule
WARNING - Different labels found for UBERON:0002194. Uberongraph: capsule of lymph node ; ASCT+b table: Capsule
WARNING - Different labels found for UBERON:0010753. Uberongraph: lymph node secondary follicle ; ASCT+b table: Secondary Follicle
WARNING - Different labels found for UBERON:0009745. Uberongraph: lymph node medullary cord ; ASCT+b table: Medullary Cord
WARNING - Different labels found for UBERON:0005463. Uberongraph: subcapsular sinus of lymph node ; ASCT+b table: Subcapsular Sinus
WARNING - Different labels found for CL:0000815. Uberongraph: regulatory T cell ; ASCT+b table: T Regulatory Cell
WARNING - Different labels found for UBERON:0035495. Uberongraph: hilum of lymph node ; ASCT+b table: Hilum
WARNING - Different labels found for UBERON:0002006. Uberongraph: cortex of lymph node ; ASCT+b table: Cortex
WARNING - Different labels found for UBERON:0010395. Uberongraph: lymph node primary follicle ; ASCT+b table: Primary Follicle
WARNING - Different labels found for UBERON:8410034. Uberongraph: lymph node artery ; ASCT+b table: Lymphatic Artery
WARNING - Different labels found for UBERON:8410042. Uberongraph: arteriole of lymph node ; ASCT+b table: Arteriole
WARNING - Different labels found for CL:0000899. Uberongraph: T-helper 17 cell ; ASCT+b table: Th17 cell
WARNING - Different labels found for UBERON:8410053. Uberongraph: lymph node germinal center dark zone ; ASCT+b table: Dark Zone
WARNING - Different labels found for CL:0000887. Uberongraph: lymph node subcapsular sinus macrophage ; ASCT+b table: Macrophage
WARNING - Different labels found for UBERON:0001473. Uberongraph: lymphatic vessel ; ASCT+b table: Lymphatic Vessels
WARNING - Different labels found for CL:0019017. Uberongraph: lymphatic vessel smooth muscle cell ; ASCT+b table: Smooth Muscle Cell
WARNING - Different labels found for CL:0000897. Uberongraph: CD4-positive, alpha-beta memory T cell ; ASCT+b table: Memory CD4+ T cell
WARNING - Different labels found for UBERON:0010420. Uberongraph: lymph node germinal center mantle zone ; ASCT+b table: Mantle Zone
WARNING - Different labels found for CL:0000669. Uberongraph: pericyte cell ; ASCT+b table: Pericyte
WARNING - Different labels found for CL:0002394. Uberongraph: CD141-positive myeloid dendritic cell ; ASCT+b table: Conventional Dendritic Cell (cDC1)
WARNING - Different labels found for UBERON:8410041. Uberongraph: venule of lymph node ; ASCT+b table: Venule
WARNING - Different labels found for UBERON:8410066. Uberongraph: lymph node paracortex ; ASCT+b table: Paracortex
WARNING - Different labels found for CL:0000900. Uberongraph: naive thymus-derived CD8-positive, alpha-beta T cell ; ASCT+b table: Naive CD8+ T cell
WARNING - Different labels found for CL:0000895. Uberongraph: naive thymus-derived CD4-positive, alpha-beta T cell ; ASCT+b table: Naive CD4+ T cell
WARNING - Different labels found for UBERON:8410035. Uberongraph: medullary arteriole of lymph node ; ASCT+b table: Arteriole
WARNING - Different labels found for CL:0000909. Uberongraph: CD8-positive, alpha-beta memory T cell ; ASCT+b table: Memory CD8+ T cell
WARNING - Different labels found for UBERON:8410032. Uberongraph: trabecular sinus of lymph node ; ASCT+b table: Trabecular sinus
