WARNING - Unrecognised cell content ''
WARNING - Unrecognised cell content 'FMA:323217'
WARNING - Unrecognised cell content ''
WARNING - Unrecognised cell content 'FMA:323217'
WARNING - Unrecognised cell content ''
WARNING - Unrecognised cell content 'FMA:323217'
WARNING - Unrecognised cell content ''
WARNING - Unrecognised cell content 'FMA:323217'
WARNING - Unrecognised cell content ''
WARNING - Unrecognised cell content 'FMA:323217'
WARNING - Unrecognised cell content ''
WARNING - Unrecognised cell content 'FMA:323217'
WARNING - Unrecognised cell content ''
WARNING - Unrecognised cell content 'FMA:323217'
WARNING - Unrecognised cell content ''
WARNING - Unrecognised cell content 'FMA:323217'
WARNING - Unrecognised cell content ''
WARNING - Unrecognised cell content 'FMA:323217'
WARNING - Unrecognised cell content ''
WARNING - Unrecognised cell content 'FMA:323217'
WARNING - Unrecognised cell content ''
WARNING - Unrecognised cell content 'FMA:323217'
WARNING - Unrecognised cell content ''
WARNING - Unrecognised cell content 'FMA:323217'
WARNING - Unrecognised cell content ''
WARNING - Different labels found for CL:0000713. Uberongraph: corona radiata cell ; ASCT+b table: corona radiata
WARNING - Different labels found for UBERON:0000036. Uberongraph: secondary ovarian follicle ; ASCT+b table: secondary ovarian follicle (class I)
WARNING - Different labels found for UBERON:0000037. Uberongraph: tertiary ovarian follicle ; ASCT+b table: tertiary ovarian follicle (class 2)
