WARNING - Unrecognised cell content ''
WARNING - Unrecognised cell content 'CL_0001056'
WARNING - Unrecognised cell content ''
WARNING - Unrecognised cell content 'CL_0000990'
WARNING - Unrecognised cell content ''
WARNING - Unrecognised cell content 'CL_0002399'
WARNING - Unrecognised cell content ''
WARNING - Unrecognised cell content 'CL_0000784'
WARNING - Unrecognised cell content ''
WARNING - Unrecognised cell content 'CL_0000624'
WARNING - Unrecognised cell content ''
WARNING - Unrecognised cell content 'CL_0000798'
WARNING - Unrecognised cell content ''
WARNING - Unrecognised cell content 'CL_0001203'
WARNING - Unrecognised cell content ''
WARNING - Unrecognised cell content 'CL_0000921'
WARNING - Unrecognised cell content ''
WARNING - Unrecognised cell content 'CL_0000623'
WARNING - Unrecognised cell content ''
WARNING - Unrecognised cell content 'CL_2000054'
WARNING - Unrecognised cell content ''
WARNING - Unrecognised cell content 'CL_0001056'
WARNING - Unrecognised cell content ''
WARNING - Unrecognised cell content 'CL_0001056'
WARNING - Unrecognised cell content ''
WARNING - Unrecognised cell content 'CL_0000990'
WARNING - Unrecognised cell content ''
WARNING - Unrecognised cell content 'CL_0000990'
WARNING - Unrecognised cell content ''
WARNING - Unrecognised cell content 'CL_0002399'
WARNING - Unrecognised cell content ''
WARNING - Unrecognised cell content 'CL_0002399'
WARNING - Unrecognised cell content ''
WARNING - Unrecognised cell content 'CL_0000784'
WARNING - Unrecognised cell content ''
WARNING - Unrecognised cell content 'CL_0000784'
WARNING - Unrecognised cell content ''
WARNING - Unrecognised cell content 'CL_0000624'
WARNING - Unrecognised cell content ''
WARNING - Unrecognised cell content 'CL_0000624'
WARNING - Unrecognised cell content ''
WARNING - Unrecognised cell content 'CL_0000798'
WARNING - Unrecognised cell content ''
WARNING - Unrecognised cell content 'CL_0000798'
WARNING - Unrecognised cell content ''
WARNING - Unrecognised cell content 'CL_0001203'
WARNING - Unrecognised cell content ''
WARNING - Unrecognised cell content 'CL_0001203'
WARNING - Unrecognised cell content ''
WARNING - Unrecognised cell content 'CL_0000921'
WARNING - Unrecognised cell content ''
WARNING - Unrecognised cell content 'CL_0000921'
WARNING - Unrecognised cell content ''
WARNING - Unrecognised cell content 'CL_0000623'
WARNING - Unrecognised cell content ''
WARNING - Unrecognised cell content 'CL_0000623'
WARNING - Unrecognised cell content ''
WARNING - Unrecognised cell content 'CL_2000054'
WARNING - Unrecognised cell content ''
WARNING - Unrecognised cell content 'CL_2000054'
WARNING - Different labels found for CL:0019018. Uberongraph: blood vessel smooth muscle cell ; ASCT+b table: 
WARNING - Different labels found for CL:0000091. Uberongraph: Kupffer cell ; ASCT+b table: 
WARNING - Different labels found for CL:1000413. Uberongraph: endothelial cell of artery ; ASCT+b table: 
WARNING - Different labels found for CL:0000632. Uberongraph: hepatic stellate cell ; ASCT+b table: 
WARNING - Different labels found for CL:0019029. Uberongraph: centrilobular region hepatocyte ; ASCT+b table: 
WARNING - Different labels found for CL:0019026. Uberongraph: periportal region hepatocyte ; ASCT+b table: 
WARNING - Different labels found for CL:0019028. Uberongraph: midzonal region hepatocyte ; ASCT+b table: 
WARNING - Different labels found for CL:0000241. Uberongraph: stratified cuboidal epithelial cell ; ASCT+b table: 
WARNING - Different labels found for CL:1000398. Uberongraph: endothelial cell of hepatic sinusoid ; ASCT+b table: 
WARNING - Different labels found for CL:0002543. Uberongraph: vein endothelial cell ; ASCT+b table: 
WARNING - Different labels found for CL:0000075. Uberongraph: columnar/cuboidal epithelial cell ; ASCT+b table: 
WARNING - Different labels found for CL:0000182. Uberongraph: hepatocyte ; ASCT+b table: 
WARNING - Different labels found for CL:0000526. Uberongraph: afferent neuron ; ASCT+b table: 
WARNING - Unrecognised UBERON/CL entity 'CL:1000421'
WARNING - Unrecognised UBERON/CL entity 'CL:1000036'
