/media/ekbair/7787b33a-9ee7-43b5-b0bc-0191acee0cd4/anita/Documents/CCF_tools/src/ccf_tools.py:42: UserWarning: Unrecognised cell content ''
  warnings.warn("Unrecognised cell content '%s'" % content)
/media/ekbair/7787b33a-9ee7-43b5-b0bc-0191acee0cd4/anita/Documents/CCF_tools/src/template_generation_tools.py:41: UserWarning: No valid relationshp between 'connective tissue ; UBERON:0002384' and 'capsule of thymus ; UBERON:0002122' (checked for: ['is_a', 'part_of']) 
  warnings.warn(invalid_relationship_report(r, ['is_a', 'part_of']))
/media/ekbair/7787b33a-9ee7-43b5-b0bc-0191acee0cd4/anita/Documents/CCF_tools/src/template_generation_tools.py:41: UserWarning: No valid relationshp between 'thymus epithelium ; UBERON:0003483' and 'capsule of thymus ; UBERON:0002122' (checked for: ['is_a', 'part_of']) 
  warnings.warn(invalid_relationship_report(r, ['is_a', 'part_of']))
/media/ekbair/7787b33a-9ee7-43b5-b0bc-0191acee0cd4/anita/Documents/CCF_tools/src/template_generation_tools.py:41: UserWarning: No valid relationshp between 'nerve ; UBERON:0001021' and 'capsule of thymus ; UBERON:0002122' (checked for: ['is_a', 'part_of']) 
  warnings.warn(invalid_relationship_report(r, ['is_a', 'part_of']))
/media/ekbair/7787b33a-9ee7-43b5-b0bc-0191acee0cd4/anita/Documents/CCF_tools/src/template_generation_tools.py:41: UserWarning: No valid relationshp between 'thymus trabecula ; UBERON:0004791' and 'capsule of thymus ; UBERON:0002122' (checked for: ['is_a', 'part_of']) 
  warnings.warn(invalid_relationship_report(r, ['is_a', 'part_of']))
/media/ekbair/7787b33a-9ee7-43b5-b0bc-0191acee0cd4/anita/Documents/CCF_tools/src/template_generation_tools.py:41: UserWarning: No valid relationshp between 'nerve ; UBERON:0001021' and 'thymus trabecula ; UBERON:0004791' (checked for: ['is_a', 'part_of']) 
  warnings.warn(invalid_relationship_report(r, ['is_a', 'part_of']))
/media/ekbair/7787b33a-9ee7-43b5-b0bc-0191acee0cd4/anita/Documents/CCF_tools/src/template_generation_tools.py:41: UserWarning: No valid relationshp between 'thymic artery ; UBERON:0018243' and 'thymus trabecula ; UBERON:0004791' (checked for: ['is_a', 'part_of']) 
  warnings.warn(invalid_relationship_report(r, ['is_a', 'part_of']))
/media/ekbair/7787b33a-9ee7-43b5-b0bc-0191acee0cd4/anita/Documents/CCF_tools/src/template_generation_tools.py:41: UserWarning: No valid relationshp between 'adipose tissue ; UBERON:0001013' and 'thymus trabecula ; UBERON:0004791' (checked for: ['is_a', 'part_of']) 
  warnings.warn(invalid_relationship_report(r, ['is_a', 'part_of']))
/media/ekbair/7787b33a-9ee7-43b5-b0bc-0191acee0cd4/anita/Documents/CCF_tools/src/template_generation_tools.py:41: UserWarning: No valid relationshp between 'thymus epithelium ; UBERON:0003483' and 'thymus trabecula ; UBERON:0004791' (checked for: ['is_a', 'part_of']) 
  warnings.warn(invalid_relationship_report(r, ['is_a', 'part_of']))
/media/ekbair/7787b33a-9ee7-43b5-b0bc-0191acee0cd4/anita/Documents/CCF_tools/src/template_generation_tools.py:41: UserWarning: No valid relationshp between 'connective tissue ; UBERON:0002384' and 'thymus trabecula ; UBERON:0004791' (checked for: ['is_a', 'part_of']) 
  warnings.warn(invalid_relationship_report(r, ['is_a', 'part_of']))
/media/ekbair/7787b33a-9ee7-43b5-b0bc-0191acee0cd4/anita/Documents/CCF_tools/src/template_generation_tools.py:41: UserWarning: No valid relationshp between 'thymus lobule ; UBERON:0002125' and 'thymus lobe ; UBERON:0005483' (checked for: ['is_a', 'part_of']) 
  warnings.warn(invalid_relationship_report(r, ['is_a', 'part_of']))
/media/ekbair/7787b33a-9ee7-43b5-b0bc-0191acee0cd4/anita/Documents/CCF_tools/src/template_generation_tools.py:41: UserWarning: No valid relationshp between 'thymus subcapsular epithelium ; UBERON:0006936' and 'thymus lobule ; UBERON:0002125' (checked for: ['is_a', 'part_of']) 
  warnings.warn(invalid_relationship_report(r, ['is_a', 'part_of']))
/media/ekbair/7787b33a-9ee7-43b5-b0bc-0191acee0cd4/anita/Documents/CCF_tools/src/template_generation_tools.py:41: UserWarning: No valid relationshp between 'thymus lymphoid tissue ; UBERON:0003846' and 'thymus subcapsular epithelium ; UBERON:0006936' (checked for: ['is_a', 'part_of']) 
  warnings.warn(invalid_relationship_report(r, ['is_a', 'part_of']))
/media/ekbair/7787b33a-9ee7-43b5-b0bc-0191acee0cd4/anita/Documents/CCF_tools/src/template_generation_tools.py:41: UserWarning: No valid relationshp between 'thymus epithelium ; UBERON:0003483' and 'thymus subcapsular epithelium ; UBERON:0006936' (checked for: ['is_a', 'part_of']) 
  warnings.warn(invalid_relationship_report(r, ['is_a', 'part_of']))
/media/ekbair/7787b33a-9ee7-43b5-b0bc-0191acee0cd4/anita/Documents/CCF_tools/src/template_generation_tools.py:41: UserWarning: No valid relationshp between 'nerve ; UBERON:0001021' and 'thymus subcapsular epithelium ; UBERON:0006936' (checked for: ['is_a', 'part_of']) 
  warnings.warn(invalid_relationship_report(r, ['is_a', 'part_of']))
/media/ekbair/7787b33a-9ee7-43b5-b0bc-0191acee0cd4/anita/Documents/CCF_tools/src/template_generation_tools.py:41: UserWarning: No valid relationshp between 'thymic artery ; UBERON:0018243' and 'thymus subcapsular epithelium ; UBERON:0006936' (checked for: ['is_a', 'part_of']) 
  warnings.warn(invalid_relationship_report(r, ['is_a', 'part_of']))
/media/ekbair/7787b33a-9ee7-43b5-b0bc-0191acee0cd4/anita/Documents/CCF_tools/src/template_generation_tools.py:41: UserWarning: No valid relationshp between 'cortex of thymus ; UBERON:0002123' and 'thymus lobule ; UBERON:0002125' (checked for: ['is_a', 'part_of']) 
  warnings.warn(invalid_relationship_report(r, ['is_a', 'part_of']))
/media/ekbair/7787b33a-9ee7-43b5-b0bc-0191acee0cd4/anita/Documents/CCF_tools/src/template_generation_tools.py:41: UserWarning: No valid relationshp between 'thymus epithelium ; UBERON:0003483' and 'cortex of thymus ; UBERON:0002123' (checked for: ['is_a', 'part_of']) 
  warnings.warn(invalid_relationship_report(r, ['is_a', 'part_of']))
/media/ekbair/7787b33a-9ee7-43b5-b0bc-0191acee0cd4/anita/Documents/CCF_tools/src/template_generation_tools.py:41: UserWarning: No valid relationshp between 'nerve ; UBERON:0001021' and 'cortex of thymus ; UBERON:0002123' (checked for: ['is_a', 'part_of']) 
  warnings.warn(invalid_relationship_report(r, ['is_a', 'part_of']))
/media/ekbair/7787b33a-9ee7-43b5-b0bc-0191acee0cd4/anita/Documents/CCF_tools/src/template_generation_tools.py:41: UserWarning: No valid relationshp between 'thymic artery ; UBERON:0018243' and 'cortex of thymus ; UBERON:0002123' (checked for: ['is_a', 'part_of']) 
  warnings.warn(invalid_relationship_report(r, ['is_a', 'part_of']))
/media/ekbair/7787b33a-9ee7-43b5-b0bc-0191acee0cd4/anita/Documents/CCF_tools/src/template_generation_tools.py:41: UserWarning: No valid relationshp between 'thymus lymphoid tissue ; UBERON:0003846' and 'cortex of thymus ; UBERON:0002123' (checked for: ['is_a', 'part_of']) 
  warnings.warn(invalid_relationship_report(r, ['is_a', 'part_of']))
/media/ekbair/7787b33a-9ee7-43b5-b0bc-0191acee0cd4/anita/Documents/CCF_tools/src/template_generation_tools.py:41: UserWarning: No valid relationshp between 'thymus epithelium ; UBERON:0003483' and 'thymus corticomedullary boundary ; UBERON:0003988' (checked for: ['is_a', 'part_of']) 
  warnings.warn(invalid_relationship_report(r, ['is_a', 'part_of']))
/media/ekbair/7787b33a-9ee7-43b5-b0bc-0191acee0cd4/anita/Documents/CCF_tools/src/template_generation_tools.py:41: UserWarning: No valid relationshp between 'adipose tissue ; UBERON:0001013' and 'thymus corticomedullary boundary ; UBERON:0003988' (checked for: ['is_a', 'part_of']) 
  warnings.warn(invalid_relationship_report(r, ['is_a', 'part_of']))
/media/ekbair/7787b33a-9ee7-43b5-b0bc-0191acee0cd4/anita/Documents/CCF_tools/src/template_generation_tools.py:41: UserWarning: No valid relationshp between 'nerve ; UBERON:0001021' and 'thymus corticomedullary boundary ; UBERON:0003988' (checked for: ['is_a', 'part_of']) 
  warnings.warn(invalid_relationship_report(r, ['is_a', 'part_of']))
/media/ekbair/7787b33a-9ee7-43b5-b0bc-0191acee0cd4/anita/Documents/CCF_tools/src/template_generation_tools.py:41: UserWarning: No valid relationshp between 'thymic artery ; UBERON:0018243' and 'thymus corticomedullary boundary ; UBERON:0003988' (checked for: ['is_a', 'part_of']) 
  warnings.warn(invalid_relationship_report(r, ['is_a', 'part_of']))
/media/ekbair/7787b33a-9ee7-43b5-b0bc-0191acee0cd4/anita/Documents/CCF_tools/src/template_generation_tools.py:41: UserWarning: No valid relationshp between 'thymic vein ; UBERON:0001591' and 'thymus corticomedullary boundary ; UBERON:0003988' (checked for: ['is_a', 'part_of']) 
  warnings.warn(invalid_relationship_report(r, ['is_a', 'part_of']))
/media/ekbair/7787b33a-9ee7-43b5-b0bc-0191acee0cd4/anita/Documents/CCF_tools/src/template_generation_tools.py:41: UserWarning: No valid relationshp between 'efferent lymphatic vessel ; UBERON:0010397' and 'thymus corticomedullary boundary ; UBERON:0003988' (checked for: ['is_a', 'part_of']) 
  warnings.warn(invalid_relationship_report(r, ['is_a', 'part_of']))
/media/ekbair/7787b33a-9ee7-43b5-b0bc-0191acee0cd4/anita/Documents/CCF_tools/src/template_generation_tools.py:41: UserWarning: No valid relationshp between 'thymus lymphoid tissue ; UBERON:0003846' and 'thymus corticomedullary boundary ; UBERON:0003988' (checked for: ['is_a', 'part_of']) 
  warnings.warn(invalid_relationship_report(r, ['is_a', 'part_of']))
/media/ekbair/7787b33a-9ee7-43b5-b0bc-0191acee0cd4/anita/Documents/CCF_tools/src/template_generation_tools.py:41: UserWarning: No valid relationshp between 'medulla of thymus ; UBERON:0002124' and 'thymus lobule ; UBERON:0002125' (checked for: ['is_a', 'part_of']) 
  warnings.warn(invalid_relationship_report(r, ['is_a', 'part_of']))
/media/ekbair/7787b33a-9ee7-43b5-b0bc-0191acee0cd4/anita/Documents/CCF_tools/src/template_generation_tools.py:41: UserWarning: No valid relationshp between 'thymus epithelium ; UBERON:0003483' and 'medulla of thymus ; UBERON:0002124' (checked for: ['is_a', 'part_of']) 
  warnings.warn(invalid_relationship_report(r, ['is_a', 'part_of']))
/media/ekbair/7787b33a-9ee7-43b5-b0bc-0191acee0cd4/anita/Documents/CCF_tools/src/template_generation_tools.py:41: UserWarning: No valid relationshp between 'thymus lymphoid tissue ; UBERON:0003846' and 'medulla of thymus ; UBERON:0002124' (checked for: ['is_a', 'part_of']) 
  warnings.warn(invalid_relationship_report(r, ['is_a', 'part_of']))
/media/ekbair/7787b33a-9ee7-43b5-b0bc-0191acee0cd4/anita/Documents/CCF_tools/src/template_generation_tools.py:41: UserWarning: No valid relationshp between 'nerve ; UBERON:0001021' and 'thymus lobule ; UBERON:0002125' (checked for: ['is_a', 'part_of']) 
  warnings.warn(invalid_relationship_report(r, ['is_a', 'part_of']))
/media/ekbair/7787b33a-9ee7-43b5-b0bc-0191acee0cd4/anita/Documents/CCF_tools/src/template_generation_tools.py:41: UserWarning: No valid relationshp between 'thymic vein ; UBERON:0001591' and 'medulla of thymus ; UBERON:0002124' (checked for: ['is_a', 'part_of']) 
  warnings.warn(invalid_relationship_report(r, ['is_a', 'part_of']))
/media/ekbair/7787b33a-9ee7-43b5-b0bc-0191acee0cd4/anita/Documents/CCF_tools/src/template_generation_tools.py:41: UserWarning: No valid relationshp between 'Hassall's corpuscle ; UBERON:0003987' and 'thymus epithelium ; UBERON:0003483' (checked for: ['is_a', 'part_of']) 
  warnings.warn(invalid_relationship_report(r, ['is_a', 'part_of']))
