WARNING - Unrecognised cell content ''
WARNING - Unrecognised cell content 'fma14517'
WARNING - Unrecognised cell content ''
WARNING - Unrecognised cell content 'fma14517'
WARNING - Unrecognised cell content ''
WARNING - Unrecognised cell content 'fma14517'
WARNING - Unrecognised cell content ''
WARNING - Unrecognised cell content 'fma14517'
WARNING - Unrecognised cell content ''
WARNING - Unrecognised cell content 'fma14517'
WARNING - Unrecognised cell content ''
WARNING - Unrecognised cell content 'fma14517'
WARNING - Unrecognised cell content ''
WARNING - Unrecognised cell content 'fma14517'
WARNING - Unrecognised cell content ''
WARNING - Unrecognised cell content 'fma14517'
WARNING - Unrecognised cell content ''
WARNING - Unrecognised cell content 'fma14517'
WARNING - Unrecognised cell content ''
WARNING - Unrecognised cell content 'fma14517'
WARNING - Unrecognised cell content ''
WARNING - Unrecognised cell content 'fma14517'
WARNING - Unrecognised cell content ''
WARNING - Unrecognised cell content 'fma14517'
WARNING - Unrecognised cell content ''
WARNING - Unrecognised cell content 'fma14517'
WARNING - Unrecognised cell content ''
WARNING - Unrecognised cell content 'fma14517'
WARNING - Unrecognised cell content ''
WARNING - Unrecognised cell content 'fma14517'
WARNING - Unrecognised cell content ''
WARNING - Unrecognised cell content 'fma14517'
WARNING - Unrecognised cell content ''
WARNING - Unrecognised cell content 'fma14517'
WARNING - Unrecognised cell content ''
WARNING - Unrecognised cell content 'fma14517'
WARNING - Unrecognised cell content ''
WARNING - Unrecognised cell content 'fma14517'
WARNING - Unrecognised cell content ''
WARNING - Unrecognised cell content 'fma14517'
WARNING - Unrecognised cell content ''
WARNING - Unrecognised cell content 'fma14517'
WARNING - Unrecognised cell content ''
WARNING - Unrecognised cell content 'fma14517'
WARNING - Unrecognised cell content ''
WARNING - Unrecognised cell content 'fma14517'
WARNING - Unrecognised cell content ''
WARNING - Unrecognised cell content 'fma14517'
WARNING - Unrecognised cell content ''
WARNING - Unrecognised cell content 'fma14517'
WARNING - Unrecognised cell content ''
WARNING - Unrecognised cell content 'fma14517'
WARNING - Unrecognised cell content ''
WARNING - Unrecognised cell content 'fma14517'
WARNING - Unrecognised cell content ''
WARNING - Unrecognised cell content 'fma14517'
WARNING - Unrecognised cell content ''
WARNING - Unrecognised cell content 'fma14517'
WARNING - Unrecognised cell content ''
WARNING - Unrecognised cell content 'fma14517'
WARNING - Unrecognised cell content ''
WARNING - Unrecognised cell content 'fma14517'
WARNING - Unrecognised cell content ''
WARNING - Unrecognised cell content 'fma14517'
WARNING - Unrecognised cell content ''
WARNING - Unrecognised cell content 'fma14517'
WARNING - Unrecognised cell content ''
WARNING - Unrecognised cell content 'fma14517'
WARNING - Unrecognised cell content ''
WARNING - Unrecognised cell content 'fma14517'
WARNING - Unrecognised cell content ''
WARNING - Unrecognised cell content 'fma14517'
WARNING - Unrecognised cell content ''
WARNING - Unrecognised cell content 'fma14517'
WARNING - Unrecognised cell content ''
WARNING - Unrecognised cell content 'fma14517'
WARNING - Unrecognised cell content ''
WARNING - Unrecognised cell content 'fma14517'
WARNING - Unrecognised cell content ''
WARNING - Unrecognised cell content 'fma14517'
WARNING - Unrecognised cell content ''
WARNING - Unrecognised cell content 'fma14517'
WARNING - Unrecognised cell content ''
WARNING - Unrecognised cell content 'fma14517'
WARNING - Unrecognised cell content ''
WARNING - Unrecognised cell content 'fma14517'
WARNING - Unrecognised cell content ''
WARNING - Unrecognised cell content 'fma14517'
WARNING - Unrecognised cell content ''
WARNING - Unrecognised cell content 'fma14517'
WARNING - Unrecognised cell content ''
WARNING - Unrecognised cell content 'fma14517'
WARNING - Unrecognised cell content ''
WARNING - Unrecognised cell content 'fma14517'
WARNING - Unrecognised cell content ''
WARNING - Unrecognised cell content 'fma14517'
WARNING - Unrecognised cell content ''
WARNING - Unrecognised cell content 'fma14517'
WARNING - Unrecognised cell content ''
WARNING - Unrecognised cell content 'fma14517'
WARNING - Unrecognised cell content ''
WARNING - Unrecognised cell content 'fma14517'
WARNING - Unrecognised cell content ''
WARNING - Unrecognised cell content 'fma14517'
WARNING - Unrecognised cell content ''
WARNING - Unrecognised cell content 'fma14517'
WARNING - Unrecognised cell content ''
WARNING - Unrecognised cell content 'fma14517'
WARNING - Unrecognised cell content ''
WARNING - Unrecognised cell content 'fma14517'
WARNING - Unrecognised cell content ''
WARNING - Unrecognised cell content 'fma14517'
WARNING - Unrecognised cell content ''
WARNING - Unrecognised cell content 'fma14517'
WARNING - Unrecognised cell content ''
WARNING - Unrecognised cell content 'fma14517'
WARNING - Unrecognised cell content ''
WARNING - Unrecognised cell content 'fma14517'
WARNING - Unrecognised cell content ''
WARNING - Unrecognised cell content 'fma14517'
WARNING - Unrecognised cell content ''
WARNING - Different labels found for UBERON:0012271. Uberongraph: major duodenal papilla ; ASCT+b table: 
WARNING - Different labels found for CL:0002064. Uberongraph: pancreatic acinar cell ; ASCT+b table: 
WARNING - Different labels found for UBERON:0004915. Uberongraph: sphincter of hepatopancreatic ampulla ; ASCT+b table: 
WARNING - Different labels found for UBERON:0001064. Uberongraph: ventral pancreatic duct ; ASCT+b table: Ventral pancreatic duct
WARNING - Different labels found for CL:0000236. Uberongraph: B cell ; ASCT+b table: 
WARNING - Different labels found for CL:0000146. Uberongraph: simple columnar epithelial cell ; ASCT+b table: 
WARNING - Different labels found for CL:0000169. Uberongraph: type B pancreatic cell ; ASCT+b table: 
WARNING - Different labels found for CL:1000322. Uberongraph: pancreatic goblet cell ; ASCT+b table: 
WARNING - Different labels found for CL:0002080. Uberongraph: pancreatic centro-acinar cell ; ASCT+b table: 
WARNING - Different labels found for CL:1001433. Uberongraph: epithelial cell of exocrine pancreas ; ASCT+b table: 
WARNING - Different labels found for UBERON:0001264. Uberongraph: pancreas ; ASCT+b table: Pancreas
WARNING - Different labels found for CL:0000084. Uberongraph: T cell ; ASCT+b table: 
WARNING - Different labels found for UBERON:0014716. Uberongraph: interlobular duct ; ASCT+b table: intralobular duct
WARNING - Different labels found for CL:0002275. Uberongraph: pancreatic PP cell ; ASCT+b table: 
WARNING - Different labels found for CL:0000577. Uberongraph: type EC enteroendocrine cell ; ASCT+b table: 
WARNING - Different labels found for UBERON:0004913. Uberongraph: hepatopancreatic ampulla ; ASCT+b table: 
WARNING - Different labels found for CL:0002204. Uberongraph: brush cell ; ASCT+b table: 
WARNING - Different labels found for CL:0005019. Uberongraph: pancreatic epsilon cell ; ASCT+b table: 
WARNING - Different labels found for UBERON:0001174. Uberongraph: common bile duct ; ASCT+b table: hepatopancreatic ampulla
WARNING - Different labels found for CL:0000171. Uberongraph: pancreatic A cell ; ASCT+b table: 
WARNING - Different labels found for CL:0000057. Uberongraph: fibroblast ; ASCT+b table: pancreatic stellate cell
WARNING - Different labels found for UBERON:0001263. Uberongraph: pancreatic acinus ; ASCT+b table: Pancreatic acinus
WARNING - Different labels found for CL:0000173. Uberongraph: pancreatic D cell ; ASCT+b table: 
WARNING - Different labels found for CL:0002410. Uberongraph: pancreatic stellate cell ; ASCT+b table: 
WARNING - Different labels found for CL:0000509. Uberongraph: gastrin secreting cell ; ASCT+b table: 
