/media/ekbair/7787b33a-9ee7-43b5-b0bc-0191acee0cd4/anita/Documents/CCF_tools/src/ccf_tools.py:42: UserWarning: Unrecognised cell content ''
  warnings.warn("Unrecognised cell content '%s'" % content)
/media/ekbair/7787b33a-9ee7-43b5-b0bc-0191acee0cd4/anita/Documents/CCF_tools/src/ccf_tools.py:42: UserWarning: Unrecognised cell content 'UBERON_0004242'
  warnings.warn("Unrecognised cell content '%s'" % content)
/media/ekbair/7787b33a-9ee7-43b5-b0bc-0191acee0cd4/anita/Documents/CCF_tools/src/ccf_tools.py:42: UserWarning: Unrecognised cell content 'fma31933'
  warnings.warn("Unrecognised cell content '%s'" % content)
/media/ekbair/7787b33a-9ee7-43b5-b0bc-0191acee0cd4/anita/Documents/CCF_tools/src/ccf_tools.py:42: UserWarning: Unrecognised cell content 'fma4942'
  warnings.warn("Unrecognised cell content '%s'" % content)
/media/ekbair/7787b33a-9ee7-43b5-b0bc-0191acee0cd4/anita/Documents/CCF_tools/src/ccf_tools.py:42: UserWarning: Unrecognised cell content 'fma49914'
  warnings.warn("Unrecognised cell content '%s'" % content)
/media/ekbair/7787b33a-9ee7-43b5-b0bc-0191acee0cd4/anita/Documents/CCF_tools/src/ccf_tools.py:42: UserWarning: Unrecognised cell content 'fma49911'
  warnings.warn("Unrecognised cell content '%s'" % content)
/media/ekbair/7787b33a-9ee7-43b5-b0bc-0191acee0cd4/anita/Documents/CCF_tools/src/ccf_tools.py:42: UserWarning: Unrecognised cell content 'fma49916'
  warnings.warn("Unrecognised cell content '%s'" % content)
/media/ekbair/7787b33a-9ee7-43b5-b0bc-0191acee0cd4/anita/Documents/CCF_tools/src/ccf_tools.py:42: UserWarning: Unrecognised cell content 'fma49913'
  warnings.warn("Unrecognised cell content '%s'" % content)
/media/ekbair/7787b33a-9ee7-43b5-b0bc-0191acee0cd4/anita/Documents/CCF_tools/src/ccf_tools.py:42: UserWarning: Unrecognised cell content 'UBERON: 0002170'
  warnings.warn("Unrecognised cell content '%s'" % content)
/media/ekbair/7787b33a-9ee7-43b5-b0bc-0191acee0cd4/anita/Documents/CCF_tools/src/ccf_tools.py:42: UserWarning: Unrecognised cell content 'fma:7397'
  warnings.warn("Unrecognised cell content '%s'" % content)
/media/ekbair/7787b33a-9ee7-43b5-b0bc-0191acee0cd4/anita/Documents/CCF_tools/src/ccf_tools.py:42: UserWarning: Unrecognised cell content 'fma::7397'
  warnings.warn("Unrecognised cell content '%s'" % content)
/media/ekbair/7787b33a-9ee7-43b5-b0bc-0191acee0cd4/anita/Documents/CCF_tools/src/ccf_tools.py:42: UserWarning: Unrecognised cell content 'fma:8616'
  warnings.warn("Unrecognised cell content '%s'" % content)
/media/ekbair/7787b33a-9ee7-43b5-b0bc-0191acee0cd4/anita/Documents/CCF_tools/src/ccf_tools.py:42: UserWarning: Unrecognised cell content 'UBERON: 0002174'
  warnings.warn("Unrecognised cell content '%s'" % content)
/media/ekbair/7787b33a-9ee7-43b5-b0bc-0191acee0cd4/anita/Documents/CCF_tools/src/ccf_tools.py:42: UserWarning: Unrecognised cell content 'fma::7401'
  warnings.warn("Unrecognised cell content '%s'" % content)
/media/ekbair/7787b33a-9ee7-43b5-b0bc-0191acee0cd4/anita/Documents/CCF_tools/src/ccf_tools.py:42: UserWarning: Unrecognised cell content 'fma::7404'
  warnings.warn("Unrecognised cell content '%s'" % content)
/media/ekbair/7787b33a-9ee7-43b5-b0bc-0191acee0cd4/anita/Documents/CCF_tools/src/ccf_tools.py:42: UserWarning: Unrecognised cell content 'fma:8626'
  warnings.warn("Unrecognised cell content '%s'" % content)
/media/ekbair/7787b33a-9ee7-43b5-b0bc-0191acee0cd4/anita/Documents/CCF_tools/src/ccf_tools.py:42: UserWarning: Unrecognised cell content 'Uberon:0008952'
  warnings.warn("Unrecognised cell content '%s'" % content)
/media/ekbair/7787b33a-9ee7-43b5-b0bc-0191acee0cd4/anita/Documents/CCF_tools/src/ccf_tools.py:42: UserWarning: Unrecognised cell content 'fma::7423'
  warnings.warn("Unrecognised cell content '%s'" % content)
/media/ekbair/7787b33a-9ee7-43b5-b0bc-0191acee0cd4/anita/Documents/CCF_tools/src/ccf_tools.py:42: UserWarning: Unrecognised cell content 'fma:4146'
  warnings.warn("Unrecognised cell content '%s'" % content)
/media/ekbair/7787b33a-9ee7-43b5-b0bc-0191acee0cd4/anita/Documents/CCF_tools/src/ccf_tools.py:42: UserWarning: Unrecognised cell content 'fma:4837'
  warnings.warn("Unrecognised cell content '%s'" % content)
/media/ekbair/7787b33a-9ee7-43b5-b0bc-0191acee0cd4/anita/Documents/CCF_tools/src/ccf_tools.py:42: UserWarning: Unrecognised cell content 'fma:8633'
  warnings.warn("Unrecognised cell content '%s'" % content)
/media/ekbair/7787b33a-9ee7-43b5-b0bc-0191acee0cd4/anita/Documents/CCF_tools/src/ccf_tools.py:42: UserWarning: Unrecognised cell content 'Uberon:0008953'
  warnings.warn("Unrecognised cell content '%s'" % content)
/media/ekbair/7787b33a-9ee7-43b5-b0bc-0191acee0cd4/anita/Documents/CCF_tools/src/ccf_tools.py:42: UserWarning: Unrecognised cell content 'fma::7432'
  warnings.warn("Unrecognised cell content '%s'" % content)
/media/ekbair/7787b33a-9ee7-43b5-b0bc-0191acee0cd4/anita/Documents/CCF_tools/src/ccf_tools.py:42: UserWarning: Unrecognised cell content 'fma:4147'
  warnings.warn("Unrecognised cell content '%s'" % content)
/media/ekbair/7787b33a-9ee7-43b5-b0bc-0191acee0cd4/anita/Documents/CCF_tools/src/ccf_tools.py:42: UserWarning: Unrecognised cell content 'fma:8641'
  warnings.warn("Unrecognised cell content '%s'" % content)
/media/ekbair/7787b33a-9ee7-43b5-b0bc-0191acee0cd4/anita/Documents/CCF_tools/src/ccf_tools.py:42: UserWarning: Unrecognised cell content 'fma:7338'
  warnings.warn("Unrecognised cell content '%s'" % content)
/media/ekbair/7787b33a-9ee7-43b5-b0bc-0191acee0cd4/anita/Documents/CCF_tools/src/ccf_tools.py:42: UserWarning: Unrecognised cell content 'fma:68659'
  warnings.warn("Unrecognised cell content '%s'" % content)
/media/ekbair/7787b33a-9ee7-43b5-b0bc-0191acee0cd4/anita/Documents/CCF_tools/src/ccf_tools.py:42: UserWarning: Unrecognised cell content 'fma:279818'
  warnings.warn("Unrecognised cell content '%s'" % content)
/media/ekbair/7787b33a-9ee7-43b5-b0bc-0191acee0cd4/anita/Documents/CCF_tools/src/ccf_tools.py:42: UserWarning: Unrecognised cell content 'UBERON: 0010368'
  warnings.warn("Unrecognised cell content '%s'" % content)
/media/ekbair/7787b33a-9ee7-43b5-b0bc-0191acee0cd4/anita/Documents/CCF_tools/src/ccf_tools.py:42: UserWarning: Unrecognised cell content 'UBERON_0004516'
  warnings.warn("Unrecognised cell content '%s'" % content)
/media/ekbair/7787b33a-9ee7-43b5-b0bc-0191acee0cd4/anita/Documents/CCF_tools/src/ccf_tools.py:42: UserWarning: Unrecognised cell content 'UBERON_0004517'
  warnings.warn("Unrecognised cell content '%s'" % content)
/media/ekbair/7787b33a-9ee7-43b5-b0bc-0191acee0cd4/anita/Documents/CCF_tools/src/ccf_tools.py:42: UserWarning: Unrecognised cell content 'fma:84472'
  warnings.warn("Unrecognised cell content '%s'" % content)
/media/ekbair/7787b33a-9ee7-43b5-b0bc-0191acee0cd4/anita/Documents/CCF_tools/src/ccf_tools.py:42: UserWarning: Unrecognised cell content 'fma:7339'
  warnings.warn("Unrecognised cell content '%s'" % content)
/media/ekbair/7787b33a-9ee7-43b5-b0bc-0191acee0cd4/anita/Documents/CCF_tools/src/ccf_tools.py:42: UserWarning: Unrecognised cell content 'fma:7399'
  warnings.warn("Unrecognised cell content '%s'" % content)
/media/ekbair/7787b33a-9ee7-43b5-b0bc-0191acee0cd4/anita/Documents/CCF_tools/src/ccf_tools.py:42: UserWarning: Unrecognised cell content 'fma:8619'
  warnings.warn("Unrecognised cell content '%s'" % content)
/media/ekbair/7787b33a-9ee7-43b5-b0bc-0191acee0cd4/anita/Documents/CCF_tools/src/ccf_tools.py:42: UserWarning: Unrecognised cell content 'fma:7359'
  warnings.warn("Unrecognised cell content '%s'" % content)
/media/ekbair/7787b33a-9ee7-43b5-b0bc-0191acee0cd4/anita/Documents/CCF_tools/src/ccf_tools.py:42: UserWarning: Unrecognised cell content 'fma:7400'
  warnings.warn("Unrecognised cell content '%s'" % content)
/media/ekbair/7787b33a-9ee7-43b5-b0bc-0191acee0cd4/anita/Documents/CCF_tools/src/ccf_tools.py:42: UserWarning: Unrecognised cell content 'fma:8620'
  warnings.warn("Unrecognised cell content '%s'" % content)
/media/ekbair/7787b33a-9ee7-43b5-b0bc-0191acee0cd4/anita/Documents/CCF_tools/src/ccf_tools.py:42: UserWarning: Unrecognised cell content 'fma:7361'
  warnings.warn("Unrecognised cell content '%s'" % content)
/media/ekbair/7787b33a-9ee7-43b5-b0bc-0191acee0cd4/anita/Documents/CCF_tools/src/ccf_tools.py:42: UserWarning: Unrecognised cell content 'fma:7402'
  warnings.warn("Unrecognised cell content '%s'" % content)
/media/ekbair/7787b33a-9ee7-43b5-b0bc-0191acee0cd4/anita/Documents/CCF_tools/src/ccf_tools.py:42: UserWarning: Unrecognised cell content 'fma:68194'
  warnings.warn("Unrecognised cell content '%s'" % content)
/media/ekbair/7787b33a-9ee7-43b5-b0bc-0191acee0cd4/anita/Documents/CCF_tools/src/ccf_tools.py:42: UserWarning: Unrecognised cell content 'fma:7360'
  warnings.warn("Unrecognised cell content '%s'" % content)
/media/ekbair/7787b33a-9ee7-43b5-b0bc-0191acee0cd4/anita/Documents/CCF_tools/src/ccf_tools.py:42: UserWarning: Unrecognised cell content 'fma:7403'
  warnings.warn("Unrecognised cell content '%s'" % content)
/media/ekbair/7787b33a-9ee7-43b5-b0bc-0191acee0cd4/anita/Documents/CCF_tools/src/ccf_tools.py:42: UserWarning: Unrecognised cell content 'fma:68193'
  warnings.warn("Unrecognised cell content '%s'" % content)
/media/ekbair/7787b33a-9ee7-43b5-b0bc-0191acee0cd4/anita/Documents/CCF_tools/src/ccf_tools.py:42: UserWarning: Unrecognised cell content 'UBERON: 0002171'
  warnings.warn("Unrecognised cell content '%s'" % content)
/media/ekbair/7787b33a-9ee7-43b5-b0bc-0191acee0cd4/anita/Documents/CCF_tools/src/ccf_tools.py:42: UserWarning: Unrecognised cell content 'fma:7366'
  warnings.warn("Unrecognised cell content '%s'" % content)
/media/ekbair/7787b33a-9ee7-43b5-b0bc-0191acee0cd4/anita/Documents/CCF_tools/src/ccf_tools.py:42: UserWarning: Unrecognised cell content 'fma:7416'
  warnings.warn("Unrecognised cell content '%s'" % content)
/media/ekbair/7787b33a-9ee7-43b5-b0bc-0191acee0cd4/anita/Documents/CCF_tools/src/ccf_tools.py:42: UserWarning: Unrecognised cell content 'fma:8627'
  warnings.warn("Unrecognised cell content '%s'" % content)
/media/ekbair/7787b33a-9ee7-43b5-b0bc-0191acee0cd4/anita/Documents/CCF_tools/src/ccf_tools.py:42: UserWarning: Unrecognised cell content 'fma:7365'
  warnings.warn("Unrecognised cell content '%s'" % content)
/media/ekbair/7787b33a-9ee7-43b5-b0bc-0191acee0cd4/anita/Documents/CCF_tools/src/ccf_tools.py:42: UserWarning: Unrecognised cell content 'fma:7417'
  warnings.warn("Unrecognised cell content '%s'" % content)
/media/ekbair/7787b33a-9ee7-43b5-b0bc-0191acee0cd4/anita/Documents/CCF_tools/src/ccf_tools.py:42: UserWarning: Unrecognised cell content 'fma:8628'
  warnings.warn("Unrecognised cell content '%s'" % content)
/media/ekbair/7787b33a-9ee7-43b5-b0bc-0191acee0cd4/anita/Documents/CCF_tools/src/ccf_tools.py:42: UserWarning: Unrecognised cell content 'fma:7364'
  warnings.warn("Unrecognised cell content '%s'" % content)
/media/ekbair/7787b33a-9ee7-43b5-b0bc-0191acee0cd4/anita/Documents/CCF_tools/src/ccf_tools.py:42: UserWarning: Unrecognised cell content 'fma:7418'
  warnings.warn("Unrecognised cell content '%s'" % content)
/media/ekbair/7787b33a-9ee7-43b5-b0bc-0191acee0cd4/anita/Documents/CCF_tools/src/ccf_tools.py:42: UserWarning: Unrecognised cell content 'fma:8630'
  warnings.warn("Unrecognised cell content '%s'" % content)
/media/ekbair/7787b33a-9ee7-43b5-b0bc-0191acee0cd4/anita/Documents/CCF_tools/src/ccf_tools.py:42: UserWarning: Unrecognised cell content 'fma:7363'
  warnings.warn("Unrecognised cell content '%s'" % content)
/media/ekbair/7787b33a-9ee7-43b5-b0bc-0191acee0cd4/anita/Documents/CCF_tools/src/ccf_tools.py:42: UserWarning: Unrecognised cell content 'fma:7419'
  warnings.warn("Unrecognised cell content '%s'" % content)
/media/ekbair/7787b33a-9ee7-43b5-b0bc-0191acee0cd4/anita/Documents/CCF_tools/src/ccf_tools.py:42: UserWarning: Unrecognised cell content 'fma:8631'
  warnings.warn("Unrecognised cell content '%s'" % content)
/media/ekbair/7787b33a-9ee7-43b5-b0bc-0191acee0cd4/anita/Documents/CCF_tools/src/ccf_tools.py:42: UserWarning: Unrecognised cell content 'fma:7362'
  warnings.warn("Unrecognised cell content '%s'" % content)
/media/ekbair/7787b33a-9ee7-43b5-b0bc-0191acee0cd4/anita/Documents/CCF_tools/src/ccf_tools.py:42: UserWarning: Unrecognised cell content 'fma:8632'
  warnings.warn("Unrecognised cell content '%s'" % content)
/media/ekbair/7787b33a-9ee7-43b5-b0bc-0191acee0cd4/anita/Documents/CCF_tools/src/ccf_tools.py:42: UserWarning: Unrecognised cell content 'UBERON: 0008952'
  warnings.warn("Unrecognised cell content '%s'" % content)
/media/ekbair/7787b33a-9ee7-43b5-b0bc-0191acee0cd4/anita/Documents/CCF_tools/src/ccf_tools.py:42: UserWarning: Unrecognised cell content 'fma:7385'
  warnings.warn("Unrecognised cell content '%s'" % content)
/media/ekbair/7787b33a-9ee7-43b5-b0bc-0191acee0cd4/anita/Documents/CCF_tools/src/ccf_tools.py:42: UserWarning: Unrecognised cell content 'fma:7426'
  warnings.warn("Unrecognised cell content '%s'" % content)
/media/ekbair/7787b33a-9ee7-43b5-b0bc-0191acee0cd4/anita/Documents/CCF_tools/src/ccf_tools.py:42: UserWarning: Unrecognised cell content 'fma:13281'
  warnings.warn("Unrecognised cell content '%s'" % content)
/media/ekbair/7787b33a-9ee7-43b5-b0bc-0191acee0cd4/anita/Documents/CCF_tools/src/ccf_tools.py:42: UserWarning: Unrecognised cell content 'fma:7386'
  warnings.warn("Unrecognised cell content '%s'" % content)
/media/ekbair/7787b33a-9ee7-43b5-b0bc-0191acee0cd4/anita/Documents/CCF_tools/src/ccf_tools.py:42: UserWarning: Unrecognised cell content 'fma:7427'
  warnings.warn("Unrecognised cell content '%s'" % content)
/media/ekbair/7787b33a-9ee7-43b5-b0bc-0191acee0cd4/anita/Documents/CCF_tools/src/ccf_tools.py:42: UserWarning: Unrecognised cell content 'fma:7373'
  warnings.warn("Unrecognised cell content '%s'" % content)
/media/ekbair/7787b33a-9ee7-43b5-b0bc-0191acee0cd4/anita/Documents/CCF_tools/src/ccf_tools.py:42: UserWarning: Unrecognised cell content 'fma:7428'
  warnings.warn("Unrecognised cell content '%s'" % content)
/media/ekbair/7787b33a-9ee7-43b5-b0bc-0191acee0cd4/anita/Documents/CCF_tools/src/ccf_tools.py:42: UserWarning: Unrecognised cell content 'fma:13279'
  warnings.warn("Unrecognised cell content '%s'" % content)
/media/ekbair/7787b33a-9ee7-43b5-b0bc-0191acee0cd4/anita/Documents/CCF_tools/src/ccf_tools.py:42: UserWarning: Unrecognised cell content 'fma:7374'
  warnings.warn("Unrecognised cell content '%s'" % content)
/media/ekbair/7787b33a-9ee7-43b5-b0bc-0191acee0cd4/anita/Documents/CCF_tools/src/ccf_tools.py:42: UserWarning: Unrecognised cell content 'fma:7430'
  warnings.warn("Unrecognised cell content '%s'" % content)
/media/ekbair/7787b33a-9ee7-43b5-b0bc-0191acee0cd4/anita/Documents/CCF_tools/src/ccf_tools.py:42: UserWarning: Unrecognised cell content 'fma:8639'
  warnings.warn("Unrecognised cell content '%s'" % content)
/media/ekbair/7787b33a-9ee7-43b5-b0bc-0191acee0cd4/anita/Documents/CCF_tools/src/ccf_tools.py:42: UserWarning: Unrecognised cell content 'fma:7375'
  warnings.warn("Unrecognised cell content '%s'" % content)
/media/ekbair/7787b33a-9ee7-43b5-b0bc-0191acee0cd4/anita/Documents/CCF_tools/src/ccf_tools.py:42: UserWarning: Unrecognised cell content 'fma:7431'
  warnings.warn("Unrecognised cell content '%s'" % content)
/media/ekbair/7787b33a-9ee7-43b5-b0bc-0191acee0cd4/anita/Documents/CCF_tools/src/ccf_tools.py:42: UserWarning: Unrecognised cell content 'fma:8640'
  warnings.warn("Unrecognised cell content '%s'" % content)
/media/ekbair/7787b33a-9ee7-43b5-b0bc-0191acee0cd4/anita/Documents/CCF_tools/src/ccf_tools.py:42: UserWarning: Unrecognised cell content 'UBERON: 0008953'
  warnings.warn("Unrecognised cell content '%s'" % content)
/media/ekbair/7787b33a-9ee7-43b5-b0bc-0191acee0cd4/anita/Documents/CCF_tools/src/ccf_tools.py:42: UserWarning: Unrecognised cell content 'fma:7376'
  warnings.warn("Unrecognised cell content '%s'" % content)
/media/ekbair/7787b33a-9ee7-43b5-b0bc-0191acee0cd4/anita/Documents/CCF_tools/src/ccf_tools.py:42: UserWarning: Unrecognised cell content 'fma:7504'
  warnings.warn("Unrecognised cell content '%s'" % content)
/media/ekbair/7787b33a-9ee7-43b5-b0bc-0191acee0cd4/anita/Documents/CCF_tools/src/ccf_tools.py:42: UserWarning: Unrecognised cell content 'fma:8642'
  warnings.warn("Unrecognised cell content '%s'" % content)
/media/ekbair/7787b33a-9ee7-43b5-b0bc-0191acee0cd4/anita/Documents/CCF_tools/src/ccf_tools.py:42: UserWarning: Unrecognised cell content 'fma:7377'
  warnings.warn("Unrecognised cell content '%s'" % content)
/media/ekbair/7787b33a-9ee7-43b5-b0bc-0191acee0cd4/anita/Documents/CCF_tools/src/ccf_tools.py:42: UserWarning: Unrecognised cell content 'fma:7505'
  warnings.warn("Unrecognised cell content '%s'" % content)
/media/ekbair/7787b33a-9ee7-43b5-b0bc-0191acee0cd4/anita/Documents/CCF_tools/src/ccf_tools.py:42: UserWarning: Unrecognised cell content 'fma:8644'
  warnings.warn("Unrecognised cell content '%s'" % content)
/media/ekbair/7787b33a-9ee7-43b5-b0bc-0191acee0cd4/anita/Documents/CCF_tools/src/ccf_tools.py:42: UserWarning: Unrecognised cell content 'fma:7378'
  warnings.warn("Unrecognised cell content '%s'" % content)
/media/ekbair/7787b33a-9ee7-43b5-b0bc-0191acee0cd4/anita/Documents/CCF_tools/src/ccf_tools.py:42: UserWarning: Unrecognised cell content 'fma:7506'
  warnings.warn("Unrecognised cell content '%s'" % content)
/media/ekbair/7787b33a-9ee7-43b5-b0bc-0191acee0cd4/anita/Documents/CCF_tools/src/ccf_tools.py:42: UserWarning: Unrecognised cell content 'fma:8645'
  warnings.warn("Unrecognised cell content '%s'" % content)
/media/ekbair/7787b33a-9ee7-43b5-b0bc-0191acee0cd4/anita/Documents/CCF_tools/src/ccf_tools.py:42: UserWarning: Unrecognised cell content 'fma:7379'
  warnings.warn("Unrecognised cell content '%s'" % content)
/media/ekbair/7787b33a-9ee7-43b5-b0bc-0191acee0cd4/anita/Documents/CCF_tools/src/ccf_tools.py:42: UserWarning: Unrecognised cell content 'fma:7507'
  warnings.warn("Unrecognised cell content '%s'" % content)
/media/ekbair/7787b33a-9ee7-43b5-b0bc-0191acee0cd4/anita/Documents/CCF_tools/src/ccf_tools.py:42: UserWarning: Unrecognised cell content 'fma:8646'
  warnings.warn("Unrecognised cell content '%s'" % content)
/media/ekbair/7787b33a-9ee7-43b5-b0bc-0191acee0cd4/anita/Documents/CCF_tools/src/ccf_tools.py:42: UserWarning: Unrecognised cell content 'fma:7380'
  warnings.warn("Unrecognised cell content '%s'" % content)
/media/ekbair/7787b33a-9ee7-43b5-b0bc-0191acee0cd4/anita/Documents/CCF_tools/src/ccf_tools.py:42: UserWarning: Unrecognised cell content 'fma:7508'
  warnings.warn("Unrecognised cell content '%s'" % content)
/media/ekbair/7787b33a-9ee7-43b5-b0bc-0191acee0cd4/anita/Documents/CCF_tools/src/ccf_tools.py:42: UserWarning: Unrecognised cell content 'fma:8647'
  warnings.warn("Unrecognised cell content '%s'" % content)
/media/ekbair/7787b33a-9ee7-43b5-b0bc-0191acee0cd4/anita/Documents/CCF_tools/src/template_generation_tools.py:41: UserWarning: No valid relationshp between 'inferior thyroid artery ; UBERON:0007149' and 'trachea blood vessel ; UBERON:0003505' (checked for: ['is_a', 'part_of']) 
  warnings.warn(invalid_relationship_report(r, ['is_a', 'part_of']))
/media/ekbair/7787b33a-9ee7-43b5-b0bc-0191acee0cd4/anita/Documents/CCF_tools/src/template_generation_tools.py:41: UserWarning: No valid relationshp between 'bronchial artery ; UBERON:0002040' and 'trachea blood vessel ; UBERON:0003505' (checked for: ['is_a', 'part_of']) 
  warnings.warn(invalid_relationship_report(r, ['is_a', 'part_of']))
/media/ekbair/7787b33a-9ee7-43b5-b0bc-0191acee0cd4/anita/Documents/CCF_tools/src/template_generation_tools.py:41: UserWarning: No valid relationshp between 'respiratory system arterial endothelium ; UBERON:0004848' and 'bronchial artery ; UBERON:0002040' (checked for: ['is_a', 'part_of']) 
  warnings.warn(invalid_relationship_report(r, ['is_a', 'part_of']))
/media/ekbair/7787b33a-9ee7-43b5-b0bc-0191acee0cd4/anita/Documents/CCF_tools/src/template_generation_tools.py:41: UserWarning: No valid relationshp between 'lung arterial smooth muscle ; UBERON:0012416' and 'bronchial artery ; UBERON:0002040' (checked for: ['is_a', 'part_of']) 
  warnings.warn(invalid_relationship_report(r, ['is_a', 'part_of']))
/media/ekbair/7787b33a-9ee7-43b5-b0bc-0191acee0cd4/anita/Documents/CCF_tools/src/template_generation_tools.py:41: UserWarning: No valid relationshp between 'inferior thyroid vein ; UBERON:0007156' and 'trachea blood vessel ; UBERON:0003505' (checked for: ['is_a', 'part_of']) 
  warnings.warn(invalid_relationship_report(r, ['is_a', 'part_of']))
/media/ekbair/7787b33a-9ee7-43b5-b0bc-0191acee0cd4/anita/Documents/CCF_tools/src/template_generation_tools.py:41: UserWarning: No valid relationshp between 'bronchial vein ; UBERON:0001592' and 'trachea blood vessel ; UBERON:0003505' (checked for: ['is_a', 'part_of']) 
  warnings.warn(invalid_relationship_report(r, ['is_a', 'part_of']))
/media/ekbair/7787b33a-9ee7-43b5-b0bc-0191acee0cd4/anita/Documents/CCF_tools/src/template_generation_tools.py:41: UserWarning: No valid relationshp between 'respiratory system venous endothelium ; UBERON:0004849' and 'bronchial vein ; UBERON:0001592' (checked for: ['is_a', 'part_of']) 
  warnings.warn(invalid_relationship_report(r, ['is_a', 'part_of']))
/media/ekbair/7787b33a-9ee7-43b5-b0bc-0191acee0cd4/anita/Documents/CCF_tools/src/template_generation_tools.py:41: UserWarning: No valid relationshp between 'lung venous smooth muscle ; UBERON:0012418' and 'bronchial vein ; UBERON:0001592' (checked for: ['is_a', 'part_of']) 
  warnings.warn(invalid_relationship_report(r, ['is_a', 'part_of']))
/media/ekbair/7787b33a-9ee7-43b5-b0bc-0191acee0cd4/anita/Documents/CCF_tools/src/template_generation_tools.py:41: UserWarning: No valid relationshp between 'epithelium of lobar bronchus ; UBERON:0002339' and 'Right Main Bronchus ; UBERON:0002177' (checked for: ['is_a', 'part_of']) 
  warnings.warn(invalid_relationship_report(r, ['is_a', 'part_of']))
/media/ekbair/7787b33a-9ee7-43b5-b0bc-0191acee0cd4/anita/Documents/CCF_tools/src/template_generation_tools.py:41: UserWarning: No valid relationshp between 'cartilage of main bronchus ; UBERON:0001102' and 'Right Main Bronchus ; UBERON:0002177' (checked for: ['is_a', 'part_of']) 
  warnings.warn(invalid_relationship_report(r, ['is_a', 'part_of']))
/media/ekbair/7787b33a-9ee7-43b5-b0bc-0191acee0cd4/anita/Documents/CCF_tools/src/template_generation_tools.py:41: UserWarning: No valid relationshp between 'lobar bronchus vasculature ; UBERON:0004889' and 'Right Main Bronchus ; UBERON:0002177' (checked for: ['is_a', 'part_of']) 
  warnings.warn(invalid_relationship_report(r, ['is_a', 'part_of']))
/media/ekbair/7787b33a-9ee7-43b5-b0bc-0191acee0cd4/anita/Documents/CCF_tools/src/template_generation_tools.py:41: UserWarning: No valid relationshp between 'mucous gland of lung ; UBERON:0019190' and 'Right Main Bronchus ; UBERON:0002177' (checked for: ['is_a', 'part_of']) 
  warnings.warn(invalid_relationship_report(r, ['is_a', 'part_of']))
/media/ekbair/7787b33a-9ee7-43b5-b0bc-0191acee0cd4/anita/Documents/CCF_tools/src/template_generation_tools.py:41: UserWarning: No valid relationshp between 'Pulmonary artery endothelium ; UBERON:0005317' and 'right pulmonary artery ; UBERON:0001651' (checked for: ['is_a', 'part_of']) 
  warnings.warn(invalid_relationship_report(r, ['is_a', 'part_of']))
/media/ekbair/7787b33a-9ee7-43b5-b0bc-0191acee0cd4/anita/Documents/CCF_tools/src/template_generation_tools.py:41: UserWarning: No valid relationshp between 'epithelium of lobar bronchus ; UBERON:0002339' and 'Left Main Bronchus ; UBERON:0002178' (checked for: ['is_a', 'part_of']) 
  warnings.warn(invalid_relationship_report(r, ['is_a', 'part_of']))
/media/ekbair/7787b33a-9ee7-43b5-b0bc-0191acee0cd4/anita/Documents/CCF_tools/src/template_generation_tools.py:41: UserWarning: No valid relationshp between 'cartilage of main bronchus ; UBERON:0001102' and 'Left Main Bronchus ; UBERON:0002178' (checked for: ['is_a', 'part_of']) 
  warnings.warn(invalid_relationship_report(r, ['is_a', 'part_of']))
/media/ekbair/7787b33a-9ee7-43b5-b0bc-0191acee0cd4/anita/Documents/CCF_tools/src/template_generation_tools.py:41: UserWarning: No valid relationshp between 'lobar bronchus vasculature ; UBERON:0004889' and 'Left Main Bronchus ; UBERON:0002178' (checked for: ['is_a', 'part_of']) 
  warnings.warn(invalid_relationship_report(r, ['is_a', 'part_of']))
/media/ekbair/7787b33a-9ee7-43b5-b0bc-0191acee0cd4/anita/Documents/CCF_tools/src/template_generation_tools.py:41: UserWarning: No valid relationshp between 'bronchial artery ; UBERON:0002040' and 'lobar bronchus vasculature ; UBERON:0004889' (checked for: ['is_a', 'part_of']) 
  warnings.warn(invalid_relationship_report(r, ['is_a', 'part_of']))
/media/ekbair/7787b33a-9ee7-43b5-b0bc-0191acee0cd4/anita/Documents/CCF_tools/src/template_generation_tools.py:41: UserWarning: No valid relationshp between 'arterial system smooth muscle ; UBERON:0004695' and 'bronchial artery ; UBERON:0002040' (checked for: ['is_a', 'part_of']) 
  warnings.warn(invalid_relationship_report(r, ['is_a', 'part_of']))
/media/ekbair/7787b33a-9ee7-43b5-b0bc-0191acee0cd4/anita/Documents/CCF_tools/src/template_generation_tools.py:41: UserWarning: No valid relationshp between 'bronchial vein ; UBERON:0001592' and 'lobar bronchus vasculature ; UBERON:0004889' (checked for: ['is_a', 'part_of']) 
  warnings.warn(invalid_relationship_report(r, ['is_a', 'part_of']))
/media/ekbair/7787b33a-9ee7-43b5-b0bc-0191acee0cd4/anita/Documents/CCF_tools/src/template_generation_tools.py:41: UserWarning: No valid relationshp between 'venous system smooth muscle ; UBERON:0004696' and 'bronchial vein ; UBERON:0001592' (checked for: ['is_a', 'part_of']) 
  warnings.warn(invalid_relationship_report(r, ['is_a', 'part_of']))
/media/ekbair/7787b33a-9ee7-43b5-b0bc-0191acee0cd4/anita/Documents/CCF_tools/src/template_generation_tools.py:41: UserWarning: No valid relationshp between 'mucous gland of lung ; UBERON:0019190' and 'Left Main Bronchus ; UBERON:0002178' (checked for: ['is_a', 'part_of']) 
  warnings.warn(invalid_relationship_report(r, ['is_a', 'part_of']))
/media/ekbair/7787b33a-9ee7-43b5-b0bc-0191acee0cd4/anita/Documents/CCF_tools/src/template_generation_tools.py:41: UserWarning: No valid relationshp between 'Pulmonary artery endothelium ; UBERON:0005317' and 'left pulmonary artery ; UBERON:0001652' (checked for: ['is_a', 'part_of']) 
  warnings.warn(invalid_relationship_report(r, ['is_a', 'part_of']))
/media/ekbair/7787b33a-9ee7-43b5-b0bc-0191acee0cd4/anita/Documents/CCF_tools/src/template_generation_tools.py:41: UserWarning: No valid relationshp between 'epithelium of lobar bronchus ; UBERON:0002339' and 'Right Apical Segmental Bronchus ; UBERON:0002184' (checked for: ['is_a', 'part_of']) 
  warnings.warn(invalid_relationship_report(r, ['is_a', 'part_of']))
/media/ekbair/7787b33a-9ee7-43b5-b0bc-0191acee0cd4/anita/Documents/CCF_tools/src/template_generation_tools.py:41: UserWarning: No valid relationshp between 'lobar bronchus mesenchyme ; UBERON:0004884' and 'Right Apical Segmental Bronchus ; UBERON:0002184' (checked for: ['is_a', 'part_of']) 
  warnings.warn(invalid_relationship_report(r, ['is_a', 'part_of']))
/media/ekbair/7787b33a-9ee7-43b5-b0bc-0191acee0cd4/anita/Documents/CCF_tools/src/template_generation_tools.py:41: UserWarning: No valid relationshp between 'cartilage of main bronchus ; UBERON:0001102' and 'Right Apical Segmental Bronchus ; UBERON:0002184' (checked for: ['is_a', 'part_of']) 
  warnings.warn(invalid_relationship_report(r, ['is_a', 'part_of']))
/media/ekbair/7787b33a-9ee7-43b5-b0bc-0191acee0cd4/anita/Documents/CCF_tools/src/template_generation_tools.py:41: UserWarning: No valid relationshp between 'lobar bronchus vasculature ; UBERON:0004889' and 'Right Apical Segmental Bronchus ; UBERON:0002184' (checked for: ['is_a', 'part_of']) 
  warnings.warn(invalid_relationship_report(r, ['is_a', 'part_of']))
/media/ekbair/7787b33a-9ee7-43b5-b0bc-0191acee0cd4/anita/Documents/CCF_tools/src/template_generation_tools.py:41: UserWarning: No valid relationshp between 'mucous gland of lung ; UBERON:0019190' and 'Right Apical Segmental Bronchus ; UBERON:0002184' (checked for: ['is_a', 'part_of']) 
  warnings.warn(invalid_relationship_report(r, ['is_a', 'part_of']))
/media/ekbair/7787b33a-9ee7-43b5-b0bc-0191acee0cd4/anita/Documents/CCF_tools/src/template_generation_tools.py:41: UserWarning: No valid relationshp between 'bronchoalveolar duct junction ; UBERON:0004903' and 'terminal bronchiole ; UBERON:0002187' (checked for: ['is_a', 'part_of']) 
  warnings.warn(invalid_relationship_report(r, ['is_a', 'part_of']))
/media/ekbair/7787b33a-9ee7-43b5-b0bc-0191acee0cd4/anita/Documents/CCF_tools/src/template_generation_tools.py:41: UserWarning: No valid relationshp between 'pulmonary alveolar duct ; UBERON:0002173' and 'Pulmonary Acinus ; UBERON:0008874' (checked for: ['is_a', 'part_of']) 
  warnings.warn(invalid_relationship_report(r, ['is_a', 'part_of']))
/media/ekbair/7787b33a-9ee7-43b5-b0bc-0191acee0cd4/anita/Documents/CCF_tools/src/template_generation_tools.py:41: UserWarning: No valid relationshp between 'pulmonary capilllary ; UBERON:0016405' and 'pulmonary alveolar parenchyma ; UBERON:0008870' (checked for: ['is_a', 'part_of']) 
  warnings.warn(invalid_relationship_report(r, ['is_a', 'part_of']))
/media/ekbair/7787b33a-9ee7-43b5-b0bc-0191acee0cd4/anita/Documents/CCF_tools/src/template_generation_tools.py:41: UserWarning: No valid relationshp between 'respiratory system lymphatic vessel endothelium ; UBERON:0003529' and 'pulmonary lymphatic vessel ; UBERON:0018227' (checked for: ['is_a', 'part_of']) 
  warnings.warn(invalid_relationship_report(r, ['is_a', 'part_of']))
/media/ekbair/7787b33a-9ee7-43b5-b0bc-0191acee0cd4/anita/Documents/CCF_tools/src/template_generation_tools.py:41: UserWarning: No valid relationshp between 'respiratory system lymphatic vessel smooth muscle ; UBERON:0004296' and 'pulmonary lymphatic vessel ; UBERON:0018227' (checked for: ['is_a', 'part_of']) 
  warnings.warn(invalid_relationship_report(r, ['is_a', 'part_of']))
