WARNING - No valid ID provided for '', label: vasculature of Fallopian tube isthmus, user_label: 
WARNING - No valid ID provided for '', label: Endothelial cell, user_label: 
WARNING - No valid ID provided for 'INNERMOST', label: Inner muscle layer of Fallopian tube isthmus, user_label: 
WARNING - No valid ID provided for 'MIDDLE', label: Middle muscle layer of Fallopian tube isthmus, user_label: 
WARNING - No valid ID provided for 'OUTERMOST', label: Outer muscle layer of Fallopian tube isthmus, user_label: 
WARNING - No valid ID provided for '', label: lamina propria of Fallopian tube isthmus, user_label: 
WARNING - No valid ID provided for '', label: Fibroblast, user_label: 
WARNING - No valid ID provided for '', label: lamina propria of Fallopian tube isthmus, user_label: 
WARNING - No valid ID provided for '', label: fibroblast-mesenchymal cell, user_label: 
WARNING - No valid ID provided for '', label: lamina propria of Fallopian tube isthmus, user_label: 
WARNING - No valid ID provided for '', label: macrophage, user_label: 
WARNING - No valid ID provided for '', label: lamina propria of Fallopian tube isthmus, user_label: 
WARNING - No valid ID provided for '', label: CD8+ T-cells, user_label: 
WARNING - No valid ID provided for '', label: lamina propria of Fallopian tube isthmus, user_label: 
WARNING - No valid ID provided for '', label: Natural killer cell, user_label: 
WARNING - No valid ID provided for '', label: lamina propria of Fallopian tube isthmus, user_label: 
WARNING - No valid ID provided for '', label: CD4+ T-cell, user_label: 
WARNING - No valid ID provided for '', label: lamina propria of Fallopian tube isthmus, user_label: 
WARNING - No valid ID provided for '', label: Langerhans cell, user_label: 
WARNING - No valid ID provided for '', label: lamina propria of Fallopian tube isthmus, user_label: 
WARNING - No valid ID provided for '', label: monocyte, user_label: 
WARNING - No valid ID provided for '', label: lamina propria of Fallopian tube isthmus, user_label: 
WARNING - No valid ID provided for '', label: dendritic cell, user_label: 
WARNING - No valid ID provided for '', label: lamina propria of Fallopian tube isthmus, user_label: 
WARNING - No valid ID provided for '', label: mast cell, user_label: 
WARNING - No valid ID provided for '', label: lamina propria of Fallopian tube isthmus, user_label: 
WARNING - No valid ID provided for '', label: B cell, user_label: 
WARNING - No valid ID provided for '', label: lamina propria of Fallopian tube isthmus, user_label: 
WARNING - No valid ID provided for '', label: plasma cell, user_label: 
WARNING - No valid ID provided for '', label: lamina propria of Fallopian tube isthmus, user_label: 
WARNING - No valid ID provided for '', label: neutrophils, user_label: 
WARNING - No valid ID provided for '', label: basement membrane of Fallopian tube isthmus, user_label: 
WARNING - No valid ID provided for '', label: ciliated epithelial cell, user_label: 
WARNING - No valid ID provided for '', label: secretory epithelial cell, user_label: 
WARNING - No valid ID provided for '', label: intercalary of Fallopian tube isthmus, user_label: 
WARNING - No valid ID provided for '', label: plica of Fallopian tube isthmus, user_label: 
WARNING - No valid ID provided for '', label: fluid of Fallopian tube isthmus, user_label: 
WARNING - No valid ID provided for '', label: nerve of Fallopian tube isthmus, user_label: 
WARNING - No valid ID provided for '', label: vasculature of Fallopian tube ampulla, user_label: 
WARNING - No valid ID provided for '', label: Endothelial cell, user_label: 
WARNING - No valid ID provided for '', label: Inner muscle layer of Fallopian tube ampulla, user_label: 
WARNING - No valid ID provided for '', label: Middle muscle layer of Fallopian tube ampulla, user_label: 
WARNING - No valid ID provided for '', label: Outer muscle layer of Fallopian tube ampulla, user_label: 
WARNING - No valid ID provided for '', label: lamina propria Fallopian tube ampulla, user_label: 
WARNING - No valid ID provided for '', label: Fibroblast, user_label: 
WARNING - No valid ID provided for '', label: lamina propria Fallopian tube ampulla, user_label: 
WARNING - No valid ID provided for '', label: fibroblast-mesenchymal cell, user_label: 
WARNING - No valid ID provided for '', label: lamina propria Fallopian tube ampulla, user_label: 
WARNING - No valid ID provided for '', label: macrophage, user_label: 
WARNING - No valid ID provided for '', label: lamina propria Fallopian tube ampulla, user_label: 
WARNING - No valid ID provided for '', label: CD8+ T-cells, user_label: 
WARNING - No valid ID provided for '', label: lamina propria Fallopian tube ampulla, user_label: 
WARNING - No valid ID provided for '', label: Natural killer cell, user_label: 
WARNING - No valid ID provided for '', label: lamina propria Fallopian tube ampulla, user_label: 
WARNING - No valid ID provided for '', label: CD4+ T-cell, user_label: 
WARNING - No valid ID provided for '', label: lamina propria Fallopian tube ampulla, user_label: 
WARNING - No valid ID provided for '', label: Langerhans cell, user_label: 
WARNING - No valid ID provided for '', label: lamina propria Fallopian tube ampulla, user_label: 
WARNING - No valid ID provided for '', label: monocyte, user_label: 
WARNING - No valid ID provided for '', label: lamina propria Fallopian tube ampulla, user_label: 
WARNING - No valid ID provided for '', label: dendritic cell, user_label: 
WARNING - No valid ID provided for '', label: lamina propria Fallopian tube ampulla, user_label: 
WARNING - No valid ID provided for '', label: mast cell, user_label: 
WARNING - No valid ID provided for '', label: lamina propria Fallopian tube ampulla, user_label: 
WARNING - No valid ID provided for '', label: B cell, user_label: 
WARNING - No valid ID provided for '', label: lamina propria Fallopian tube ampulla, user_label: 
WARNING - No valid ID provided for '', label: plasma cell, user_label: 
WARNING - No valid ID provided for '', label: lamina propria Fallopian tube ampulla, user_label: 
WARNING - No valid ID provided for '', label: neutrophils, user_label: 
WARNING - No valid ID provided for '', label: basement membrane of Fallopian tube ampulla, user_label: 
WARNING - No valid ID provided for '', label: ciliated epithelial cell, user_label: 
WARNING - No valid ID provided for '', label: secretory epithelial cell, user_label: 
WARNING - No valid ID provided for '', label: intercalary of Fallopian tube ampulla, user_label: 
WARNING - No valid ID provided for '', label: plica of Fallopian tube ampulla, user_label: 
WARNING - No valid ID provided for '', label: fluid of Fallopian tube ampulla, user_label: 
WARNING - No valid ID provided for '', label: nerve of Fallopian tube ampulla, user_label: 
WARNING - No valid ID provided for '', label: vasculature of Fallopian tube infundibulum, user_label: 
WARNING - No valid ID provided for '', label: Endothelial cell, user_label: 
WARNING - No valid ID provided for '', label: Inner muscle layer of Fallopian tube infundibulum, user_label: 
WARNING - No valid ID provided for '', label: Middle muscle layer of Fallopian tube infundibulum, user_label: 
WARNING - No valid ID provided for '', label: Outer muscle layer of Fallopian tube infundibulum, user_label: 
WARNING - No valid ID provided for '', label: lamina propria of Fallopian tube infundibulum, user_label: 
WARNING - No valid ID provided for '', label: Fibroblast, user_label: 
WARNING - No valid ID provided for '', label: lamina propria of Fallopian tube infundibulum, user_label: 
WARNING - No valid ID provided for '', label: fibroblast-mesenchymal cell, user_label: 
WARNING - No valid ID provided for '', label: lamina propria of Fallopian tube infundibulum, user_label: 
WARNING - No valid ID provided for '', label: macrophage, user_label: 
WARNING - No valid ID provided for '', label: lamina propria of Fallopian tube infundibulum, user_label: 
WARNING - No valid ID provided for '', label: CD8+ T-cells, user_label: 
WARNING - No valid ID provided for '', label: lamina propria of Fallopian tube infundibulum, user_label: 
WARNING - No valid ID provided for '', label: Natural killer cell, user_label: 
WARNING - No valid ID provided for '', label: lamina propria of Fallopian tube infundibulum, user_label: 
WARNING - No valid ID provided for '', label: CD4+ T-cell, user_label: 
WARNING - No valid ID provided for '', label: lamina propria of Fallopian tube infundibulum, user_label: 
WARNING - No valid ID provided for '', label: Langerhans cell, user_label: 
WARNING - No valid ID provided for '', label: lamina propria of Fallopian tube infundibulum, user_label: 
WARNING - No valid ID provided for '', label: monocyte, user_label: 
WARNING - No valid ID provided for '', label: lamina propria of Fallopian tube infundibulum, user_label: 
WARNING - No valid ID provided for '', label: dendritic cell, user_label: 
WARNING - No valid ID provided for '', label: lamina propria of Fallopian tube infundibulum, user_label: 
WARNING - No valid ID provided for '', label: mast cell, user_label: 
WARNING - No valid ID provided for '', label: lamina propria of Fallopian tube infundibulum, user_label: 
WARNING - No valid ID provided for '', label: B cell, user_label: 
WARNING - No valid ID provided for '', label: lamina propria of Fallopian tube infundibulum, user_label: 
WARNING - No valid ID provided for '', label: plasma cell, user_label: 
WARNING - No valid ID provided for '', label: lamina propria of Fallopian tube infundibulum, user_label: 
WARNING - No valid ID provided for '', label: neutrophil, user_label: 
WARNING - No valid ID provided for '', label: basement membrane of Fallopian tube infundibulum, user_label: 
WARNING - No valid ID provided for '', label: ciliated epithelial cell, user_label: 
WARNING - No valid ID provided for '', label: secretory epithelial cell, user_label: 
WARNING - No valid ID provided for '', label: intercalary of Fallopian tube infundibulum, user_label: 
WARNING - No valid ID provided for '', label: plica of Fallopian tube infundibulum, user_label: 
WARNING - No valid ID provided for '', label: fluid of Fallopian tube infundibulum, user_label: 
WARNING - No valid ID provided for '', label: nerve of Fallopian tube infundibulum, user_label: 
WARNING - No valid ID provided for '', label: vasculature of Fallopian tube fimbria, user_label: 
WARNING - No valid ID provided for '', label: Endothelial cell, user_label: 
WARNING - No valid ID provided for '', label: Inner muscle layer of Fallopian tube fimbria, user_label: 
WARNING - No valid ID provided for '', label: Middle muscle layer of Fallopian tube fimbria, user_label: 
WARNING - No valid ID provided for '', label: Outer muscle layer of Fallopian tube fimbria, user_label: 
WARNING - No valid ID provided for '', label: lamina propria of Fallopian tube fimbrae, user_label: 
WARNING - No valid ID provided for '', label: Fibroblast, user_label: 
WARNING - No valid ID provided for '', label: lamina propria of Fallopian tube fimbrae, user_label: 
WARNING - No valid ID provided for '', label: fibroblast-mesenchymal cell, user_label: 
WARNING - No valid ID provided for '', label: lamina propria of Fallopian tube fimbrae, user_label: 
WARNING - No valid ID provided for '', label: macrophage, user_label: 
WARNING - No valid ID provided for '', label: lamina propria of Fallopian tube fimbrae, user_label: 
WARNING - No valid ID provided for '', label: CD8+ T-cells, user_label: 
WARNING - No valid ID provided for '', label: lamina propria of Fallopian tube fimbrae, user_label: 
WARNING - No valid ID provided for '', label: Natural killer cell, user_label: 
WARNING - No valid ID provided for '', label: lamina propria of Fallopian tube fimbrae, user_label: 
WARNING - No valid ID provided for '', label: CD4+ T-cell, user_label: 
WARNING - No valid ID provided for '', label: lamina propria of Fallopian tube fimbrae, user_label: 
WARNING - No valid ID provided for '', label: Langerhans cell, user_label: 
WARNING - No valid ID provided for '', label: lamina propria of Fallopian tube fimbrae, user_label: 
WARNING - No valid ID provided for '', label: monocyte, user_label: 
WARNING - No valid ID provided for '', label: lamina propria of Fallopian tube fimbrae, user_label: 
WARNING - No valid ID provided for '', label: dendritic cell, user_label: 
WARNING - No valid ID provided for '', label: lamina propria of Fallopian tube fimbrae, user_label: 
WARNING - No valid ID provided for '', label: mast cell, user_label: 
WARNING - No valid ID provided for '', label: lamina propria of Fallopian tube fimbrae, user_label: 
WARNING - No valid ID provided for '', label: B cell, user_label: 
WARNING - No valid ID provided for '', label: lamina propria of Fallopian tube fimbrae, user_label: 
WARNING - No valid ID provided for '', label: plasma cell, user_label: 
WARNING - No valid ID provided for '', label: lamina propria of Fallopian tube fimbrae, user_label: 
WARNING - No valid ID provided for '', label: neutrophil, user_label: 
WARNING - No valid ID provided for '', label: basement membrane of Fallopian tube fimbria, user_label: 
WARNING - No valid ID provided for '', label: ciliated epithelial cell, user_label: 
WARNING - No valid ID provided for '', label: secretory epithelial cell, user_label: 
WARNING - No valid ID provided for '', label: intercalary of Fallopian tube fimbria, user_label: 
WARNING - No valid ID provided for '', label: plica of Fallopian tube fimbria, user_label: 
WARNING - No valid ID provided for '', label: fluid of Fallopian tube fimbria, user_label: 
WARNING - No valid ID provided for '', label: nerve of Fallopian tube fimbria, user_label: 
WARNING - No valid ID provided for '', label: mesothelium of mesosalpinx, user_label: 
WARNING - No valid ID provided for '', label: epithelial cell, user_label: 
WARNING - No valid ID provided for '', label: serous membrane lining of mesosalpinx, user_label: 
