WARNING - Unrecognised cell content ''
WARNING - Unrecognised cell content 'Added new term'
WARNING - Unrecognised cell content ''
WARNING - Unrecognised cell content 'Added new term'
WARNING - Unrecognised cell content ''
WARNING - Unrecognised cell content 'Added new term'
WARNING - Unrecognised cell content ''
WARNING - Unrecognised cell content 'Added new term'
WARNING - Unrecognised cell content ''
WARNING - Unrecognised cell content 'Added new term'
WARNING - Unrecognised cell content ''
WARNING - Unrecognised cell content 'Added new term'
WARNING - Unrecognised cell content ''
WARNING - Unrecognised cell content 'Added new term'
WARNING - Unrecognised cell content ''
WARNING - Unrecognised cell content 'Added new term'
WARNING - Unrecognised cell content ''
WARNING - Unrecognised cell content 'Added new term'
WARNING - Unrecognised cell content ''
WARNING - Unrecognised cell content 'Added new term'
WARNING - Unrecognised cell content ''
WARNING - Unrecognised cell content 'Added new term'
WARNING - Unrecognised cell content ''
WARNING - Unrecognised cell content 'Added new term'
WARNING - Unrecognised cell content ''
WARNING - Unrecognised cell content 'Added new term'
WARNING - Unrecognised cell content ''
WARNING - Unrecognised cell content 'Added new term'
WARNING - Unrecognised cell content ''
WARNING - Unrecognised cell content 'Added new term'
WARNING - Unrecognised cell content ''
WARNING - Unrecognised cell content 'Added new term'
WARNING - Unrecognised cell content ''
WARNING - Unrecognised cell content 'Added new term'
WARNING - Unrecognised cell content ''
WARNING - Unrecognised cell content 'Added new term'
WARNING - Unrecognised cell content ''
WARNING - Unrecognised cell content 'Added new term'
WARNING - Unrecognised cell content ''
WARNING - Unrecognised cell content 'Added new term'
WARNING - Unrecognised cell content ''
WARNING - Unrecognised cell content 'Added new term'
WARNING - Unrecognised cell content ''
WARNING - Unrecognised cell content 'Added new term'
WARNING - Unrecognised cell content ''
WARNING - Unrecognised cell content 'Added new term'
WARNING - Unrecognised cell content ''
WARNING - Unrecognised cell content 'Added new term'
WARNING - Unrecognised cell content ''
WARNING - Unrecognised cell content 'Added new term'
WARNING - Unrecognised cell content ''
WARNING - Unrecognised cell content 'Added new term'
WARNING - Unrecognised cell content ''
WARNING - Unrecognised cell content 'Added new term'
WARNING - Unrecognised cell content ''
WARNING - Unrecognised cell content 'Added new term'
WARNING - Unrecognised cell content ''
WARNING - Unrecognised cell content 'Added new term'
WARNING - Unrecognised cell content ''
WARNING - Unrecognised cell content 'Added new term'
WARNING - Unrecognised cell content ''
WARNING - Unrecognised cell content 'Added new term'
WARNING - Unrecognised cell content ''
WARNING - Unrecognised cell content 'Added new term'
WARNING - Unrecognised cell content ''
WARNING - Unrecognised cell content 'Added new term'
WARNING - Unrecognised cell content ''
WARNING - Unrecognised cell content 'Added new term'
WARNING - Unrecognised cell content ''
WARNING - Unrecognised cell content 'Added new term'
WARNING - Unrecognised cell content ''
WARNING - Unrecognised cell content 'Added new term'
WARNING - Unrecognised cell content ''
WARNING - Unrecognised cell content 'Added new term'
WARNING - Unrecognised cell content ''
WARNING - Unrecognised cell content 'Added new term'
WARNING - Unrecognised cell content ''
WARNING - Unrecognised cell content 'Added new term'
WARNING - Unrecognised cell content ''
WARNING - Unrecognised cell content 'Added new term'
WARNING - Unrecognised cell content ''
WARNING - Unrecognised cell content 'Added new term'
WARNING - Unrecognised cell content ''
WARNING - Unrecognised cell content 'Added new term'
WARNING - Unrecognised cell content ''
WARNING - Unrecognised cell content 'Added new term'
WARNING - Unrecognised cell content ''
WARNING - Unrecognised cell content 'Added new term'
WARNING - Unrecognised cell content ''
WARNING - Unrecognised cell content 'Added new term'
WARNING - Unrecognised cell content ''
WARNING - Unrecognised cell content 'Added new term'
WARNING - Unrecognised cell content ''
WARNING - Unrecognised cell content 'Added new term'
WARNING - Unrecognised cell content ''
WARNING - Unrecognised cell content 'Added new term'
WARNING - Unrecognised cell content ''
WARNING - Unrecognised cell content 'Added new term'
WARNING - Unrecognised cell content ''
WARNING - Unrecognised cell content 'Added new term'
WARNING - Unrecognised cell content ''
WARNING - Unrecognised cell content 'Added new term'
WARNING - Unrecognised cell content ''
WARNING - Unrecognised cell content 'Added new term'
WARNING - Unrecognised cell content ''
WARNING - Unrecognised cell content 'Added new term'
WARNING - Unrecognised cell content ''
WARNING - Unrecognised cell content 'Added new term'
WARNING - Unrecognised cell content ''
WARNING - Unrecognised cell content 'Added new term'
WARNING - Unrecognised cell content ''
WARNING - Unrecognised cell content 'Added new term'
WARNING - Unrecognised cell content ''
WARNING - Unrecognised cell content 'Added new term'
WARNING - Unrecognised cell content ''
WARNING - Unrecognised cell content 'Added new term'
WARNING - Unrecognised cell content ''
WARNING - Unrecognised cell content 'Added new term'
WARNING - Unrecognised cell content ''
WARNING - Unrecognised cell content 'Added new term'
WARNING - Unrecognised cell content ''
WARNING - Unrecognised cell content 'Added new term'
WARNING - Unrecognised cell content ''
WARNING - Unrecognised cell content 'Added new term'
WARNING - Unrecognised cell content ''
WARNING - Unrecognised cell content 'Added new term'
WARNING - Unrecognised cell content ''
WARNING - Unrecognised cell content 'Added new term'
WARNING - Unrecognised cell content ''
WARNING - Unrecognised cell content 'Added new term'
WARNING - Unrecognised cell content ''
WARNING - Unrecognised cell content 'Added new term'
WARNING - Unrecognised cell content ''
WARNING - Unrecognised cell content 'Added new term'
WARNING - Unrecognised cell content ''
WARNING - Unrecognised cell content 'Added new term'
WARNING - Unrecognised cell content ''
WARNING - Unrecognised cell content 'Added new term'
WARNING - Unrecognised cell content ''
WARNING - Unrecognised cell content 'Added new term'
WARNING - Unrecognised cell content ''
WARNING - Unrecognised cell content 'Added new term'
WARNING - Unrecognised cell content ''
WARNING - Unrecognised cell content 'Added new term'
WARNING - Unrecognised cell content ''
WARNING - Unrecognised cell content 'Added new term'
WARNING - Unrecognised cell content ''
WARNING - Unrecognised cell content 'Added new term'
WARNING - Unrecognised cell content ''
WARNING - Unrecognised cell content 'Added new term'
WARNING - Unrecognised cell content ''
WARNING - Unrecognised cell content 'Added new term'
WARNING - Unrecognised cell content ''
WARNING - Unrecognised cell content 'Added new term'
WARNING - Unrecognised cell content ''
WARNING - Unrecognised cell content 'Added new term'
WARNING - Unrecognised cell content ''
WARNING - Unrecognised cell content 'Added new term'
WARNING - Unrecognised cell content ''
WARNING - Unrecognised cell content 'Added new term'
WARNING - Unrecognised cell content ''
WARNING - Unrecognised cell content 'Added new term'
WARNING - Unrecognised cell content ''
WARNING - Unrecognised cell content 'Added new term'
WARNING - Unrecognised cell content ''
WARNING - Unrecognised cell content 'Added new term'
WARNING - Unrecognised cell content ''
WARNING - Unrecognised cell content 'Added new term'
WARNING - Unrecognised cell content ''
WARNING - Unrecognised cell content 'Added new term'
WARNING - Unrecognised cell content ''
WARNING - Unrecognised cell content 'Added new term'
WARNING - Unrecognised cell content ''
WARNING - Unrecognised cell content 'Added new term'
WARNING - Unrecognised cell content ''
WARNING - Unrecognised cell content 'Added new term'
WARNING - Unrecognised cell content ''
WARNING - Unrecognised cell content 'Added new term'
WARNING - Unrecognised cell content ''
WARNING - Unrecognised cell content 'Added new term'
WARNING - Unrecognised cell content ''
WARNING - Unrecognised cell content 'Added new term'
WARNING - Unrecognised cell content ''
WARNING - Unrecognised cell content 'Added new term'
WARNING - Unrecognised cell content ''
WARNING - Unrecognised cell content 'Added new term'
WARNING - Unrecognised cell content ''
WARNING - Unrecognised cell content 'Added new term'
WARNING - Unrecognised cell content ''
WARNING - Unrecognised cell content 'Added new term'
WARNING - Unrecognised cell content ''
WARNING - Unrecognised cell content 'Added new term'
WARNING - Unrecognised cell content ''
WARNING - Unrecognised cell content 'Added new term'
WARNING - Unrecognised cell content ''
WARNING - Unrecognised cell content 'Added new term'
WARNING - Unrecognised cell content ''
WARNING - Unrecognised cell content 'Added new term'
WARNING - Unrecognised cell content ''
WARNING - Unrecognised cell content 'Added new term'
WARNING - Unrecognised cell content ''
WARNING - Unrecognised cell content 'Added new term'
WARNING - Unrecognised cell content ''
WARNING - Unrecognised cell content 'Added new term'
WARNING - Unrecognised cell content ''
WARNING - Unrecognised cell content 'Added new term'
WARNING - Unrecognised cell content ''
WARNING - Unrecognised cell content 'Added new term'
WARNING - Unrecognised cell content ''
WARNING - Unrecognised cell content 'Added new term'
WARNING - Unrecognised cell content ''
WARNING - Unrecognised cell content 'Added new term'
WARNING - Unrecognised cell content ''
WARNING - Unrecognised cell content 'Added new term'
WARNING - Unrecognised cell content ''
WARNING - Unrecognised cell content 'Added new term'
WARNING - Unrecognised cell content ''
WARNING - Different labels found for UBERON:0009967. Uberongraph: spleen venous sinus ; ASCT+b table: splenic sinusoid
WARNING - Different labels found for UBERON:0012373. Uberongraph: sympathetic nerve plexus ; ASCT+b table: Sympathetic nerve plexus
WARNING - Different labels found for UBERON:0010399. Uberongraph: spleen trabecular artery ; ASCT+b table: Spleen Trabecular Artery
WARNING - Different labels found for UBERON:0013132. Uberongraph: penicillar arteriole ; ASCT+b table: Penicillar Arteriole
WARNING - Different labels found for UBERON:0010400. Uberongraph: spleen trabecular vein ; ASCT+b table: Spleen Trabecular Vein
